=========================================================================

  JBoss Bootstrap Environment

  JBOSS_HOME: /home/kpeeples/gitrepository/jbossdemocentral/dv-gettingstarted/target/dv/jboss-eap-6.3

  JAVA: java

  JAVA_OPTS:  -server -XX:+UseCompressedOops -verbose:gc -Xloggc:"/home/kpeeples/gitrepository/jbossdemocentral/dv-gettingstarted/target/dv/jboss-eap-6.3/standalone/log/gc.log" -XX:+PrintGCDetails -XX:+PrintGCDateStamps -XX:+UseGCLogFileRotation -XX:NumberOfGCLogFiles=5 -XX:GCLogFileSize=3M -XX:-TraceClassUnloading -Xms1302m -Xmx1302m -XX:MaxPermSize=256m -Djava.net.preferIPv4Stack=true -Djboss.modules.system.pkgs=org.jboss.byteman -Djava.awt.headless=true -Djboss.modules.policy-permissions=true

=========================================================================

OpenJDK 64-Bit Server VM warning: ignoring option MaxPermSize=256m; support was removed in 8.0
[0m22:05:48,579 INFO  [org.jboss.modules] (main) JBoss Modules version 1.3.5.Final-redhat-1
[0m[0m22:05:49,194 INFO  [org.jboss.msc] (main) JBoss MSC version 1.1.5.Final-redhat-1
[0m[0m22:05:49,376 INFO  [org.jboss.as] (MSC service thread 1-2) JBAS015899: JBoss Red Hat JBoss Data Virtualization 6.1.0 (AS 7.4.3.Final-redhat-2) starting
[0m[33m22:05:53,219 WARN  [org.jboss.as.server.deployment.scanner] (DeploymentScanner-threads - 1) JBAS015002: Deployment of 'teiid-dashboard-builder.war' requested, but the deployment is not present
[0m[0m22:05:53,224 INFO  [org.jboss.as.server.deployment.scanner] (DeploymentScanner-threads - 1) JBAS015003: Found integration-platform-console.war in deployment directory. To trigger deployment create a file called integration-platform-console.war.dodeploy
[0m[0m22:05:53,312 INFO  [org.jboss.as.repository] (ServerService Thread Pool -- 26) JBAS014900: Content added at location /home/kpeeples/gitrepository/jbossdemocentral/dv-gettingstarted/target/dv/jboss-eap-6.3/standalone/data/content/ac/4b05a11f665a175fd9603f5047a16a088f1297/content
[0m[0m22:05:53,352 INFO  [org.jboss.as.repository] (ServerService Thread Pool -- 25) JBAS014900: Content added at location /home/kpeeples/gitrepository/jbossdemocentral/dv-gettingstarted/target/dv/jboss-eap-6.3/standalone/data/content/17/7ec9191a863b21cb6bbe1c5484b600c5c511f3/content
[0m[0m22:05:53,446 INFO  [org.jboss.as.repository] (ServerService Thread Pool -- 25) JBAS014900: Content added at location /home/kpeeples/gitrepository/jbossdemocentral/dv-gettingstarted/target/dv/jboss-eap-6.3/standalone/data/content/6f/8858956e10ada5a6fde4a22e767478a4632737/content
[0m[0m22:05:54,239 INFO  [org.jboss.as.repository] (ServerService Thread Pool -- 25) JBAS014900: Content added at location /home/kpeeples/gitrepository/jbossdemocentral/dv-gettingstarted/target/dv/jboss-eap-6.3/standalone/data/content/9b/be23c4d1d2c8e547ac9065dab04b4b1826bc25/content
[0m[0m22:05:54,525 INFO  [org.jboss.security] (Controller Boot Thread) PBOX000361: Default Security Vault Implementation Initialized and Ready
[0m[0m22:05:54,558 INFO  [org.xnio] (MSC service thread 1-1) XNIO Version 3.0.11.GA-redhat-2
[0m[0m22:05:54,596 INFO  [org.xnio.nio] (MSC service thread 1-1) XNIO NIO Implementation Version 3.0.11.GA-redhat-2
[0m[0m22:05:54,598 INFO  [org.jboss.as.server] (Controller Boot Thread) JBAS015888: Creating http management service using socket-binding (management-http)
[0m[0m22:05:54,679 INFO  [org.jboss.remoting] (MSC service thread 1-1) JBoss Remoting version 3.3.4.Final-redhat-1
[0m[0m22:05:54,869 INFO  [org.jboss.as.clustering.infinispan] (ServerService Thread Pool -- 31) JBAS010280: Activating Infinispan subsystem.
[0m[0m22:05:55,002 INFO  [org.jboss.as.webservices] (ServerService Thread Pool -- 48) JBAS015537: Activating WebServices Extension
[0m[0m22:05:54,971 INFO  [org.jboss.as.naming] (ServerService Thread Pool -- 39) JBAS011800: Activating Naming Subsystem
[0m[0m22:05:54,993 INFO  [org.jboss.as.jsf] (ServerService Thread Pool -- 37) JBAS012605: Activated the following JSF Implementations: [main, 1.2]
[0m[0m22:05:54,978 INFO  [org.jboss.as.security] (ServerService Thread Pool -- 44) JBAS013171: Activating Security Subsystem
[0m[33m22:05:54,977 WARN  [org.jboss.as.txn] (ServerService Thread Pool -- 46) JBAS010153: Node identifier property is set to the default value. Please make sure it is unique.
[0m[0m22:05:55,326 INFO  [org.jboss.as.security] (MSC service thread 1-1) JBAS013170: Current PicketBox version=4.0.19.SP10-redhat-1
[0m[0m22:05:55,552 INFO  [org.jboss.as.connector.logging] (MSC service thread 1-2) JBAS010408: Starting JCA Subsystem (IronJacamar 1.0.28.Final-redhat-1)
[0m[0m22:05:55,632 INFO  [org.modeshape.common.logging.LogFactory] (ServerService Thread Pool -- 50) SLF4J implementation located in the classpath. It will be used by ModeShape for logging.
[0m[0m22:05:56,059 INFO  [org.jboss.as.naming] (MSC service thread 1-1) JBAS011802: Starting Naming Service
[0m[0m22:05:56,122 INFO  [org.jboss.as.mail.extension] (MSC service thread 1-1) JBAS015400: Bound mail session [java:jboss/mail/Default]
[0m[0m22:05:56,500 INFO  [org.jboss.as.connector.subsystems.datasources] (ServerService Thread Pool -- 27) JBAS010403: Deploying JDBC-compliant driver class org.h2.Driver (version 1.3)
[0m[0m22:05:56,642 INFO  [org.jboss.as.connector.subsystems.datasources] (ServerService Thread Pool -- 27) JBAS010404: Deploying non-JDBC-compliant driver class org.teiid.jdbc.TeiidDriver (version 8.7)
[0m[0m22:05:56,648 INFO  [org.jboss.as.connector.subsystems.datasources] (ServerService Thread Pool -- 27) JBAS010404: Deploying non-JDBC-compliant driver class org.teiid.jdbc.TeiidDriver (version 8.7)
[0m[0m22:05:56,843 INFO  [org.jboss.as.connector.subsystems.datasources] (ServerService Thread Pool -- 27) JBAS010404: Deploying non-JDBC-compliant driver class org.modeshape.jdbc.LocalJcrDriver (version 3.8)
[0m[0m22:05:57,328 INFO  [org.apache.coyote.http11.Http11Protocol] (MSC service thread 1-2) JBWEB003001: Coyote HTTP/1.1 initializing on : http-/0.0.0.0:8080
[0m[0m22:05:57,411 INFO  [org.apache.coyote.http11.Http11Protocol] (MSC service thread 1-2) JBWEB003000: Coyote HTTP/1.1 starting on: http-/0.0.0.0:8080
[0m[0m22:05:58,050 INFO  [org.jboss.ws.common.management] (MSC service thread 1-1) JBWS022052: Starting JBoss Web Services - Stack CXF Server 4.3.4.Final-redhat-1
[0m[0m22:05:58,787 INFO  [org.jboss.as.connector.deployers.RADeployer] (MSC service thread 1-2) IJ020001: Required license terms for file:/home/kpeeples/gitrepository/jbossdemocentral/dv-gettingstarted/target/dv/jboss-eap-6.3/modules/system/layers/dv/org/jboss/teiid/resource-adapter/webservice/main/./
[0m[0m22:05:58,782 INFO  [org.jboss.as.connector.deployers.RADeployer] (MSC service thread 1-1) IJ020001: Required license terms for file:/home/kpeeples/gitrepository/jbossdemocentral/dv-gettingstarted/target/dv/jboss-eap-6.3/modules/system/layers/dv/org/jboss/teiid/resource-adapter/file/main/./
[0m[0m22:05:58,899 INFO  [org.jboss.as.connector.deployers.RADeployer] (MSC service thread 1-1) IJ020001: Required license terms for file:/home/kpeeples/gitrepository/jbossdemocentral/dv-gettingstarted/target/dv/jboss-eap-6.3/modules/system/layers/dv/org/jboss/teiid/resource-adapter/ldap/main/./
[0m[0m22:05:58,900 INFO  [org.jboss.as.connector.deployers.RADeployer] (MSC service thread 1-2) IJ020001: Required license terms for file:/home/kpeeples/gitrepository/jbossdemocentral/dv-gettingstarted/target/dv/jboss-eap-6.3/modules/system/layers/dv/org/jboss/teiid/resource-adapter/salesforce/main/./
[0m[0m22:05:58,929 INFO  [org.jboss.as.connector.deployers.RADeployer] (MSC service thread 1-1) IJ020001: Required license terms for file:/home/kpeeples/gitrepository/jbossdemocentral/dv-gettingstarted/target/dv/jboss-eap-6.3/modules/system/layers/dv/org/jboss/teiid/resource-adapter/file/main/./
[0m[0m22:05:58,934 INFO  [org.jboss.as.connector.deployers.RADeployer] (MSC service thread 1-1) IJ020001: Required license terms for file:/home/kpeeples/gitrepository/jbossdemocentral/dv-gettingstarted/target/dv/jboss-eap-6.3/modules/system/layers/dv/org/jboss/teiid/resource-adapter/file/main/./
[0m[0m22:05:58,935 INFO  [org.jboss.as.connector.deployers.RADeployer] (MSC service thread 1-2) IJ020001: Required license terms for file:/home/kpeeples/gitrepository/jbossdemocentral/dv-gettingstarted/target/dv/jboss-eap-6.3/modules/system/layers/dv/org/jboss/teiid/resource-adapter/file/main/./
[0m[0m22:05:58,944 INFO  [org.jboss.as.connector.deployers.RADeployer] (MSC service thread 1-2) IJ020001: Required license terms for file:/home/kpeeples/gitrepository/jbossdemocentral/dv-gettingstarted/target/dv/jboss-eap-6.3/modules/system/layers/dv/org/jboss/teiid/resource-adapter/google/main/./
[0m[0m22:05:58,945 INFO  [org.jboss.as.connector.deployers.RADeployer] (MSC service thread 1-1) IJ020001: Required license terms for file:/home/kpeeples/gitrepository/jbossdemocentral/dv-gettingstarted/target/dv/jboss-eap-6.3/modules/system/layers/dv/org/jboss/teiid/resource-adapter/mongodb/main/./
[0m[0m22:05:58,991 INFO  [org.jboss.as.connector.deployers.RADeployer] (MSC service thread 1-2) IJ020001: Required license terms for file:/home/kpeeples/gitrepository/jbossdemocentral/dv-gettingstarted/target/dv/jboss-eap-6.3/modules/system/layers/dv/org/jboss/teiid/resource-adapter/accumulo/main/./
[0m[0m22:05:58,992 INFO  [org.jboss.as.connector.deployers.RADeployer] (MSC service thread 1-1) IJ020001: Required license terms for file:/home/kpeeples/gitrepository/jbossdemocentral/dv-gettingstarted/target/dv/jboss-eap-6.3/modules/system/layers/dv/org/jboss/teiid/resource-adapter/file/main/./
[0m[0m22:05:59,057 INFO  [org.jboss.as.connector.deployers.RaXmlDeployer] (MSC service thread 1-2) IJ020001: Required license terms for file:/home/kpeeples/gitrepository/jbossdemocentral/dv-gettingstarted/target/dv/jboss-eap-6.3/modules/system/layers/dv/org/jboss/teiid/resource-adapter/file/main/./
[0m[0m22:05:59,138 INFO  [org.jboss.as.connector.deployment] (MSC service thread 1-2) JBAS010406: Registered connection factory java:/excel-file
[0m[0m22:05:59,169 INFO  [org.jboss.as.connector.deployers.RaXmlDeployer] (MSC service thread 1-2) IJ020002: Deployed: file:/home/kpeeples/gitrepository/jbossdemocentral/dv-gettingstarted/target/dv/jboss-eap-6.3/modules/system/layers/dv/org/jboss/teiid/resource-adapter/file/main/./
[0m[0m22:05:59,185 INFO  [org.jboss.as.connector.deployers.RaXmlDeployer] (MSC service thread 1-2) IJ020001: Required license terms for file:/home/kpeeples/gitrepository/jbossdemocentral/dv-gettingstarted/target/dv/jboss-eap-6.3/modules/system/layers/dv/org/jboss/teiid/resource-adapter/webservice/main/./
[0m[0m22:05:59,189 INFO  [org.jboss.as.connector.deployers.RaXmlDeployer] (MSC service thread 1-2) IJ020002: Deployed: file:/home/kpeeples/gitrepository/jbossdemocentral/dv-gettingstarted/target/dv/jboss-eap-6.3/modules/system/layers/dv/org/jboss/teiid/resource-adapter/webservice/main/./
[0m[0m22:05:59,189 INFO  [org.jboss.as.connector.deployers.RaXmlDeployer] (MSC service thread 1-2) IJ020001: Required license terms for file:/home/kpeeples/gitrepository/jbossdemocentral/dv-gettingstarted/target/dv/jboss-eap-6.3/modules/system/layers/dv/org/jboss/teiid/resource-adapter/ldap/main/./
[0m[0m22:05:59,201 INFO  [org.jboss.as.connector.deployers.RaXmlDeployer] (MSC service thread 1-2) IJ020002: Deployed: file:/home/kpeeples/gitrepository/jbossdemocentral/dv-gettingstarted/target/dv/jboss-eap-6.3/modules/system/layers/dv/org/jboss/teiid/resource-adapter/ldap/main/./
[0m[0m22:05:59,207 INFO  [org.jboss.as.connector.deployers.RaXmlDeployer] (MSC service thread 1-2) IJ020001: Required license terms for file:/home/kpeeples/gitrepository/jbossdemocentral/dv-gettingstarted/target/dv/jboss-eap-6.3/modules/system/layers/dv/org/jboss/teiid/resource-adapter/file/main/./
[0m[0m22:05:59,211 INFO  [org.modeshape.jcr.JcrRepository] (MSC service thread 1-1) ModeShape version 3.8.2.GA-redhat-3
[0m[0m22:05:59,213 INFO  [org.jboss.as.connector.deployment] (MSC service thread 1-2) JBAS010406: Registered connection factory java:/CustomerFlatFileSourceModel
[0m[0m22:05:59,218 INFO  [org.jboss.as.connector.deployers.RaXmlDeployer] (MSC service thread 1-2) IJ020002: Deployed: file:/home/kpeeples/gitrepository/jbossdemocentral/dv-gettingstarted/target/dv/jboss-eap-6.3/modules/system/layers/dv/org/jboss/teiid/resource-adapter/file/main/./
[0m[0m22:05:59,228 INFO  [org.jboss.as.connector.deployers.RaXmlDeployer] (MSC service thread 1-2) IJ020001: Required license terms for file:/home/kpeeples/gitrepository/jbossdemocentral/dv-gettingstarted/target/dv/jboss-eap-6.3/modules/system/layers/dv/org/jboss/teiid/resource-adapter/salesforce/main/./
[0m[0m22:05:59,232 INFO  [org.jboss.as.connector.deployers.RaXmlDeployer] (MSC service thread 1-2) IJ020002: Deployed: file:/home/kpeeples/gitrepository/jbossdemocentral/dv-gettingstarted/target/dv/jboss-eap-6.3/modules/system/layers/dv/org/jboss/teiid/resource-adapter/salesforce/main/./
[0m[0m22:05:59,232 INFO  [org.jboss.as.connector.deployers.RaXmlDeployer] (MSC service thread 1-2) IJ020001: Required license terms for file:/home/kpeeples/gitrepository/jbossdemocentral/dv-gettingstarted/target/dv/jboss-eap-6.3/modules/system/layers/dv/org/jboss/teiid/resource-adapter/file/main/./
[0m[0m22:05:59,245 INFO  [org.jboss.as.connector.deployment] (MSC service thread 1-2) JBAS010406: Registered connection factory java:/CustomerHistoryXMLFileSourceModel
[0m[0m22:05:59,253 INFO  [org.jboss.as.connector.deployers.RaXmlDeployer] (MSC service thread 1-2) IJ020002: Deployed: file:/home/kpeeples/gitrepository/jbossdemocentral/dv-gettingstarted/target/dv/jboss-eap-6.3/modules/system/layers/dv/org/jboss/teiid/resource-adapter/file/main/./
[0m[0m22:05:59,263 INFO  [org.jboss.as.connector.deployers.RaXmlDeployer] (MSC service thread 1-2) IJ020001: Required license terms for file:/home/kpeeples/gitrepository/jbossdemocentral/dv-gettingstarted/target/dv/jboss-eap-6.3/modules/system/layers/dv/org/jboss/teiid/resource-adapter/file/main/./
[0m[0m22:05:59,268 INFO  [org.jboss.as.connector.deployment] (MSC service thread 1-2) JBAS010406: Registered connection factory java:/marketdata-file
[0m[0m22:05:59,277 INFO  [org.jboss.as.connector.deployers.RaXmlDeployer] (MSC service thread 1-2) IJ020002: Deployed: file:/home/kpeeples/gitrepository/jbossdemocentral/dv-gettingstarted/target/dv/jboss-eap-6.3/modules/system/layers/dv/org/jboss/teiid/resource-adapter/file/main/./
[0m[0m22:05:59,285 INFO  [org.jboss.as.connector.deployers.RaXmlDeployer] (MSC service thread 1-2) IJ020001: Required license terms for file:/home/kpeeples/gitrepository/jbossdemocentral/dv-gettingstarted/target/dv/jboss-eap-6.3/modules/system/layers/dv/org/jboss/teiid/resource-adapter/google/main/./
[0m[0m22:05:59,292 INFO  [org.jboss.as.connector.deployers.RaXmlDeployer] (MSC service thread 1-2) IJ020002: Deployed: file:/home/kpeeples/gitrepository/jbossdemocentral/dv-gettingstarted/target/dv/jboss-eap-6.3/modules/system/layers/dv/org/jboss/teiid/resource-adapter/google/main/./
[0m[0m22:05:59,302 INFO  [org.jboss.as.connector.deployers.RaXmlDeployer] (MSC service thread 1-2) IJ020001: Required license terms for file:/home/kpeeples/gitrepository/jbossdemocentral/dv-gettingstarted/target/dv/jboss-eap-6.3/modules/system/layers/dv/org/jboss/teiid/resource-adapter/mongodb/main/./
[0m[0m22:05:59,307 INFO  [org.jboss.as.connector.deployers.RaXmlDeployer] (MSC service thread 1-2) IJ020002: Deployed: file:/home/kpeeples/gitrepository/jbossdemocentral/dv-gettingstarted/target/dv/jboss-eap-6.3/modules/system/layers/dv/org/jboss/teiid/resource-adapter/mongodb/main/./
[0m[0m22:05:59,311 INFO  [org.jboss.as.connector.deployers.RaXmlDeployer] (MSC service thread 1-2) IJ020001: Required license terms for file:/home/kpeeples/gitrepository/jbossdemocentral/dv-gettingstarted/target/dv/jboss-eap-6.3/modules/system/layers/dv/org/jboss/teiid/resource-adapter/file/main/./
[0m[0m22:05:59,317 INFO  [org.jboss.as.connector.deployers.RaXmlDeployer] (MSC service thread 1-2) IJ020002: Deployed: file:/home/kpeeples/gitrepository/jbossdemocentral/dv-gettingstarted/target/dv/jboss-eap-6.3/modules/system/layers/dv/org/jboss/teiid/resource-adapter/file/main/./
[0m[0m22:05:59,318 INFO  [org.jboss.as.connector.deployers.RaXmlDeployer] (MSC service thread 1-2) IJ020001: Required license terms for file:/home/kpeeples/gitrepository/jbossdemocentral/dv-gettingstarted/target/dv/jboss-eap-6.3/modules/system/layers/dv/org/jboss/teiid/resource-adapter/accumulo/main/./
[0m[0m22:05:59,333 INFO  [org.jboss.as.connector.deployers.RaXmlDeployer] (MSC service thread 1-2) IJ020002: Deployed: file:/home/kpeeples/gitrepository/jbossdemocentral/dv-gettingstarted/target/dv/jboss-eap-6.3/modules/system/layers/dv/org/jboss/teiid/resource-adapter/accumulo/main/./
[0m[0m22:05:59,346 INFO  [org.jboss.as.connector.subsystems.datasources] (MSC service thread 1-2) JBAS010400: Bound data source [java:/teiid-log-ds]
[0m[0m22:05:59,346 INFO  [org.jboss.as.connector.subsystems.datasources] (MSC service thread 1-2) JBAS010400: Bound data source [java:jboss/datasources/DashboardDS]
[0m[0m22:05:59,347 INFO  [org.jboss.as.connector.subsystems.datasources] (MSC service thread 1-2) JBAS010400: Bound data source [java:jboss/datasources/ExampleDS]
[0m[0m22:05:59,354 INFO  [org.jboss.as.connector.subsystems.datasources] (MSC service thread 1-2) JBAS010400: Bound data source [java:/datasources/ModeShapeDS]
[0m[0m22:05:59,354 INFO  [org.jboss.as.connector.subsystems.datasources] (MSC service thread 1-2) JBAS010400: Bound data source [java:/accounts-ds]
[0m[0m22:05:59,355 INFO  [org.jboss.as.connector.deployment] (MSC service thread 1-2) JBAS010401: Bound JCA ConnectionFactory [java:/excel-file]
[0m[0m22:05:59,355 INFO  [org.jboss.as.connector.deployment] (MSC service thread 1-2) JBAS010401: Bound JCA ConnectionFactory [java:/CustomerFlatFileSourceModel]
[0m[0m22:05:59,364 INFO  [org.jboss.as.connector.deployment] (MSC service thread 1-2) JBAS010401: Bound JCA ConnectionFactory [java:/CustomerHistoryXMLFileSourceModel]
[0m[0m22:05:59,367 INFO  [org.jboss.as.connector.deployment] (MSC service thread 1-2) JBAS010401: Bound JCA ConnectionFactory [java:/marketdata-file]
[0m[0m22:06:00,153 INFO  [org.infinispan.factories.GlobalComponentRegistry] (ServerService Thread Pool -- 52) ISPN000128: Infinispan version: Infinispan 'Delirium' 5.2.10.Final
[0m[0m22:06:00,402 INFO  [org.infinispan.factories.TransactionManagerFactory] (ServerService Thread Pool -- 55) ISPN000161: Using a batchMode transaction manager
[0m[0m22:06:00,405 INFO  [org.infinispan.factories.TransactionManagerFactory] (ServerService Thread Pool -- 54) ISPN000161: Using a batchMode transaction manager
[0m[0m22:06:00,410 INFO  [org.infinispan.factories.TransactionManagerFactory] (ServerService Thread Pool -- 52) ISPN000161: Using a batchMode transaction manager
[0m[0m22:06:00,732 INFO  [org.teiid.RUNTIME] (ServerService Thread Pool -- 51) TEIID50006 Teiid translator "jdbc-simple" added.
[0m[0m22:06:00,780 INFO  [org.teiid.RUNTIME] (ServerService Thread Pool -- 51) TEIID50006 Teiid translator "jdbc-ansi" added.
[0m[0m22:06:00,925 INFO  [org.teiid.RUNTIME] (ServerService Thread Pool -- 51) TEIID50006 Teiid translator "access" added.
[0m[0m22:06:01,113 INFO  [org.infinispan.jmx.CacheJmxRegistration] (ServerService Thread Pool -- 52) ISPN000031: MBeans were successfully registered to the platform MBean server.
[0m[0m22:06:01,114 INFO  [org.infinispan.jmx.CacheJmxRegistration] (ServerService Thread Pool -- 55) ISPN000031: MBeans were successfully registered to the platform MBean server.
[0m[0m22:06:01,109 INFO  [org.infinispan.jmx.CacheJmxRegistration] (ServerService Thread Pool -- 54) ISPN000031: MBeans were successfully registered to the platform MBean server.
[0m[0m22:06:01,121 INFO  [org.jboss.as.clustering.infinispan] (ServerService Thread Pool -- 52) JBAS010281: Started preparedplan cache from teiid-cache container
[0m[0m22:06:01,121 INFO  [org.jboss.as.clustering.infinispan] (ServerService Thread Pool -- 55) JBAS010281: Started resultset cache from teiid-cache container
[0m[0m22:06:01,118 INFO  [org.jboss.as.clustering.infinispan] (ServerService Thread Pool -- 54) JBAS010281: Started resultset-repl cache from teiid-cache container
[0m[0m22:06:01,145 INFO  [org.teiid.RUNTIME] (ServerService Thread Pool -- 51) TEIID50006 Teiid translator "db2" added.
[0m[0m22:06:01,295 INFO  [org.teiid.RUNTIME] (MSC service thread 1-1) TEIID50001 Teiid Engine 8.7.1.redhat-8 Started = Tue Aug 25 22:06:01 EDT 2015
[0m[0m22:06:01,305 INFO  [org.teiid.RUNTIME] (ServerService Thread Pool -- 51) TEIID50006 Teiid translator "derby" added.
[0m[0m22:06:01,383 INFO  [org.teiid.RUNTIME] (MSC service thread 1-2) TEIID50038 Teiid Embedded transport enabled. Bound to: teiid/queryengine/odata
[0m[0m22:06:01,581 INFO  [org.teiid.RUNTIME] (ServerService Thread Pool -- 51) TEIID50006 Teiid translator "h2" added.
[0m[0m22:06:01,617 INFO  [org.teiid.RUNTIME] (MSC service thread 1-2) TEIID50037 Teiid ODBC - Name = odbc, Host = 0.0.0.0,  Port = 35432, SSL = OFF, security-domains = teiid-security
[0m[0m22:06:01,617 INFO  [org.teiid.RUNTIME] (MSC service thread 1-1) TEIID50012 Teiid JDBC - Name = jdbc, Host = 0.0.0.0,  Port = 31000, SSL = OFF, security-domains = teiid-security
[0m[0m22:06:01,625 INFO  [org.teiid.RUNTIME] (MSC service thread 1-2) TEIID50038 Teiid Embedded transport enabled. Bound to: teiid/queryengine/embedded
[0m[0m22:06:01,703 INFO  [org.teiid.RUNTIME] (ServerService Thread Pool -- 51) TEIID50006 Teiid translator "hsql" added.
[0m[0m22:06:01,803 INFO  [org.teiid.RUNTIME] (ServerService Thread Pool -- 51) TEIID50006 Teiid translator "informix" added.
[0m[0m22:06:01,961 INFO  [org.teiid.RUNTIME] (ServerService Thread Pool -- 51) TEIID50006 Teiid translator "metamatrix" added.
[0m[0m22:06:02,198 INFO  [org.teiid.RUNTIME] (ServerService Thread Pool -- 51) TEIID50006 Teiid translator "mysql" added.
[0m[0m22:06:02,436 INFO  [org.teiid.RUNTIME] (ServerService Thread Pool -- 51) TEIID50006 Teiid translator "mysql5" added.
[0m[0m22:06:02,726 INFO  [org.teiid.RUNTIME] (ServerService Thread Pool -- 51) TEIID50006 Teiid translator "oracle" added.
[0m[0m22:06:03,370 INFO  [org.teiid.RUNTIME] (ServerService Thread Pool -- 51) TEIID50006 Teiid translator "postgresql" added.
[0m[0m22:06:03,648 INFO  [org.teiid.RUNTIME] (ServerService Thread Pool -- 51) TEIID50006 Teiid translator "sqlserver" added.
[0m[0m22:06:03,873 INFO  [org.teiid.RUNTIME] (ServerService Thread Pool -- 51) TEIID50006 Teiid translator "sybase" added.
[0m[0m22:06:04,132 INFO  [org.teiid.RUNTIME] (ServerService Thread Pool -- 51) TEIID50006 Teiid translator "teiid" added.
[0m[0m22:06:04,358 INFO  [org.teiid.RUNTIME] (ServerService Thread Pool -- 51) TEIID50006 Teiid translator "teradata" added.
[0m[0m22:06:04,465 INFO  [org.teiid.RUNTIME] (ServerService Thread Pool -- 51) TEIID50006 Teiid translator "modeshape" added.
[0m[0m22:06:04,544 INFO  [org.teiid.RUNTIME] (ServerService Thread Pool -- 51) TEIID50006 Teiid translator "ingres" added.
[0m[0m22:06:04,661 INFO  [org.teiid.RUNTIME] (ServerService Thread Pool -- 51) TEIID50006 Teiid translator "ingres93" added.
[0m[0m22:06:04,747 INFO  [org.teiid.RUNTIME] (ServerService Thread Pool -- 51) TEIID50006 Teiid translator "intersystems-cache" added.
[0m[0m22:06:04,875 INFO  [org.teiid.RUNTIME] (ServerService Thread Pool -- 51) TEIID50006 Teiid translator "netezza" added.
[0m[0m22:06:04,895 INFO  [org.teiid.RUNTIME] (ServerService Thread Pool -- 51) TEIID50006 Teiid translator "file" added.
[0m[0m22:06:04,911 INFO  [org.teiid.RUNTIME] (ServerService Thread Pool -- 51) TEIID50006 Teiid translator "ldap" added.
[0m[0m22:06:04,926 INFO  [org.teiid.RUNTIME] (ServerService Thread Pool -- 51) TEIID50006 Teiid translator "loopback" added.
[0m[0m22:06:04,948 INFO  [org.teiid.RUNTIME] (ServerService Thread Pool -- 51) TEIID50006 Teiid translator "olap" added.
[0m[0m22:06:04,968 INFO  [org.teiid.RUNTIME] (ServerService Thread Pool -- 51) TEIID50006 Teiid translator "ws" added.
[0m[0m22:06:04,998 INFO  [org.teiid.RUNTIME] (ServerService Thread Pool -- 51) TEIID50006 Teiid translator "salesforce" added.
[0m[0m22:06:05,033 INFO  [org.teiid.RUNTIME] (ServerService Thread Pool -- 51) TEIID50006 Teiid translator "hive" added.
[0m[0m22:06:05,055 INFO  [org.teiid.RUNTIME] (ServerService Thread Pool -- 51) TEIID50006 Teiid translator "google-spreadsheet" added.
[0m[0m22:06:05,090 INFO  [org.teiid.RUNTIME] (ServerService Thread Pool -- 51) TEIID50006 Teiid translator "odata" added.
[0m[0m22:06:05,112 INFO  [org.teiid.RUNTIME] (ServerService Thread Pool -- 51) TEIID50006 Teiid translator "sap-nw-gateway" added.
[0m[0m22:06:05,150 INFO  [org.teiid.RUNTIME] (ServerService Thread Pool -- 51) TEIID50006 Teiid translator "mongodb" added.
[0m[0m22:06:05,195 INFO  [org.teiid.RUNTIME] (ServerService Thread Pool -- 51) TEIID50006 Teiid translator "cassandra" added.
[0m[0m22:06:05,250 INFO  [org.teiid.RUNTIME] (ServerService Thread Pool -- 51) TEIID50006 Teiid translator "accumulo" added.
[0m[0m22:06:05,284 INFO  [org.teiid.RUNTIME] (ServerService Thread Pool -- 51) TEIID50006 Teiid translator "solr" added.
[0m[0m22:06:05,339 INFO  [org.teiid.RUNTIME] (ServerService Thread Pool -- 51) TEIID50006 Teiid translator "excel" added.
[0m[0m22:06:05,364 INFO  [org.teiid.RUNTIME] (ServerService Thread Pool -- 51) TEIID50006 Teiid translator "impala" added.
[0m[0m22:06:05,459 INFO  [org.jboss.as.remoting] (MSC service thread 1-1) JBAS017100: Listening on 0.0.0.0:9999
[0m[0m22:06:05,504 INFO  [org.jboss.as.server.deployment.scanner] (MSC service thread 1-1) JBAS015012: Started FileSystemDeploymentService for directory /home/kpeeples/gitrepository/jbossdemocentral/dv-gettingstarted/target/dv/jboss-eap-6.3/standalone/deployments
[0m[0m22:06:05,508 INFO  [org.jboss.as.server.deployment] (MSC service thread 1-1) JBAS015876: Starting deployment of "modeshape-webdav.war" (runtime-name: "modeshape-webdav.war")
[0m[0m22:06:05,516 INFO  [org.jboss.as.server.deployment] (MSC service thread 1-1) JBAS015876: Starting deployment of "teiid-odata-8.7.1.redhat-8.war" (runtime-name: "teiid-odata-8.7.1.redhat-8.war")
[0m[0m22:06:05,520 INFO  [org.jboss.as.server.deployment] (MSC service thread 1-1) JBAS015876: Starting deployment of "teiid-dashboard-builder.war" (runtime-name: "teiid-dashboard-builder.war")
[0m[0m22:06:05,524 INFO  [org.jboss.as.server.deployment] (MSC service thread 1-1) JBAS015876: Starting deployment of "integration-platform-console.war" (runtime-name: "integration-platform-console.war")
[0m[0m22:06:05,525 INFO  [org.jboss.as.server.deployment] (MSC service thread 1-1) JBAS015876: Starting deployment of "modeshape-cmis.war" (runtime-name: "modeshape-cmis.war")
[0m[0m22:06:05,526 INFO  [org.jboss.as.server.deployment] (MSC service thread 1-1) JBAS015876: Starting deployment of "modeshape-rest.war" (runtime-name: "modeshape-rest.war")
[0m[0m22:06:05,529 INFO  [org.jboss.as.server.deployment] (MSC service thread 1-1) JBAS015876: Starting deployment of "database-service.jar" (runtime-name: "database-service.jar")
[0m[0m22:06:05,533 INFO  [org.jboss.as.server.deployment] (MSC service thread 1-1) JBAS015876: Starting deployment of "ModeShape.vdb" (runtime-name: "ModeShape.vdb")
[0m[0m22:06:05,534 INFO  [org.jboss.as.server.deployment] (MSC service thread 1-1) JBAS015876: Starting deployment of "CustomerContextVDB.vdb" (runtime-name: "CustomerContextVDB.vdb")
[0m[33m22:06:08,410 WARN  [org.jboss.as.server.deployment] (MSC service thread 1-1) JBAS015960: Class Path entry jaxws-api.jar in /content/modeshape-cmis.war/WEB-INF/lib/jaxws-rt-2.1.7.jar  does not point to a valid jar for a Class-Path reference.
[0m[33m22:06:08,412 WARN  [org.jboss.as.server.deployment] (MSC service thread 1-1) JBAS015960: Class Path entry jsr181-api.jar in /content/modeshape-cmis.war/WEB-INF/lib/jaxws-rt-2.1.7.jar  does not point to a valid jar for a Class-Path reference.
[0m[33m22:06:08,413 WARN  [org.jboss.as.server.deployment] (MSC service thread 1-1) JBAS015960: Class Path entry jsr250-api.jar in /content/modeshape-cmis.war/WEB-INF/lib/jaxws-rt-2.1.7.jar  does not point to a valid jar for a Class-Path reference.
[0m[33m22:06:08,413 WARN  [org.jboss.as.server.deployment] (MSC service thread 1-1) JBAS015960: Class Path entry saaj-api.jar in /content/modeshape-cmis.war/WEB-INF/lib/jaxws-rt-2.1.7.jar  does not point to a valid jar for a Class-Path reference.
[0m[33m22:06:08,413 WARN  [org.jboss.as.server.deployment] (MSC service thread 1-1) JBAS015960: Class Path entry saaj-impl.jar in /content/modeshape-cmis.war/WEB-INF/lib/jaxws-rt-2.1.7.jar  does not point to a valid jar for a Class-Path reference.
[0m[33m22:06:08,413 WARN  [org.jboss.as.server.deployment] (MSC service thread 1-1) JBAS015960: Class Path entry jsr173_api.jar in /content/modeshape-cmis.war/WEB-INF/lib/jaxws-rt-2.1.7.jar  does not point to a valid jar for a Class-Path reference.
[0m[33m22:06:08,414 WARN  [org.jboss.as.server.deployment] (MSC service thread 1-1) JBAS015960: Class Path entry sjsxp.jar in /content/modeshape-cmis.war/WEB-INF/lib/jaxws-rt-2.1.7.jar  does not point to a valid jar for a Class-Path reference.
[0m[33m22:06:08,414 WARN  [org.jboss.as.server.deployment] (MSC service thread 1-1) JBAS015960: Class Path entry woodstox.jar in /content/modeshape-cmis.war/WEB-INF/lib/jaxws-rt-2.1.7.jar  does not point to a valid jar for a Class-Path reference.
[0m[33m22:06:08,414 WARN  [org.jboss.as.server.deployment] (MSC service thread 1-1) JBAS015960: Class Path entry resolver.jar in /content/modeshape-cmis.war/WEB-INF/lib/jaxws-rt-2.1.7.jar  does not point to a valid jar for a Class-Path reference.
[0m[33m22:06:08,421 WARN  [org.jboss.as.server.deployment] (MSC service thread 1-1) JBAS015960: Class Path entry jaxb-api.jar in /content/modeshape-cmis.war/WEB-INF/lib/jaxws-rt-2.1.7.jar  does not point to a valid jar for a Class-Path reference.
[0m[33m22:06:08,422 WARN  [org.jboss.as.server.deployment] (MSC service thread 1-1) JBAS015960: Class Path entry jaxb-impl.jar in /content/modeshape-cmis.war/WEB-INF/lib/jaxws-rt-2.1.7.jar  does not point to a valid jar for a Class-Path reference.
[0m[33m22:06:08,423 WARN  [org.jboss.as.server.deployment] (MSC service thread 1-1) JBAS015960: Class Path entry activation.jar in /content/modeshape-cmis.war/WEB-INF/lib/jaxws-rt-2.1.7.jar  does not point to a valid jar for a Class-Path reference.
[0m[33m22:06:08,423 WARN  [org.jboss.as.server.deployment] (MSC service thread 1-1) JBAS015960: Class Path entry stax-ex.jar in /content/modeshape-cmis.war/WEB-INF/lib/jaxws-rt-2.1.7.jar  does not point to a valid jar for a Class-Path reference.
[0m[33m22:06:08,423 WARN  [org.jboss.as.server.deployment] (MSC service thread 1-1) JBAS015960: Class Path entry streambuffer.jar in /content/modeshape-cmis.war/WEB-INF/lib/jaxws-rt-2.1.7.jar  does not point to a valid jar for a Class-Path reference.
[0m[33m22:06:08,431 WARN  [org.jboss.as.server.deployment] (MSC service thread 1-1) JBAS015960: Class Path entry stax-utils.jar in /content/modeshape-cmis.war/WEB-INF/lib/jaxws-rt-2.1.7.jar  does not point to a valid jar for a Class-Path reference.
[0m[0m22:06:10,668 INFO  [org.jboss.as.jpa] (MSC service thread 1-1) JBAS011401: Read persistence.xml for teiid-logger
[0m[0m22:06:10,807 INFO  [org.jboss.as.remoting] (MSC service thread 1-2) JBAS017100: Listening on 0.0.0.0:4447
[0m[33m22:06:11,128 WARN  [org.jboss.as.dependency.unsupported] (MSC service thread 1-1) JBAS018568: Deployment "deployment.teiid-odata-8.7.1.redhat-8.war" is using an unsupported module ("org.joda.time:main") which may be changed or removed in future versions without notice.
[0m[33m22:06:11,245 WARN  [org.jboss.as.dependency.private] (MSC service thread 1-1) JBAS018567: Deployment "deployment.modeshape-cmis.war" is using a private module ("com.sun.xml.messaging.saaj:main") which may be changed or removed in future versions without notice.
[0m[33m22:06:11,248 WARN  [org.jboss.as.dependency.private] (MSC service thread 1-1) JBAS018567: Deployment "deployment.modeshape-cmis.war" is using a private module ("com.sun.xml.messaging.saaj:main") which may be changed or removed in future versions without notice.
[0m[0m22:06:11,495 INFO  [org.jboss.weld.deployer] (MSC service thread 1-2) JBAS016002: Processing weld deployment database-service.jar
[0m[0m22:06:11,558 INFO  [org.jboss.as.ejb3.deployment.processors.EjbJndiBindingsDeploymentUnitProcessor] (MSC service thread 1-2) JNDI bindings for session bean named teiid-database-service in deployment unit deployment "database-service.jar" are as follows:

	java:global/database-service/teiid-database-service!org.teiid.service.DatabaseServiceLocal
	java:app/database-service/teiid-database-service!org.teiid.service.DatabaseServiceLocal
	java:module/teiid-database-service!org.teiid.service.DatabaseServiceLocal
	java:global/database-service/teiid-database-service
	java:app/database-service/teiid-database-service
	java:module/teiid-database-service

[0m[31m22:06:11,854 ERROR [stderr] (MSC service thread 1-2) ScriptEngineManager providers.next(): javax.script.ScriptEngineFactory: Provider com.sun.script.javascript.RhinoScriptEngineFactory not found
[0m[33m22:06:12,135 WARN  [org.jboss.as.dependency.unsupported] (MSC service thread 1-1) JBAS018568: Deployment "deployment.teiid-dashboard-builder.war" is using an unsupported module ("org.dom4j:main") which may be changed or removed in future versions without notice.
[0m[33m22:06:12,137 WARN  [org.jboss.as.dependency.unsupported] (MSC service thread 1-1) JBAS018568: Deployment "deployment.teiid-dashboard-builder.war" is using an unsupported module ("org.dom4j:main") which may be changed or removed in future versions without notice.
[0m[33m22:06:12,138 WARN  [org.jboss.as.dependency.unsupported] (MSC service thread 1-1) JBAS018568: Deployment "deployment.teiid-dashboard-builder.war" is using an unsupported module ("org.jdom:main") which may be changed or removed in future versions without notice.
[0m[33m22:06:12,138 WARN  [org.jboss.as.dependency.unsupported] (MSC service thread 1-1) JBAS018568: Deployment "deployment.teiid-dashboard-builder.war" is using an unsupported module ("org.jdom:main") which may be changed or removed in future versions without notice.
[0m[33m22:06:12,149 WARN  [org.jboss.as.dependency.private] (MSC service thread 1-1) JBAS018567: Deployment "deployment.teiid-dashboard-builder.war" is using a private module ("org.apache.commons.lang:main") which may be changed or removed in future versions without notice.
[0m[33m22:06:12,149 WARN  [org.jboss.as.dependency.private] (MSC service thread 1-1) JBAS018567: Deployment "deployment.teiid-dashboard-builder.war" is using a private module ("org.apache.commons.lang:main") which may be changed or removed in future versions without notice.
[0m[33m22:06:12,149 WARN  [org.jboss.as.dependency.private] (MSC service thread 1-1) JBAS018567: Deployment "deployment.teiid-dashboard-builder.war" is using a private module ("org.apache.commons.io:main") which may be changed or removed in future versions without notice.
[0m[33m22:06:12,149 WARN  [org.jboss.as.dependency.private] (MSC service thread 1-1) JBAS018567: Deployment "deployment.teiid-dashboard-builder.war" is using a private module ("org.apache.commons.io:main") which may be changed or removed in future versions without notice.
[0m[33m22:06:12,150 WARN  [org.jboss.as.dependency.private] (MSC service thread 1-1) JBAS018567: Deployment "deployment.teiid-dashboard-builder.war" is using a private module ("org.apache.commons.collections:main") which may be changed or removed in future versions without notice.
[0m[33m22:06:12,150 WARN  [org.jboss.as.dependency.private] (MSC service thread 1-1) JBAS018567: Deployment "deployment.teiid-dashboard-builder.war" is using a private module ("org.apache.commons.collections:main") which may be changed or removed in future versions without notice.
[0m[33m22:06:12,150 WARN  [org.jboss.as.dependency.private] (MSC service thread 1-1) JBAS018567: Deployment "deployment.teiid-dashboard-builder.war" is using a private module ("org.apache.commons.codec:main") which may be changed or removed in future versions without notice.
[0m[33m22:06:12,150 WARN  [org.jboss.as.dependency.private] (MSC service thread 1-1) JBAS018567: Deployment "deployment.teiid-dashboard-builder.war" is using a private module ("org.apache.commons.codec:main") which may be changed or removed in future versions without notice.
[0m[33m22:06:12,150 WARN  [org.jboss.as.dependency.private] (MSC service thread 1-1) JBAS018567: Deployment "deployment.teiid-dashboard-builder.war" is using a private module ("org.jboss.ironjacamar.jdbcadapters:main") which may be changed or removed in future versions without notice.
[0m[33m22:06:12,151 WARN  [org.jboss.as.dependency.private] (MSC service thread 1-1) JBAS018567: Deployment "deployment.teiid-dashboard-builder.war" is using a private module ("org.jboss.ironjacamar.jdbcadapters:main") which may be changed or removed in future versions without notice.
[0m[31m22:06:12,164 ERROR [stderr] (MSC service thread 1-1) ScriptEngineManager providers.next(): javax.script.ScriptEngineFactory: Provider com.sun.script.javascript.RhinoScriptEngineFactory not found
[0m[0m22:06:12,527 INFO  [org.jboss.weld.deployer] (MSC service thread 1-2) JBAS016005: Starting Services for CDI deployment: database-service.jar
[0m[0m22:06:12,631 INFO  [org.teiid.RUNTIME] (MSC service thread 1-1) TEIID50029 VDB ModeShape.1 model "ModeShape" metadata is currently being loaded. Start Time: 8/25/15 10:06 PM
[0m[0m22:06:12,642 INFO  [org.teiid.RUNTIME] (MSC service thread 1-1) TEIID50029 VDB ModeShape.1 model "VDB_Lineage" metadata is currently being loaded. Start Time: 8/25/15 10:06 PM
[0m[0m22:06:12,651 INFO  [org.teiid.RUNTIME] (MSC service thread 1-1) TEIID50029 VDB ModeShape.1 model "Relational_Model_View" metadata is currently being loaded. Start Time: 8/25/15 10:06 PM
[0m[0m22:06:12,900 INFO  [org.jboss.weld.Version] (MSC service thread 1-2) WELD-000900 1.1.28 (redhat)
[0m[0m22:06:12,928 INFO  [org.jboss.weld.deployer] (MSC service thread 1-1) JBAS016002: Processing weld deployment teiid-dashboard-builder.war
[0m[0m22:06:13,089 INFO  [org.jboss.as.jpa] (ServerService Thread Pool -- 52) JBAS011402: Starting Persistence Unit Service 'database-service.jar#teiid-logger'
[0m[0m22:06:13,099 INFO  [org.jboss.web] (ServerService Thread Pool -- 56) JBAS018210: Register web context: /modeshape-rest
[0m[0m22:06:13,103 INFO  [org.teiid.RUNTIME] (MSC service thread 1-2) TEIID50029 VDB CustomerContextVDB.1 model "CustomerFlatFileSourceModel" metadata is currently being loaded. Start Time: 8/25/15 10:06 PM
[0m[0m22:06:13,100 INFO  [org.jboss.web] (ServerService Thread Pool -- 53) JBAS018210: Register web context: /modeshape-webdav
[0m[0m22:06:13,102 INFO  [org.jboss.web] (ServerService Thread Pool -- 54) JBAS018210: Register web context: 
[0m[0m22:06:13,100 INFO  [org.jboss.web] (ServerService Thread Pool -- 55) JBAS018210: Register web context: /odata
[0m[0m22:06:13,126 INFO  [org.teiid.RUNTIME] (MSC service thread 1-2) TEIID50029 VDB CustomerContextVDB.1 model "CustomerHistoryXMLViewModel" metadata is currently being loaded. Start Time: 8/25/15 10:06 PM
[0m[0m22:06:13,127 INFO  [org.teiid.RUNTIME] (MSC service thread 1-2) TEIID50029 VDB CustomerContextVDB.1 model "CustomerContextView" metadata is currently being loaded. Start Time: 8/25/15 10:06 PM
[0m[0m22:06:13,129 INFO  [org.teiid.RUNTIME] (MSC service thread 1-2) TEIID50029 VDB CustomerContextVDB.1 model "CustomerHistoryXMLFileSourceModel" metadata is currently being loaded. Start Time: 8/25/15 10:06 PM
[0m[0m22:06:13,130 INFO  [org.teiid.RUNTIME] (MSC service thread 1-2) TEIID50029 VDB CustomerContextVDB.1 model "CustomerTextFileViewModel" metadata is currently being loaded. Start Time: 8/25/15 10:06 PM
[0m[0m22:06:13,180 INFO  [org.jboss.weld.deployer] (MSC service thread 1-1) JBAS016008: Starting weld service for deployment database-service.jar
[0m[0m22:06:13,208 INFO  [org.jboss.web] (ServerService Thread Pool -- 57) JBAS018210: Register web context: /modeshape-cmis
[0m[0m22:06:13,218 INFO  [org.teiid.RUNTIME] (teiid-async-threads - 4) TEIID50030 VDB CustomerContextVDB.1 model "CustomerFlatFileSourceModel" metadata loaded. End Time: 8/25/15 10:06 PM
[0m[0m22:06:13,410 INFO  [org.jboss.weld.deployer] (MSC service thread 1-2) JBAS016005: Starting Services for CDI deployment: teiid-dashboard-builder.war
[0m[0m22:06:13,565 INFO  [org.jboss.weld.deployer] (MSC service thread 1-2) JBAS016008: Starting weld service for deployment teiid-dashboard-builder.war
[0m[0m22:06:13,714 INFO  [org.teiid.RUNTIME] (teiid-async-threads - 4) TEIID50030 VDB CustomerContextVDB.1 model "CustomerHistoryXMLViewModel" metadata loaded. End Time: 8/25/15 10:06 PM
[0m[0m22:06:13,872 INFO  [org.teiid.RUNTIME] (teiid-async-threads - 4) TEIID50030 VDB CustomerContextVDB.1 model "CustomerContextView" metadata loaded. End Time: 8/25/15 10:06 PM
[0m[0m22:06:13,997 INFO  [org.teiid.RUNTIME] (teiid-async-threads - 4) TEIID50030 VDB CustomerContextVDB.1 model "CustomerHistoryXMLFileSourceModel" metadata loaded. End Time: 8/25/15 10:06 PM
[0m[0m22:06:14,043 INFO  [org.teiid.RUNTIME] (teiid-async-threads - 4) TEIID50030 VDB CustomerContextVDB.1 model "CustomerTextFileViewModel" metadata loaded. End Time: 8/25/15 10:06 PM
[0m[0m22:06:14,565 INFO  [org.apache.chemistry.opencmis.jcr.JcrTypeManager] (ServerService Thread Pool -- 57) Added type 'cmis:folder'.
[0m[0m22:06:14,629 INFO  [org.apache.chemistry.opencmis.jcr.JcrTypeManager] (ServerService Thread Pool -- 57) Added type 'cmis:document'.
[0m[0m22:06:14,640 INFO  [org.hibernate.validator.internal.util.Version] (ServerService Thread Pool -- 55) HV000001: Hibernate Validator 4.3.2.Final-redhat-1
[0m[0m22:06:14,659 INFO  [org.apache.chemistry.opencmis.jcr.JcrTypeManager] (ServerService Thread Pool -- 57) Added type 'cmis:unversioned-document'.
[0m[0m22:06:14,697 INFO  [org.hibernate.annotations.common.Version] (ServerService Thread Pool -- 52) HCANN000001: Hibernate Commons Annotations {4.0.1.Final-redhat-2}
[0m[0m22:06:14,983 INFO  [stdout] (ServerService Thread Pool -- 57) --- loaded repository dv
[0m[0m22:06:14,984 INFO  [org.hibernate.Version] (ServerService Thread Pool -- 52) HHH000412: Hibernate Core {4.2.17.SP1-redhat-1}
[0m[0m22:06:15,014 INFO  [org.hibernate.cfg.Environment] (ServerService Thread Pool -- 52) HHH000206: hibernate.properties not found
[0m[0m22:06:15,034 INFO  [javax.enterprise.resource.webservices.jaxws.server.http] (ServerService Thread Pool -- 57) WSSERVLET12: JAX-WS context listener initializing
[0m[0m22:06:15,037 INFO  [org.hibernate.cfg.Environment] (ServerService Thread Pool -- 52) HHH000021: Bytecode provider name : javassist
[0m[0m22:06:15,314 INFO  [org.hibernate.ejb.Ejb3Configuration] (ServerService Thread Pool -- 52) HHH000204: Processing PersistenceUnitInfo [
	name: teiid-logger
	...]
[0m[0m22:06:15,757 INFO  [org.teiid.RUNTIME] (teiid-async-threads - 1) TEIID50030 VDB ModeShape.1 model "ModeShape" metadata loaded. End Time: 8/25/15 10:06 PM
[0m[0m22:06:15,759 INFO  [org.teiid.RUNTIME] (teiid-async-threads - 2) TEIID50030 VDB ModeShape.1 model "VDB_Lineage" metadata loaded. End Time: 8/25/15 10:06 PM
[0m[0m22:06:15,758 INFO  [org.teiid.RUNTIME] (teiid-async-threads - 3) TEIID50030 VDB ModeShape.1 model "Relational_Model_View" metadata loaded. End Time: 8/25/15 10:06 PM
[0m[0m22:06:16,104 INFO  [org.jboss.resteasy.spi.ResteasyDeployment] (ServerService Thread Pool -- 55) Deploying javax.ws.rs.core.Application: class org.teiid.odata.TeiidODataApplication
[0m[0m22:06:16,105 INFO  [org.jboss.resteasy.spi.ResteasyDeployment] (ServerService Thread Pool -- 56) Deploying javax.ws.rs.core.Application: class org.modeshape.web.jcr.rest.JcrApplication
[0m[0m22:06:16,349 INFO  [org.teiid.RUNTIME] (teiid-async-threads - 4) TEIID40003 VDB CustomerContextVDB.1 is set to ACTIVE
[0m[0m22:06:16,427 INFO  [org.hibernate.service.jdbc.connections.internal.ConnectionProviderInitiator] (ServerService Thread Pool -- 52) HHH000130: Instantiating explicit connection provider: org.hibernate.ejb.connection.InjectedDataSourceConnectionProvider
[0m[0m22:06:18,986 INFO  [org.hibernate.dialect.Dialect] (ServerService Thread Pool -- 52) HHH000400: Using dialect: org.hibernate.dialect.H2Dialect
[0m[33m22:06:19,054 WARN  [org.hibernate.dialect.H2Dialect] (ServerService Thread Pool -- 52) HHH000431: Unable to determine H2 database version, certain features may not work
[0m[0m22:06:19,188 INFO  [org.teiid.RUNTIME] (teiid-async-threads - 2) TEIID40003 VDB ModeShape.1 is set to ACTIVE
[0m[0m22:06:19,731 INFO  [org.hibernate.engine.transaction.internal.TransactionFactoryInitiator] (ServerService Thread Pool -- 52) HHH000268: Transaction strategy: org.hibernate.engine.transaction.internal.jta.CMTTransactionFactory
[0m[0m22:06:19,752 INFO  [org.hibernate.hql.internal.ast.ASTQueryTranslatorFactory] (ServerService Thread Pool -- 52) HHH000397: Using ASTQueryTranslatorFactory
[0m[0m22:06:22,576 INFO  [org.hibernate.tool.hbm2ddl.SchemaExport] (ServerService Thread Pool -- 52) HHH000227: Running hbm2ddl schema export
[0m[0m22:06:22,650 INFO  [org.hibernate.tool.hbm2ddl.SchemaExport] (ServerService Thread Pool -- 52) HHH000230: Schema export complete
[0m[0m22:06:26,788 INFO  [org.jboss.web] (ServerService Thread Pool -- 52) JBAS018210: Register web context: /dashboard
[0m[0m22:06:26,865 INFO  [org.jboss.dashboard.ui.controller.ControllerServlet] (ServerService Thread Pool -- 52) Application Directory: /home/kpeeples/gitrepository/jbossdemocentral/dv-gettingstarted/target/dv/jboss-eap-6.3/dataVirtualization/teiid-dashboard/teiid-dashboard-builder.war/.
[0m[0m22:06:26,865 INFO  [org.jboss.dashboard.ui.controller.ControllerServlet] (ServerService Thread Pool -- 52) Application Config Directory: /home/kpeeples/gitrepository/jbossdemocentral/dv-gettingstarted/target/dv/jboss-eap-6.3/dataVirtualization/teiid-dashboard/teiid-dashboard-builder.war/./WEB-INF/etc
[0m[0m22:06:26,977 INFO  [org.jboss.dashboard.factory.Factory] (ServerService Thread Pool -- 52) Configuring Factory from directory: /home/kpeeples/gitrepository/jbossdemocentral/dv-gettingstarted/target/dv/jboss-eap-6.3/dataVirtualization/teiid-dashboard/teiid-dashboard-builder.war/./WEB-INF/etc/factory
[0m[0m22:06:27,226 INFO  [org.jboss.dashboard.factory.Factory] (ServerService Thread Pool -- 52) Factory configured.
[0m[0m22:06:27,770 INFO  [org.hibernate.cfg.Configuration] (ServerService Thread Pool -- 52) HHH000042: Configuring from file: hibernate.cfg.xml
[0m[0m22:06:27,855 INFO  [org.hibernate.cfg.Configuration] (ServerService Thread Pool -- 52) HHH000041: Configured SessionFactory: null
[0m[0m22:06:27,981 INFO  [org.jboss.dashboard.database.hibernate.HibernateInitializer] (ServerService Thread Pool -- 52) The underlying database is: h2
[0m[0m22:06:28,969 INFO  [org.hibernate.dialect.Dialect] (ServerService Thread Pool -- 52) HHH000400: Using dialect: org.hibernate.dialect.H2Dialect
[0m[33m22:06:28,974 WARN  [org.hibernate.dialect.H2Dialect] (ServerService Thread Pool -- 52) HHH000431: Unable to determine H2 database version, certain features may not work
[0m[0m22:06:29,166 INFO  [org.hibernate.engine.transaction.internal.TransactionFactoryInitiator] (ServerService Thread Pool -- 52) HHH000399: Using default transaction strategy (direct JDBC transactions)
[0m[0m22:06:29,173 INFO  [org.hibernate.hql.internal.ast.ASTQueryTranslatorFactory] (ServerService Thread Pool -- 52) HHH000397: Using ASTQueryTranslatorFactory
[0m[33m22:06:30,522 WARN  [org.jboss.dashboard.database.DatabaseAutoSynchronizer] (ServerService Thread Pool -- 52) Running file 1-create-h2.sql
[0m[0m22:06:31,895 INFO  [org.jboss.dashboard.workspace.GraphicElementManagerImpl] (ServerService Thread Pool -- 52) Starting org.jboss.dashboard.workspace.ResourceGalleryManagerImpl
[0m[0m22:06:31,933 INFO  [org.jboss.dashboard.workspace.PanelsProvidersManagerImpl] (ServerService Thread Pool -- 52) Loading panels. Scanning dir: /home/kpeeples/gitrepository/jbossdemocentral/dv-gettingstarted/target/dv/jboss-eap-6.3/dataVirtualization/teiid-dashboard/teiid-dashboard-builder.war/WEB-INF/etc/panels
[0m[0m22:06:31,934 INFO  [org.jboss.dashboard.workspace.PanelsProvidersManagerImpl] (ServerService Thread Pool -- 52) Reading file: /home/kpeeples/gitrepository/jbossdemocentral/dv-gettingstarted/target/dv/jboss-eap-6.3/dataVirtualization/teiid-dashboard/teiid-dashboard-builder.war/./WEB-INF/etc/panels/system/dataSourceManagement/DataSourceManager.panel
[0m[0m22:06:32,218 INFO  [org.jboss.dashboard.workspace.PanelsProvidersManagerImpl] (ServerService Thread Pool -- 52) Reading file: /home/kpeeples/gitrepository/jbossdemocentral/dv-gettingstarted/target/dv/jboss-eap-6.3/dataVirtualization/teiid-dashboard/teiid-dashboard-builder.war/./WEB-INF/etc/panels/system/dashboardExport/dashb_export.panel
[0m[0m22:06:32,226 INFO  [org.jboss.dashboard.workspace.PanelsProvidersManagerImpl] (ServerService Thread Pool -- 52) Reading file: /home/kpeeples/gitrepository/jbossdemocentral/dv-gettingstarted/target/dv/jboss-eap-6.3/dataVirtualization/teiid-dashboard/teiid-dashboard-builder.war/./WEB-INF/etc/panels/system/dashboardImport/dashb_import.panel
[0m[0m22:06:32,235 INFO  [org.jboss.dashboard.workspace.PanelsProvidersManagerImpl] (ServerService Thread Pool -- 52) Reading file: /home/kpeeples/gitrepository/jbossdemocentral/dv-gettingstarted/target/dv/jboss-eap-6.3/dataVirtualization/teiid-dashboard/teiid-dashboard-builder.war/./WEB-INF/etc/panels/system/workspaceExport/workspaceImportexport.panel
[0m[0m22:06:32,245 INFO  [org.jboss.dashboard.workspace.PanelsProvidersManagerImpl] (ServerService Thread Pool -- 52) Reading file: /home/kpeeples/gitrepository/jbossdemocentral/dv-gettingstarted/target/dv/jboss-eap-6.3/dataVirtualization/teiid-dashboard/teiid-dashboard-builder.war/./WEB-INF/etc/panels/dashboard/kpi/dashb_kpi.panel
[0m[0m22:06:32,281 INFO  [org.jboss.dashboard.workspace.PanelsProvidersManagerImpl] (ServerService Thread Pool -- 52) Reading file: /home/kpeeples/gitrepository/jbossdemocentral/dv-gettingstarted/target/dv/jboss-eap-6.3/dataVirtualization/teiid-dashboard/teiid-dashboard-builder.war/./WEB-INF/etc/panels/dashboard/dataProviderManager/dashb_providermgr.panel
[0m[0m22:06:32,291 INFO  [org.jboss.dashboard.workspace.PanelsProvidersManagerImpl] (ServerService Thread Pool -- 52) Reading file: /home/kpeeples/gitrepository/jbossdemocentral/dv-gettingstarted/target/dv/jboss-eap-6.3/dataVirtualization/teiid-dashboard/teiid-dashboard-builder.war/./WEB-INF/etc/panels/dashboard/dashboardFilter/dashb_filter.panel
[0m[0m22:06:32,305 INFO  [org.jboss.dashboard.workspace.PanelsProvidersManagerImpl] (ServerService Thread Pool -- 52) Reading file: /home/kpeeples/gitrepository/jbossdemocentral/dv-gettingstarted/target/dv/jboss-eap-6.3/dataVirtualization/teiid-dashboard/teiid-dashboard-builder.war/./WEB-INF/etc/panels/dashboard/htmlEditor/dashb_html_editor.panel
[0m[0m22:06:32,324 INFO  [org.jboss.dashboard.workspace.PanelsProvidersManagerImpl] (ServerService Thread Pool -- 52) Reading file: /home/kpeeples/gitrepository/jbossdemocentral/dv-gettingstarted/target/dv/jboss-eap-6.3/dataVirtualization/teiid-dashboard/teiid-dashboard-builder.war/./WEB-INF/etc/panels/navigation/navigator_sections_vert.panel
[0m[0m22:06:32,335 INFO  [org.jboss.dashboard.workspace.PanelsProvidersManagerImpl] (ServerService Thread Pool -- 52) Reading file: /home/kpeeples/gitrepository/jbossdemocentral/dv-gettingstarted/target/dv/jboss-eap-6.3/dataVirtualization/teiid-dashboard/teiid-dashboard-builder.war/./WEB-INF/etc/panels/navigation/navigator_workspace_vert.panel
[0m[0m22:06:32,344 INFO  [org.jboss.dashboard.workspace.PanelsProvidersManagerImpl] (ServerService Thread Pool -- 52) Reading file: /home/kpeeples/gitrepository/jbossdemocentral/dv-gettingstarted/target/dv/jboss-eap-6.3/dataVirtualization/teiid-dashboard/teiid-dashboard-builder.war/./WEB-INF/etc/panels/navigation/navigator_sections_horiz.panel
[0m[0m22:06:32,353 INFO  [org.jboss.dashboard.workspace.PanelsProvidersManagerImpl] (ServerService Thread Pool -- 52) Reading file: /home/kpeeples/gitrepository/jbossdemocentral/dv-gettingstarted/target/dv/jboss-eap-6.3/dataVirtualization/teiid-dashboard/teiid-dashboard-builder.war/./WEB-INF/etc/panels/navigation/navigator_sections.panel
[0m[0m22:06:32,360 INFO  [org.jboss.dashboard.workspace.PanelsProvidersManagerImpl] (ServerService Thread Pool -- 52) Reading file: /home/kpeeples/gitrepository/jbossdemocentral/dv-gettingstarted/target/dv/jboss-eap-6.3/dataVirtualization/teiid-dashboard/teiid-dashboard-builder.war/./WEB-INF/etc/panels/navigation/navigator_language_horiz.panel
[0m[0m22:06:32,370 INFO  [org.jboss.dashboard.workspace.PanelsProvidersManagerImpl] (ServerService Thread Pool -- 52) Reading file: /home/kpeeples/gitrepository/jbossdemocentral/dv-gettingstarted/target/dv/jboss-eap-6.3/dataVirtualization/teiid-dashboard/teiid-dashboard-builder.war/./WEB-INF/etc/panels/navigation/breadCrumb/breadCrumb.panel
[0m[0m22:06:32,373 INFO  [org.jboss.dashboard.workspace.PanelsProvidersManagerImpl] (ServerService Thread Pool -- 52) Reading file: /home/kpeeples/gitrepository/jbossdemocentral/dv-gettingstarted/target/dv/jboss-eap-6.3/dataVirtualization/teiid-dashboard/teiid-dashboard-builder.war/./WEB-INF/etc/panels/navigation/navigator_workspace.panel
[0m[0m22:06:32,385 INFO  [org.jboss.dashboard.workspace.PanelsProvidersManagerImpl] (ServerService Thread Pool -- 52) Reading file: /home/kpeeples/gitrepository/jbossdemocentral/dv-gettingstarted/target/dv/jboss-eap-6.3/dataVirtualization/teiid-dashboard/teiid-dashboard-builder.war/./WEB-INF/etc/panels/navigation/navigator_workspace_horiz.panel
[0m[0m22:06:32,400 INFO  [org.jboss.dashboard.workspace.PanelsProvidersManagerImpl] (ServerService Thread Pool -- 52) Reading file: /home/kpeeples/gitrepository/jbossdemocentral/dv-gettingstarted/target/dv/jboss-eap-6.3/dataVirtualization/teiid-dashboard/teiid-dashboard-builder.war/./WEB-INF/etc/panels/navigation/logout/logout.panel
[0m[0m22:06:32,405 INFO  [org.jboss.dashboard.workspace.PanelsProvidersManagerImpl] (ServerService Thread Pool -- 52) Reading file: /home/kpeeples/gitrepository/jbossdemocentral/dv-gettingstarted/target/dv/jboss-eap-6.3/dataVirtualization/teiid-dashboard/teiid-dashboard-builder.war/./WEB-INF/etc/panels/navigation/tree/treeMenu.panel
[0m[0m22:06:33,856 INFO  [org.jboss.dashboard.workspace.GraphicElementManagerImpl] (ServerService Thread Pool -- 52) Starting org.jboss.dashboard.workspace.SkinsManagerImpl
[0m[0m22:06:33,891 INFO  [org.jboss.dashboard.workspace.GraphicElementManagerImpl] (ServerService Thread Pool -- 52) Deploying to database Skin /home/kpeeples/gitrepository/jbossdemocentral/dv-gettingstarted/target/dv/jboss-eap-6.3/dataVirtualization/teiid-dashboard/teiid-dashboard-builder.war/./WEB-INF/etc/skins/Default_Skin.zip
[0m[0m22:06:34,026 INFO  [org.jboss.dashboard.ui.resources.GraphicElement] (ServerService Thread Pool -- 52) Deploying files for org.jboss.dashboard.ui.resources.Skin Default_Skin
[0m[0m22:06:34,150 INFO  [org.jboss.dashboard.workspace.GraphicElementManagerImpl] (ServerService Thread Pool -- 52) Starting org.jboss.dashboard.workspace.EnvelopesManagerImpl
[0m[0m22:06:34,181 INFO  [org.jboss.dashboard.workspace.GraphicElementManagerImpl] (ServerService Thread Pool -- 52) Deploying to database Envelope /home/kpeeples/gitrepository/jbossdemocentral/dv-gettingstarted/target/dv/jboss-eap-6.3/dataVirtualization/teiid-dashboard/teiid-dashboard-builder.war/./WEB-INF/etc/envelopes/Default_Envelope.zip
[0m[0m22:06:34,317 INFO  [org.jboss.dashboard.ui.resources.GraphicElement] (ServerService Thread Pool -- 52) Deploying files for org.jboss.dashboard.ui.resources.Envelope Default_Envelope
[0m[0m22:06:34,448 INFO  [org.jboss.dashboard.workspace.GraphicElementManagerImpl] (ServerService Thread Pool -- 52) Starting org.jboss.dashboard.workspace.LayoutsManagerImpl
[0m[0m22:06:34,482 INFO  [org.jboss.dashboard.workspace.GraphicElementManagerImpl] (ServerService Thread Pool -- 52) Deploying to database Layout /home/kpeeples/gitrepository/jbossdemocentral/dv-gettingstarted/target/dv/jboss-eap-6.3/dataVirtualization/teiid-dashboard/teiid-dashboard-builder.war/./WEB-INF/etc/layouts/Default_template_with_sliding_menu.zip
[0m[0m22:06:34,586 INFO  [org.jboss.dashboard.workspace.GraphicElementManagerImpl] (ServerService Thread Pool -- 52) Deploying to database Layout /home/kpeeples/gitrepository/jbossdemocentral/dv-gettingstarted/target/dv/jboss-eap-6.3/dataVirtualization/teiid-dashboard/teiid-dashboard-builder.war/./WEB-INF/etc/layouts/Template_75-25.zip
[0m[0m22:06:34,691 INFO  [org.jboss.dashboard.workspace.GraphicElementManagerImpl] (ServerService Thread Pool -- 52) Deploying to database Layout /home/kpeeples/gitrepository/jbossdemocentral/dv-gettingstarted/target/dv/jboss-eap-6.3/dataVirtualization/teiid-dashboard/teiid-dashboard-builder.war/./WEB-INF/etc/layouts/Template_25-50-25.zip
[0m[0m22:06:34,782 INFO  [org.jboss.dashboard.workspace.GraphicElementManagerImpl] (ServerService Thread Pool -- 52) Deploying to database Layout /home/kpeeples/gitrepository/jbossdemocentral/dv-gettingstarted/target/dv/jboss-eap-6.3/dataVirtualization/teiid-dashboard/teiid-dashboard-builder.war/./WEB-INF/etc/layouts/Template_25-75.zip
[0m[0m22:06:34,864 INFO  [org.jboss.dashboard.workspace.GraphicElementManagerImpl] (ServerService Thread Pool -- 52) Deploying to database Layout /home/kpeeples/gitrepository/jbossdemocentral/dv-gettingstarted/target/dv/jboss-eap-6.3/dataVirtualization/teiid-dashboard/teiid-dashboard-builder.war/./WEB-INF/etc/layouts/Default_Layout.zip
[0m[0m22:06:34,957 INFO  [org.jboss.dashboard.ui.resources.GraphicElement] (ServerService Thread Pool -- 52) Deploying files for org.jboss.dashboard.ui.resources.Layout Default_Layout
[0m[0m22:06:34,975 INFO  [org.jboss.dashboard.ui.resources.GraphicElement] (ServerService Thread Pool -- 52) Deploying files for org.jboss.dashboard.ui.resources.Layout Default_template_with_sliding_menu
[0m[0m22:06:35,010 INFO  [org.jboss.dashboard.ui.resources.GraphicElement] (ServerService Thread Pool -- 52) Deploying files for org.jboss.dashboard.ui.resources.Layout Template_25-50-25
[0m[0m22:06:35,021 INFO  [org.jboss.dashboard.ui.resources.GraphicElement] (ServerService Thread Pool -- 52) Deploying files for org.jboss.dashboard.ui.resources.Layout Template_25-75
[0m[0m22:06:35,043 INFO  [org.jboss.dashboard.ui.resources.GraphicElement] (ServerService Thread Pool -- 52) Deploying files for org.jboss.dashboard.ui.resources.Layout Template_75-25
[0m[0m22:06:35,148 INFO  [org.jboss.dashboard.cluster.ClusterNodesManager] (ServerService Thread Pool -- 52) Registering cluster node with ip address 10.0.2.15
[0m[0m22:06:35,238 INFO  [org.jboss.dashboard.cluster.ClusterNodesManager] (ServerService Thread Pool -- 52) Successfully registered cluster node with ip address 10.0.2.15 and identifier 1016
[0m[0m22:06:35,476 INFO  [org.jboss.dashboard.kpi.KPIInitialModule] (ServerService Thread Pool -- 52) Parsing KPI's XML file: WEB-INF/etc/appdata/initialData/showcaseKPIs.xml
[0m[0m22:06:39,906 INFO  [javax.enterprise.resource.webservices.jaxws.servlet.http] (ServerService Thread Pool -- 57) WSSERVLET14: JAX-WS servlet initializing
[0m[0m22:06:41,411 INFO  [org.jboss.dashboard.kpi.KPIInitialModule] (ServerService Thread Pool -- 52) BAM_00000 - Data provider created. dataprovider_63791223772073037, Expense reports demo.
[0m[0m22:06:41,420 INFO  [org.jboss.dashboard.kpi.KPIInitialModule] (ServerService Thread Pool -- 52) BAM_00000 - Data provider created. dataprovider_29881353499006573, Sales dashboard demo.
[0m[0m22:06:41,420 INFO  [org.jboss.dashboard.kpi.KPIInitialModule] (ServerService Thread Pool -- 52) BAM_00001 - Business indicator created. kpi_21591363786594721, Amount by status .
[0m[0m22:06:41,422 INFO  [org.jboss.dashboard.kpi.KPIInitialModule] (ServerService Thread Pool -- 52) BAM_00001 - Business indicator created. kpi_30861353687605533, Amount by probability (%).
[0m[0m22:06:41,423 INFO  [org.jboss.dashboard.kpi.KPIInitialModule] (ServerService Thread Pool -- 52) BAM_00001 - Business indicator created. kpi_30771353684719633, - New indicator -.
[0m[0m22:06:41,427 INFO  [org.jboss.dashboard.kpi.KPIInitialModule] (ServerService Thread Pool -- 52) BAM_00001 - Business indicator created. kpi_30361353506582145, By status.
[0m[0m22:06:41,428 INFO  [org.jboss.dashboard.kpi.KPIInitialModule] (ServerService Thread Pool -- 52) BAM_00001 - Business indicator created. kpi_30461354643057084, Expenses by user.
[0m[0m22:06:41,430 INFO  [org.jboss.dashboard.kpi.KPIInitialModule] (ServerService Thread Pool -- 52) BAM_00001 - Business indicator created. kpi_30281353675541472, By country.
[0m[0m22:06:41,432 INFO  [org.jboss.dashboard.kpi.KPIInitialModule] (ServerService Thread Pool -- 52) BAM_00001 - Business indicator created. kpi_30331353506453066, By sales person.
[0m[0m22:06:41,432 INFO  [org.jboss.dashboard.kpi.KPIInitialModule] (ServerService Thread Pool -- 52) BAM_00001 - Business indicator created. kpi_30621353683547916, Sales evolution.
[0m[0m22:06:41,432 INFO  [org.jboss.dashboard.kpi.KPIInitialModule] (ServerService Thread Pool -- 52) BAM_00001 - Business indicator created. kpi_30801353685378049, By customer.
[0m[0m22:06:41,433 INFO  [org.jboss.dashboard.kpi.KPIInitialModule] (ServerService Thread Pool -- 52) BAM_00001 - Business indicator created. kpi_30301353506280659, Expected pipeline.
[0m[0m22:06:41,441 INFO  [org.jboss.dashboard.kpi.KPIInitialModule] (ServerService Thread Pool -- 52) BAM_00001 - Business indicator created. kpi_30651353683614640, By sales person.
[0m[0m22:06:41,442 INFO  [org.jboss.dashboard.kpi.KPIInitialModule] (ServerService Thread Pool -- 52) BAM_00001 - Business indicator created. kpi_64011223773089901, Expense evolution.
[0m[0m22:06:41,449 INFO  [org.jboss.dashboard.kpi.KPIInitialModule] (ServerService Thread Pool -- 52) BAM_00001 - Business indicator created. kpi_63901223772516707, Expenses by office USD.
[0m[0m22:06:41,451 INFO  [org.jboss.dashboard.kpi.KPIInitialModule] (ServerService Thread Pool -- 52) BAM_00001 - Business indicator created. kpi_29761353668431694, Sales report table.
[0m[0m22:06:41,451 INFO  [org.jboss.dashboard.kpi.KPIInitialModule] (ServerService Thread Pool -- 52) BAM_00001 - Business indicator created. kpi_30011353503663716, Opportunities by status.
[0m[0m22:06:41,451 INFO  [org.jboss.dashboard.kpi.KPIInitialModule] (ServerService Thread Pool -- 52) BAM_00001 - Business indicator created. kpi_30441353507392054, Opportunities by closing date (USD).
[0m[0m22:06:41,452 INFO  [org.jboss.dashboard.kpi.KPIInitialModule] (ServerService Thread Pool -- 52) BAM_00001 - Business indicator created. kpi_63931223772633377, Expenses by department USD.
[0m[0m22:06:41,458 INFO  [org.jboss.dashboard.kpi.KPIInitialModule] (ServerService Thread Pool -- 52) BAM_00001 - Business indicator created. kpi_30041353504912610, Opportunities by employee.
[0m[0m22:06:41,459 INFO  [org.jboss.dashboard.kpi.KPIInitialModule] (ServerService Thread Pool -- 52) BAM_00001 - Business indicator created. kpi_30391353506887646, By product.
[0m[0m22:06:41,459 INFO  [org.jboss.dashboard.kpi.KPIInitialModule] (ServerService Thread Pool -- 52) BAM_00001 - Business indicator created. kpi_30831353686700387, By product.
[0m[0m22:06:41,460 INFO  [org.jboss.dashboard.kpi.KPIInitialModule] (ServerService Thread Pool -- 52) BAM_00001 - Business indicator created. kpi_30101353505177974, Opportunities by country.
[0m[0m22:06:41,460 INFO  [org.jboss.dashboard.kpi.KPIInitialModule] (ServerService Thread Pool -- 52) BAM_00001 - Business indicator created. kpi_64061223773274641, Expense reports table.
[0m[0m22:06:41,460 INFO  [org.jboss.dashboard.kpi.KPIInitialModule] (ServerService Thread Pool -- 52) BAM_00001 - Business indicator created. kpi_30251353675275870, Pipeline status.
[0m[0m22:06:47,973 INFO  [org.jboss.dashboard.kpi.KPIInitialModule] (ServerService Thread Pool -- 52) Parsing KPI's XML file: WEB-INF/etc/appdata/initialData/kpiLogging.xml
[0m[0m22:06:50,169 INFO  [org.jboss.dashboard.kpi.KPIInitialModule] (ServerService Thread Pool -- 52) BAM_00000 - Data provider created. dataprovider_84341401722402006, AuditLoggingTable.
[0m[0m22:06:50,173 INFO  [org.jboss.dashboard.kpi.KPIInitialModule] (ServerService Thread Pool -- 52) BAM_00000 - Data provider created. dataprovider_10951401722888067, Command Logging.
[0m[0m22:06:50,174 INFO  [org.jboss.dashboard.kpi.KPIInitialModule] (ServerService Thread Pool -- 52) BAM_00001 - Business indicator created. kpi_16821401722967869, Command Log Contents.
[0m[0m22:06:50,174 INFO  [org.jboss.dashboard.kpi.KPIInitialModule] (ServerService Thread Pool -- 52) BAM_00001 - Business indicator created. kpi_16671401722531063, Logging Contents.
[0m[0m22:06:51,106 INFO  [org.jboss.as.server] (Controller Boot Thread) JBAS018559: Deployed "database-service.jar" (runtime-name : "database-service.jar")
[0m[0m22:06:51,108 INFO  [org.jboss.as.server] (Controller Boot Thread) JBAS018559: Deployed "ModeShape.vdb" (runtime-name : "ModeShape.vdb")
[0m[0m22:06:51,109 INFO  [org.jboss.as.server] (Controller Boot Thread) JBAS018559: Deployed "teiid-dashboard-builder.war" (runtime-name : "teiid-dashboard-builder.war")
[0m[0m22:06:51,109 INFO  [org.jboss.as.server] (ServerService Thread Pool -- 28) JBAS018559: Deployed "CustomerContextVDB.vdb" (runtime-name : "CustomerContextVDB.vdb")
[0m[0m22:06:51,110 INFO  [org.jboss.as.server] (ServerService Thread Pool -- 28) JBAS018559: Deployed "integration-platform-console.war" (runtime-name : "integration-platform-console.war")
[0m[0m22:06:51,112 INFO  [org.jboss.as.server] (ServerService Thread Pool -- 50) JBAS018559: Deployed "modeshape-cmis.war" (runtime-name : "modeshape-cmis.war")
[0m[0m22:06:51,113 INFO  [org.jboss.as.server] (ServerService Thread Pool -- 50) JBAS018559: Deployed "modeshape-webdav.war" (runtime-name : "modeshape-webdav.war")
[0m[0m22:06:51,113 INFO  [org.jboss.as.server] (ServerService Thread Pool -- 50) JBAS018559: Deployed "modeshape-rest.war" (runtime-name : "modeshape-rest.war")
[0m[0m22:06:51,113 INFO  [org.jboss.as.server] (ServerService Thread Pool -- 51) JBAS018559: Deployed "teiid-odata-8.7.1.redhat-8.war" (runtime-name : "teiid-odata-8.7.1.redhat-8.war")
[0m[0m22:06:51,246 INFO  [org.jboss.as] (Controller Boot Thread) JBAS015961: Http management interface listening on http://0.0.0.0:9990/management
[0m[0m22:06:51,247 INFO  [org.jboss.as] (Controller Boot Thread) JBAS015951: Admin console listening on http://0.0.0.0:9990
[0m[0m22:06:51,249 INFO  [org.jboss.as] (Controller Boot Thread) JBAS015874: JBoss Red Hat JBoss Data Virtualization 6.1.0 (AS 7.4.3.Final-redhat-2) started in 63758ms - Started 1013 of 1055 services (110 services are lazy, passive or on-demand)
[0m/home/kpeeples/gitrepository/jbossdemocentral/dv-gettingstarted/target/dv/jboss-eap-6.3/bin/standalone.sh: line 281:  5204 Killed                  "java" -D"[Standalone]" -server -XX:+UseCompressedOops -verbose:gc -Xloggc:"/home/kpeeples/gitrepository/jbossdemocentral/dv-gettingstarted/target/dv/jboss-eap-6.3/standalone/log/gc.log" -XX:+PrintGCDetails -XX:+PrintGCDateStamps -XX:+UseGCLogFileRotation -XX:NumberOfGCLogFiles=5 -XX:GCLogFileSize=3M -XX:-TraceClassUnloading -Xms1302m -Xmx1302m -XX:MaxPermSize=256m -Djava.net.preferIPv4Stack=true -Djboss.modules.system.pkgs=org.jboss.byteman -Djava.awt.headless=true -Djboss.modules.policy-permissions=true "-Dorg.jboss.boot.log.file=/home/kpeeples/gitrepository/jbossdemocentral/dv-gettingstarted/target/dv/jboss-eap-6.3/standalone/log/server.log" "-Dlogging.configuration=file:/home/kpeeples/gitrepository/jbossdemocentral/dv-gettingstarted/target/dv/jboss-eap-6.3/standalone/configuration/logging.properties" -jar "/home/kpeeples/gitrepository/jbossdemocentral/dv-gettingstarted/target/dv/jboss-eap-6.3/jboss-modules.jar" -mp "/home/kpeeples/gitrepository/jbossdemocentral/dv-gettingstarted/target/dv/jboss-eap-6.3/modules" -jaxpmodule javax.xml.jaxp-provider org.jboss.as.standalone -Djboss.home.dir="/home/kpeeples/gitrepository/jbossdemocentral/dv-gettingstarted/target/dv/jboss-eap-6.3" -Djboss.server.base.dir="/home/kpeeples/gitrepository/jbossdemocentral/dv-gettingstarted/target/dv/jboss-eap-6.3/standalone" "-b" "0.0.0.0" "-bmanagement" "0.0.0.0"
