=========================================================================

  JBoss Bootstrap Environment

  JBOSS_HOME: /home/kpeeples/gitrepository/jbossdemocentral/dv-gettingstarted/target/dv6.2/EAP-6.4.0

  JAVA: java

  JAVA_OPTS:  -server -XX:+UseCompressedOops -verbose:gc -Xloggc:"/home/kpeeples/gitrepository/jbossdemocentral/dv-gettingstarted/target/dv6.2/EAP-6.4.0/standalone/log/gc.log" -XX:+PrintGCDetails -XX:+PrintGCDateStamps -XX:+UseGCLogFileRotation -XX:NumberOfGCLogFiles=5 -XX:GCLogFileSize=3M -XX:-TraceClassUnloading -Xms1303m -Xmx1303m -XX:MaxPermSize=256m -Djava.net.preferIPv4Stack=true -Djboss.modules.system.pkgs=org.jboss.byteman -Djava.awt.headless=true -Djboss.modules.policy-permissions=true

=========================================================================

[0m06:31:06,351 INFO  [org.jboss.modules] (main) JBoss Modules version 1.3.6.Final-redhat-1
[0m[0m06:31:07,064 INFO  [org.jboss.msc] (main) JBoss MSC version 1.1.5.Final-redhat-1
[0m[0m06:31:07,251 INFO  [org.jboss.as] (MSC service thread 1-2) JBAS015899: JBoss EAP 6.4.0.GA (AS 7.5.0.Final-redhat-21) starting
[0m[0m06:31:11,815 INFO  [org.xnio] (MSC service thread 1-2) XNIO Version 3.0.13.GA-redhat-1
[0m[0m06:31:11,849 INFO  [org.xnio.nio] (MSC service thread 1-2) XNIO NIO Implementation Version 3.0.13.GA-redhat-1
[0m[0m06:31:11,844 INFO  [org.jboss.as.server] (Controller Boot Thread) JBAS015888: Creating http management service using socket-binding (management-http)
[0m[0m06:31:11,926 INFO  [org.jboss.remoting] (MSC service thread 1-2) JBoss Remoting version 3.3.4.Final-redhat-1
[0m[0m06:31:12,052 INFO  [org.jboss.as.clustering.infinispan] (ServerService Thread Pool -- 31) JBAS010280: Activating Infinispan subsystem.
[0m[0m06:31:12,079 INFO  [org.jboss.as.naming] (ServerService Thread Pool -- 39) JBAS011800: Activating Naming Subsystem
[0m[0m06:31:12,099 INFO  [org.jboss.as.security] (ServerService Thread Pool -- 44) JBAS013371: Activating Security Subsystem
[0m[33m06:31:12,111 WARN  [org.jboss.as.txn] (ServerService Thread Pool -- 46) JBAS010153: Node identifier property is set to the default value. Please make sure it is unique.
[0m[0m06:31:12,148 INFO  [org.jboss.as.webservices] (ServerService Thread Pool -- 48) JBAS015537: Activating WebServices Extension
[0m[0m06:31:12,181 INFO  [org.jboss.as.jsf] (ServerService Thread Pool -- 37) JBAS012615: Activated the following JSF Implementations: [main, 1.2]
[0m[0m06:31:12,305 INFO  [org.jboss.as.security] (MSC service thread 1-2) JBAS013370: Current PicketBox version=4.1.1.Final-redhat-1
[0m[0m06:31:12,521 INFO  [org.jboss.as.connector.logging] (MSC service thread 1-2) JBAS010408: Starting JCA Subsystem (IronJacamar 1.0.31.Final-redhat-1)
[0m[0m06:31:12,617 INFO  [org.jboss.as.naming] (MSC service thread 1-2) JBAS011802: Starting Naming Service
[0m[0m06:31:12,768 INFO  [org.jboss.as.connector.subsystems.datasources] (ServerService Thread Pool -- 27) JBAS010403: Deploying JDBC-compliant driver class org.h2.Driver (version 1.3)
[0m[0m06:31:12,812 INFO  [org.jboss.as.mail.extension] (MSC service thread 1-1) JBAS015400: Bound mail session [java:jboss/mail/Default]
[0m[0m06:31:14,332 INFO  [org.apache.coyote.http11.Http11Protocol] (MSC service thread 1-2) JBWEB003001: Coyote HTTP/1.1 initializing on : http-/127.0.0.1:8080
[0m[0m06:31:14,365 INFO  [org.apache.coyote.http11.Http11Protocol] (MSC service thread 1-2) JBWEB003000: Coyote HTTP/1.1 starting on: http-/127.0.0.1:8080
[0m[0m06:31:14,640 INFO  [org.jboss.ws.common.management] (MSC service thread 1-1) JBWS022052: Starting JBoss Web Services - Stack CXF Server 4.3.4.Final-redhat-1
[0m[0m06:31:14,750 INFO  [org.jboss.as.server.deployment.scanner] (MSC service thread 1-2) JBAS015012: Started FileSystemDeploymentService for directory /home/kpeeples/gitrepository/jbossdemocentral/dv-gettingstarted/target/dv6.2/EAP-6.4.0/standalone/deployments
[0m[0m06:31:14,934 INFO  [org.jboss.as.remoting] (MSC service thread 1-1) JBAS017100: Listening on 127.0.0.1:9999
[0m[0m06:31:14,936 INFO  [org.jboss.as.remoting] (MSC service thread 1-1) JBAS017100: Listening on 127.0.0.1:4447
[0m[0m06:31:15,149 INFO  [org.jboss.as.connector.subsystems.datasources] (MSC service thread 1-2) JBAS010400: Bound data source [java:jboss/datasources/ExampleDS]
[0m[0m06:31:15,309 INFO  [org.jboss.as] (Controller Boot Thread) JBAS015961: Http management interface listening on http://127.0.0.1:9990/management
[0m[0m06:31:15,309 INFO  [org.jboss.as] (Controller Boot Thread) JBAS015951: Admin console listening on http://127.0.0.1:9990
[0m[0m06:31:15,312 INFO  [org.jboss.as] (Controller Boot Thread) JBAS015874: JBoss EAP 6.4.0.GA (AS 7.5.0.Final-redhat-21) started in 10552ms - Started 153 of 191 services (57 services are lazy, passive or on-demand)
[0m[0m06:31:38,504 INFO  [org.apache.coyote.http11.Http11Protocol] (MSC service thread 1-2) JBWEB003075: Coyote HTTP/1.1 pausing on: http-/127.0.0.1:8080
[0m[0m06:31:38,527 INFO  [org.apache.coyote.http11.Http11Protocol] (MSC service thread 1-2) JBWEB003077: Coyote HTTP/1.1 stopping on : http-/127.0.0.1:8080
[0m[0m06:31:38,570 INFO  [org.apache.catalina.core] (MSC service thread 1-2) JBWEB001079: Container org.apache.catalina.core.ContainerBase.[jboss.web].[default-host].[/] has not been started
[0m[0m06:31:38,597 INFO  [org.jboss.as.connector.subsystems.datasources] (MSC service thread 1-2) JBAS010409: Unbound data source [java:jboss/datasources/ExampleDS]
[0m[0m06:31:38,713 INFO  [org.jboss.as] (MSC service thread 1-1) JBAS015950: JBoss EAP 6.4.0.GA (AS 7.5.0.Final-redhat-21) stopped in 141ms
[0m=========================================================================

  JBoss Bootstrap Environment

  JBOSS_HOME: /home/kpeeples/gitrepository/jbossdemocentral/dv-gettingstarted/target/dv6.2/EAP-6.4.0

  JAVA: java

  JAVA_OPTS:  -server -XX:+UseCompressedOops -verbose:gc -Xloggc:"/home/kpeeples/gitrepository/jbossdemocentral/dv-gettingstarted/target/dv6.2/EAP-6.4.0/standalone/log/gc.log" -XX:+PrintGCDetails -XX:+PrintGCDateStamps -XX:+UseGCLogFileRotation -XX:NumberOfGCLogFiles=5 -XX:GCLogFileSize=3M -XX:-TraceClassUnloading -Xms1303m -Xmx1303m -XX:MaxPermSize=256m -Djava.net.preferIPv4Stack=true -Djboss.modules.system.pkgs=org.jboss.byteman -Djava.awt.headless=true -Djboss.modules.policy-permissions=true

=========================================================================

[0m06:34:29,849 INFO  [org.jboss.modules] (main) JBoss Modules version 1.3.6.Final-redhat-1
[0m[0m06:34:30,552 INFO  [org.jboss.msc] (main) JBoss MSC version 1.1.5.Final-redhat-1
[0m[0m06:34:30,777 INFO  [org.jboss.as] (MSC service thread 1-2) JBAS015899: JBoss EAP 6.4.0.GA (AS 7.5.0.Final-redhat-21) starting
[0m[0m06:34:34,328 INFO  [org.xnio] (MSC service thread 1-1) XNIO Version 3.0.13.GA-redhat-1
[0m[0m06:34:34,362 INFO  [org.xnio.nio] (MSC service thread 1-1) XNIO NIO Implementation Version 3.0.13.GA-redhat-1
[0m[0m06:34:34,378 INFO  [org.jboss.as.server] (Controller Boot Thread) JBAS015888: Creating http management service using socket-binding (management-http)
[0m[0m06:34:34,441 INFO  [org.jboss.remoting] (MSC service thread 1-1) JBoss Remoting version 3.3.4.Final-redhat-1
[0m[0m06:34:34,566 INFO  [org.jboss.as.clustering.infinispan] (ServerService Thread Pool -- 31) JBAS010280: Activating Infinispan subsystem.
[0m[0m06:34:34,598 INFO  [org.jboss.as.naming] (ServerService Thread Pool -- 39) JBAS011800: Activating Naming Subsystem
[0m[0m06:34:34,620 INFO  [org.jboss.as.security] (ServerService Thread Pool -- 44) JBAS013371: Activating Security Subsystem
[0m[33m06:34:34,627 WARN  [org.jboss.as.txn] (ServerService Thread Pool -- 46) JBAS010153: Node identifier property is set to the default value. Please make sure it is unique.
[0m[0m06:34:34,689 INFO  [org.jboss.as.connector.logging] (MSC service thread 1-1) JBAS010408: Starting JCA Subsystem (IronJacamar 1.0.31.Final-redhat-1)
[0m[0m06:34:34,674 INFO  [org.jboss.as.jsf] (ServerService Thread Pool -- 37) JBAS012615: Activated the following JSF Implementations: [main, 1.2]
[0m[0m06:34:34,706 INFO  [org.jboss.as.webservices] (ServerService Thread Pool -- 48) JBAS015537: Activating WebServices Extension
[0m[0m06:34:34,867 INFO  [org.jboss.as.security] (MSC service thread 1-1) JBAS013370: Current PicketBox version=4.1.1.Final-redhat-1
[0m[0m06:34:35,088 INFO  [org.jboss.as.connector.subsystems.datasources] (ServerService Thread Pool -- 27) JBAS010403: Deploying JDBC-compliant driver class org.h2.Driver (version 1.3)
[0m[0m06:34:35,140 INFO  [org.jboss.as.naming] (MSC service thread 1-2) JBAS011802: Starting Naming Service
[0m[0m06:34:35,187 INFO  [org.jboss.as.mail.extension] (MSC service thread 1-1) JBAS015400: Bound mail session [java:jboss/mail/Default]
[0m[0m06:34:36,293 INFO  [org.apache.coyote.http11.Http11Protocol] (MSC service thread 1-2) JBWEB003001: Coyote HTTP/1.1 initializing on : http-/127.0.0.1:8080
[0m[0m06:34:36,344 INFO  [org.apache.coyote.http11.Http11Protocol] (MSC service thread 1-2) JBWEB003000: Coyote HTTP/1.1 starting on: http-/127.0.0.1:8080
[0m[0m06:34:36,714 INFO  [org.jboss.ws.common.management] (MSC service thread 1-1) JBWS022052: Starting JBoss Web Services - Stack CXF Server 4.3.4.Final-redhat-1
[0m[0m06:34:36,809 INFO  [org.jboss.as.server.deployment.scanner] (MSC service thread 1-1) JBAS015012: Started FileSystemDeploymentService for directory /home/kpeeples/gitrepository/jbossdemocentral/dv-gettingstarted/target/dv6.2/EAP-6.4.0/standalone/deployments
[0m[0m06:34:36,952 INFO  [org.jboss.as.remoting] (MSC service thread 1-2) JBAS017100: Listening on 127.0.0.1:4447
[0m[0m06:34:36,960 INFO  [org.jboss.as.remoting] (MSC service thread 1-2) JBAS017100: Listening on 127.0.0.1:9999
[0m[0m06:34:37,251 INFO  [org.jboss.as.connector.subsystems.datasources] (MSC service thread 1-1) JBAS010400: Bound data source [java:jboss/datasources/ExampleDS]
[0m[0m06:34:37,409 INFO  [org.jboss.as] (Controller Boot Thread) JBAS015961: Http management interface listening on http://127.0.0.1:9990/management
[0m[0m06:34:37,411 INFO  [org.jboss.as] (Controller Boot Thread) JBAS015951: Admin console listening on http://127.0.0.1:9990
[0m[0m06:34:37,412 INFO  [org.jboss.as] (Controller Boot Thread) JBAS015874: JBoss EAP 6.4.0.GA (AS 7.5.0.Final-redhat-21) started in 9095ms - Started 153 of 191 services (57 services are lazy, passive or on-demand)
[0m[0m06:34:52,409 INFO  [org.apache.coyote.http11.Http11Protocol] (MSC service thread 1-2) JBWEB003075: Coyote HTTP/1.1 pausing on: http-/127.0.0.1:8080
[0m[0m06:34:52,409 INFO  [org.apache.coyote.http11.Http11Protocol] (MSC service thread 1-2) JBWEB003077: Coyote HTTP/1.1 stopping on : http-/127.0.0.1:8080
[0m[0m06:34:52,468 INFO  [org.apache.catalina.core] (MSC service thread 1-2) JBWEB001079: Container org.apache.catalina.core.ContainerBase.[jboss.web].[default-host].[/] has not been started
[0m[0m06:34:52,489 INFO  [org.jboss.as.connector.subsystems.datasources] (MSC service thread 1-2) JBAS010409: Unbound data source [java:jboss/datasources/ExampleDS]
[0m[0m06:34:52,622 INFO  [org.jboss.as] (MSC service thread 1-2) JBAS015950: JBoss EAP 6.4.0.GA (AS 7.5.0.Final-redhat-21) stopped in 208ms
[0m=========================================================================

  JBoss Bootstrap Environment

  JBOSS_HOME: /home/kpeeples/gitrepository/jbossdemocentral/dv-gettingstarted/target/dv6.2/EAP-6.4.0

  JAVA: java

  JAVA_OPTS:  -server -XX:+UseCompressedOops -verbose:gc -Xloggc:"/home/kpeeples/gitrepository/jbossdemocentral/dv-gettingstarted/target/dv6.2/EAP-6.4.0/standalone/log/gc.log" -XX:+PrintGCDetails -XX:+PrintGCDateStamps -XX:+UseGCLogFileRotation -XX:NumberOfGCLogFiles=5 -XX:GCLogFileSize=3M -XX:-TraceClassUnloading -Xms1303m -Xmx1303m -XX:MaxPermSize=256m -Djava.net.preferIPv4Stack=true -Djboss.modules.system.pkgs=org.jboss.byteman -Djava.awt.headless=true -Djboss.modules.policy-permissions=true

=========================================================================

[0m06:43:35,445 INFO  [org.jboss.modules] (main) JBoss Modules version 1.3.6.Final-redhat-1
[0m[0m06:43:35,890 INFO  [org.jboss.msc] (main) JBoss MSC version 1.1.5.Final-redhat-1
[0m[0m06:43:35,995 INFO  [org.jboss.as] (MSC service thread 1-2) JBAS015899: JBoss EAP 6.4.0.GA (AS 7.5.0.Final-redhat-21) starting
[0m[0m06:43:38,537 INFO  [org.xnio] (MSC service thread 1-2) XNIO Version 3.0.13.GA-redhat-1
[0m[0m06:43:38,569 INFO  [org.xnio.nio] (MSC service thread 1-2) XNIO NIO Implementation Version 3.0.13.GA-redhat-1
[0m[0m06:43:38,576 INFO  [org.jboss.as.server] (Controller Boot Thread) JBAS015888: Creating http management service using socket-binding (management-http)
[0m[0m06:43:38,628 INFO  [org.jboss.remoting] (MSC service thread 1-2) JBoss Remoting version 3.3.4.Final-redhat-1
[0m[0m06:43:38,714 INFO  [org.jboss.as.clustering.infinispan] (ServerService Thread Pool -- 31) JBAS010280: Activating Infinispan subsystem.
[0m[0m06:43:38,778 INFO  [org.jboss.as.naming] (ServerService Thread Pool -- 39) JBAS011800: Activating Naming Subsystem
[0m[0m06:43:38,787 INFO  [org.jboss.as.jsf] (ServerService Thread Pool -- 37) JBAS012615: Activated the following JSF Implementations: [main, 1.2]
[0m[33m06:43:38,835 WARN  [org.jboss.as.txn] (ServerService Thread Pool -- 46) JBAS010153: Node identifier property is set to the default value. Please make sure it is unique.
[0m[0m06:43:38,826 INFO  [org.jboss.as.security] (ServerService Thread Pool -- 44) JBAS013371: Activating Security Subsystem
[0m[0m06:43:38,880 INFO  [org.jboss.as.webservices] (ServerService Thread Pool -- 48) JBAS015537: Activating WebServices Extension
[0m[0m06:43:38,914 INFO  [org.jboss.as.naming] (MSC service thread 1-1) JBAS011802: Starting Naming Service
[0m[0m06:43:38,949 INFO  [org.jboss.as.security] (MSC service thread 1-1) JBAS013370: Current PicketBox version=4.1.1.Final-redhat-1
[0m[0m06:43:39,052 INFO  [org.jboss.as.mail.extension] (MSC service thread 1-1) JBAS015400: Bound mail session [java:jboss/mail/Default]
[0m[0m06:43:39,121 INFO  [org.jboss.as.connector.logging] (MSC service thread 1-2) JBAS010408: Starting JCA Subsystem (IronJacamar 1.0.31.Final-redhat-1)
[0m[0m06:43:39,230 INFO  [org.jboss.as.connector.subsystems.datasources] (ServerService Thread Pool -- 27) JBAS010403: Deploying JDBC-compliant driver class org.h2.Driver (version 1.3)
[0m[0m06:43:40,187 INFO  [org.apache.coyote.http11.Http11Protocol] (MSC service thread 1-1) JBWEB003001: Coyote HTTP/1.1 initializing on : http-/127.0.0.1:8080
[0m[0m06:43:40,224 INFO  [org.apache.coyote.http11.Http11Protocol] (MSC service thread 1-1) JBWEB003000: Coyote HTTP/1.1 starting on: http-/127.0.0.1:8080
[0m[0m06:43:40,573 INFO  [org.jboss.as.server.deployment.scanner] (MSC service thread 1-2) JBAS015012: Started FileSystemDeploymentService for directory /home/kpeeples/gitrepository/jbossdemocentral/dv-gettingstarted/target/dv6.2/EAP-6.4.0/standalone/deployments
[0m[0m06:43:40,642 INFO  [org.jboss.ws.common.management] (MSC service thread 1-1) JBWS022052: Starting JBoss Web Services - Stack CXF Server 4.3.4.Final-redhat-1
[0m[0m06:43:40,690 INFO  [org.jboss.as.remoting] (MSC service thread 1-1) JBAS017100: Listening on 127.0.0.1:9999
[0m[0m06:43:40,738 INFO  [org.jboss.as.remoting] (MSC service thread 1-2) JBAS017100: Listening on 127.0.0.1:4447
[0m[0m06:43:40,841 INFO  [org.jboss.as.connector.subsystems.datasources] (MSC service thread 1-2) JBAS010400: Bound data source [java:jboss/datasources/ExampleDS]
[0m[0m06:43:41,017 INFO  [org.jboss.as] (Controller Boot Thread) JBAS015961: Http management interface listening on http://127.0.0.1:9990/management
[0m[0m06:43:41,017 INFO  [org.jboss.as] (Controller Boot Thread) JBAS015951: Admin console listening on http://127.0.0.1:9990
[0m[0m06:43:41,017 INFO  [org.jboss.as] (Controller Boot Thread) JBAS015874: JBoss EAP 6.4.0.GA (AS 7.5.0.Final-redhat-21) started in 6312ms - Started 153 of 191 services (57 services are lazy, passive or on-demand)
[0m[0m06:46:02,399 INFO  [org.apache.coyote.http11.Http11Protocol] (MSC service thread 1-2) JBWEB003075: Coyote HTTP/1.1 pausing on: http-/127.0.0.1:8080
[0m[0m06:46:02,425 INFO  [org.apache.coyote.http11.Http11Protocol] (MSC service thread 1-2) JBWEB003077: Coyote HTTP/1.1 stopping on : http-/127.0.0.1:8080
[0m[0m06:46:02,446 INFO  [org.apache.catalina.core] (MSC service thread 1-1) JBWEB001079: Container org.apache.catalina.core.ContainerBase.[jboss.web].[default-host].[/] has not been started
[0m[0m06:46:02,461 INFO  [org.jboss.as.connector.subsystems.datasources] (MSC service thread 1-1) JBAS010409: Unbound data source [java:jboss/datasources/ExampleDS]
[0m[0m06:46:02,556 INFO  [org.jboss.as] (MSC service thread 1-2) JBAS015950: JBoss EAP 6.4.0.GA (AS 7.5.0.Final-redhat-21) stopped in 197ms
[0m=========================================================================

  JBoss Bootstrap Environment

  JBOSS_HOME: /home/kpeeples/gitrepository/jbossdemocentral/dv-gettingstarted/target/dv6.2/EAP-6.4.0

  JAVA: java

  JAVA_OPTS:  -server -XX:+UseCompressedOops -verbose:gc -Xloggc:"/home/kpeeples/gitrepository/jbossdemocentral/dv-gettingstarted/target/dv6.2/EAP-6.4.0/standalone/log/gc.log" -XX:+PrintGCDetails -XX:+PrintGCDateStamps -XX:+UseGCLogFileRotation -XX:NumberOfGCLogFiles=5 -XX:GCLogFileSize=3M -XX:-TraceClassUnloading -Xms1303m -Xmx1303m -XX:MaxPermSize=256m -Djava.net.preferIPv4Stack=true -Djboss.modules.system.pkgs=org.jboss.byteman -Djava.awt.headless=true -Djboss.modules.policy-permissions=true

=========================================================================

[0m07:02:01,708 INFO  [org.jboss.modules] (main) JBoss Modules version 1.3.6.Final-redhat-1
[0m[0m07:02:02,134 INFO  [org.jboss.msc] (main) JBoss MSC version 1.1.5.Final-redhat-1
[0m[0m07:02:02,237 INFO  [org.jboss.as] (MSC service thread 1-2) JBAS015899: JBoss EAP 6.4.0.GA (AS 7.5.0.Final-redhat-21) starting
[0m[0m07:02:04,543 INFO  [org.xnio] (MSC service thread 1-1) XNIO Version 3.0.13.GA-redhat-1
[0m[0m07:02:04,566 INFO  [org.xnio.nio] (MSC service thread 1-1) XNIO NIO Implementation Version 3.0.13.GA-redhat-1
[0m[0m07:02:04,571 INFO  [org.jboss.as.server] (Controller Boot Thread) JBAS015888: Creating http management service using socket-binding (management-http)
[0m[0m07:02:04,619 INFO  [org.jboss.remoting] (MSC service thread 1-1) JBoss Remoting version 3.3.4.Final-redhat-1
[0m[0m07:02:04,716 INFO  [org.jboss.as.clustering.infinispan] (ServerService Thread Pool -- 31) JBAS010280: Activating Infinispan subsystem.
[0m[0m07:02:04,804 INFO  [org.jboss.as.naming] (ServerService Thread Pool -- 39) JBAS011800: Activating Naming Subsystem
[0m[0m07:02:04,831 INFO  [org.jboss.as.jsf] (ServerService Thread Pool -- 37) JBAS012615: Activated the following JSF Implementations: [main, 1.2]
[0m[0m07:02:04,841 INFO  [org.jboss.as.security] (ServerService Thread Pool -- 44) JBAS013371: Activating Security Subsystem
[0m[33m07:02:04,893 WARN  [org.jboss.as.txn] (ServerService Thread Pool -- 46) JBAS010153: Node identifier property is set to the default value. Please make sure it is unique.
[0m[0m07:02:04,902 INFO  [org.jboss.as.security] (MSC service thread 1-2) JBAS013370: Current PicketBox version=4.1.1.Final-redhat-1
[0m[0m07:02:04,980 INFO  [org.jboss.as.webservices] (ServerService Thread Pool -- 48) JBAS015537: Activating WebServices Extension
[0m[0m07:02:05,109 INFO  [org.jboss.as.connector.logging] (MSC service thread 1-1) JBAS010408: Starting JCA Subsystem (IronJacamar 1.0.31.Final-redhat-1)
[0m[0m07:02:05,188 INFO  [org.jboss.as.naming] (MSC service thread 1-2) JBAS011802: Starting Naming Service
[0m[0m07:02:05,189 INFO  [org.jboss.as.connector.subsystems.datasources] (ServerService Thread Pool -- 27) JBAS010403: Deploying JDBC-compliant driver class org.h2.Driver (version 1.3)
[0m[0m07:02:05,239 INFO  [org.jboss.as.mail.extension] (MSC service thread 1-1) JBAS015400: Bound mail session [java:jboss/mail/Default]
[0m[0m07:02:06,181 INFO  [org.apache.coyote.http11.Http11Protocol] (MSC service thread 1-1) JBWEB003001: Coyote HTTP/1.1 initializing on : http-/127.0.0.1:8080
[0m[0m07:02:06,225 INFO  [org.apache.coyote.http11.Http11Protocol] (MSC service thread 1-1) JBWEB003000: Coyote HTTP/1.1 starting on: http-/127.0.0.1:8080
[0m[0m07:02:06,502 INFO  [org.jboss.ws.common.management] (MSC service thread 1-2) JBWS022052: Starting JBoss Web Services - Stack CXF Server 4.3.4.Final-redhat-1
[0m[0m07:02:06,630 INFO  [org.jboss.as.server.deployment.scanner] (MSC service thread 1-2) JBAS015012: Started FileSystemDeploymentService for directory /home/kpeeples/gitrepository/jbossdemocentral/dv-gettingstarted/target/dv6.2/EAP-6.4.0/standalone/deployments
[0m[0m07:02:06,750 INFO  [org.jboss.as.remoting] (MSC service thread 1-1) JBAS017100: Listening on 127.0.0.1:9999
[0m[0m07:02:06,757 INFO  [org.jboss.as.remoting] (MSC service thread 1-1) JBAS017100: Listening on 127.0.0.1:4447
[0m[0m07:02:06,896 INFO  [org.jboss.as.connector.subsystems.datasources] (MSC service thread 1-1) JBAS010400: Bound data source [java:jboss/datasources/ExampleDS]
[0m[0m07:02:07,022 INFO  [org.jboss.as] (Controller Boot Thread) JBAS015961: Http management interface listening on http://127.0.0.1:9990/management
[0m[0m07:02:07,023 INFO  [org.jboss.as] (Controller Boot Thread) JBAS015951: Admin console listening on http://127.0.0.1:9990
[0m[0m07:02:07,025 INFO  [org.jboss.as] (Controller Boot Thread) JBAS015874: JBoss EAP 6.4.0.GA (AS 7.5.0.Final-redhat-21) started in 6059ms - Started 153 of 191 services (57 services are lazy, passive or on-demand)
[0m[0m07:03:08,601 INFO  [org.apache.coyote.http11.Http11Protocol] (MSC service thread 1-1) JBWEB003075: Coyote HTTP/1.1 pausing on: http-/127.0.0.1:8080
[0m[0m07:03:08,620 INFO  [org.apache.coyote.http11.Http11Protocol] (MSC service thread 1-1) JBWEB003077: Coyote HTTP/1.1 stopping on : http-/127.0.0.1:8080
[0m[0m07:03:08,669 INFO  [org.apache.catalina.core] (MSC service thread 1-1) JBWEB001079: Container org.apache.catalina.core.ContainerBase.[jboss.web].[default-host].[/] has not been started
[0m[0m07:03:08,703 INFO  [org.jboss.as.connector.subsystems.datasources] (MSC service thread 1-1) JBAS010409: Unbound data source [java:jboss/datasources/ExampleDS]
[0m[0m07:03:08,804 INFO  [org.jboss.as] (MSC service thread 1-1) JBAS015950: JBoss EAP 6.4.0.GA (AS 7.5.0.Final-redhat-21) stopped in 129ms
[0m=========================================================================

  JBoss Bootstrap Environment

  JBOSS_HOME: /home/kpeeples/gitrepository/jbossdemocentral/dv-gettingstarted/target/dv6.2/EAP-6.4.0

  JAVA: java

  JAVA_OPTS:  -server -XX:+UseCompressedOops -verbose:gc -Xloggc:"/home/kpeeples/gitrepository/jbossdemocentral/dv-gettingstarted/target/dv6.2/EAP-6.4.0/standalone/log/gc.log" -XX:+PrintGCDetails -XX:+PrintGCDateStamps -XX:+UseGCLogFileRotation -XX:NumberOfGCLogFiles=5 -XX:GCLogFileSize=3M -XX:-TraceClassUnloading -Xms1303m -Xmx1303m -XX:MaxPermSize=256m -Djava.net.preferIPv4Stack=true -Djboss.modules.system.pkgs=org.jboss.byteman -Djava.awt.headless=true -Djboss.modules.policy-permissions=true

=========================================================================

[0m07:10:39,623 INFO  [org.jboss.modules] (main) JBoss Modules version 1.3.6.Final-redhat-1
[0m[0m07:10:40,005 INFO  [org.jboss.msc] (main) JBoss MSC version 1.1.5.Final-redhat-1
[0m[0m07:10:40,107 INFO  [org.jboss.as] (MSC service thread 1-2) JBAS015899: JBoss EAP 6.4.0.GA (AS 7.5.0.Final-redhat-21) starting
[0m[0m07:10:42,705 INFO  [org.xnio] (MSC service thread 1-2) XNIO Version 3.0.13.GA-redhat-1
[0m[0m07:10:42,723 INFO  [org.xnio.nio] (MSC service thread 1-2) XNIO NIO Implementation Version 3.0.13.GA-redhat-1
[0m[0m07:10:42,737 INFO  [org.jboss.as.server] (Controller Boot Thread) JBAS015888: Creating http management service using socket-binding (management-http)
[0m[0m07:10:42,783 INFO  [org.jboss.remoting] (MSC service thread 1-2) JBoss Remoting version 3.3.4.Final-redhat-1
[0m[0m07:10:42,874 INFO  [org.jboss.as.clustering.infinispan] (ServerService Thread Pool -- 31) JBAS010280: Activating Infinispan subsystem.
[0m[0m07:10:42,956 INFO  [org.jboss.as.jsf] (ServerService Thread Pool -- 37) JBAS012615: Activated the following JSF Implementations: [main, 1.2]
[0m[0m07:10:42,958 INFO  [org.jboss.as.naming] (ServerService Thread Pool -- 39) JBAS011800: Activating Naming Subsystem
[0m[33m07:10:43,002 WARN  [org.jboss.as.txn] (ServerService Thread Pool -- 46) JBAS010153: Node identifier property is set to the default value. Please make sure it is unique.
[0m[0m07:10:42,976 INFO  [org.jboss.as.security] (ServerService Thread Pool -- 44) JBAS013371: Activating Security Subsystem
[0m[0m07:10:43,038 INFO  [org.jboss.as.webservices] (ServerService Thread Pool -- 48) JBAS015537: Activating WebServices Extension
[0m[0m07:10:43,226 INFO  [org.jboss.as.connector.logging] (MSC service thread 1-1) JBAS010408: Starting JCA Subsystem (IronJacamar 1.0.31.Final-redhat-1)
[0m[0m07:10:43,332 INFO  [org.jboss.as.security] (MSC service thread 1-2) JBAS013370: Current PicketBox version=4.1.1.Final-redhat-1
[0m[0m07:10:43,412 INFO  [org.jboss.as.naming] (MSC service thread 1-1) JBAS011802: Starting Naming Service
[0m[0m07:10:43,436 INFO  [org.jboss.as.connector.subsystems.datasources] (ServerService Thread Pool -- 27) JBAS010403: Deploying JDBC-compliant driver class org.h2.Driver (version 1.3)
[0m[0m07:10:43,470 INFO  [org.jboss.as.mail.extension] (MSC service thread 1-1) JBAS015400: Bound mail session [java:jboss/mail/Default]
[0m[0m07:10:44,238 INFO  [org.apache.coyote.http11.Http11Protocol] (MSC service thread 1-1) JBWEB003001: Coyote HTTP/1.1 initializing on : http-/127.0.0.1:8080
[0m[0m07:10:44,297 INFO  [org.apache.coyote.http11.Http11Protocol] (MSC service thread 1-1) JBWEB003000: Coyote HTTP/1.1 starting on: http-/127.0.0.1:8080
[0m[0m07:10:44,598 INFO  [org.jboss.ws.common.management] (MSC service thread 1-2) JBWS022052: Starting JBoss Web Services - Stack CXF Server 4.3.4.Final-redhat-1
[0m[0m07:10:44,691 INFO  [org.jboss.as.server.deployment.scanner] (MSC service thread 1-2) JBAS015012: Started FileSystemDeploymentService for directory /home/kpeeples/gitrepository/jbossdemocentral/dv-gettingstarted/target/dv6.2/EAP-6.4.0/standalone/deployments
[0m[0m07:10:44,827 INFO  [org.jboss.as.remoting] (MSC service thread 1-1) JBAS017100: Listening on 127.0.0.1:9999
[0m[0m07:10:44,834 INFO  [org.jboss.as.remoting] (MSC service thread 1-1) JBAS017100: Listening on 127.0.0.1:4447
[0m[0m07:10:45,059 INFO  [org.jboss.as.connector.subsystems.datasources] (MSC service thread 1-1) JBAS010400: Bound data source [java:jboss/datasources/ExampleDS]
[0m[0m07:10:45,193 INFO  [org.jboss.as] (Controller Boot Thread) JBAS015961: Http management interface listening on http://127.0.0.1:9990/management
[0m[0m07:10:45,193 INFO  [org.jboss.as] (Controller Boot Thread) JBAS015951: Admin console listening on http://127.0.0.1:9990
[0m[0m07:10:45,193 INFO  [org.jboss.as] (Controller Boot Thread) JBAS015874: JBoss EAP 6.4.0.GA (AS 7.5.0.Final-redhat-21) started in 6371ms - Started 153 of 191 services (57 services are lazy, passive or on-demand)
[0m[0m07:11:14,880 INFO  [org.apache.coyote.http11.Http11Protocol] (MSC service thread 1-2) JBWEB003075: Coyote HTTP/1.1 pausing on: http-/127.0.0.1:8080
[0m[0m07:11:14,898 INFO  [org.apache.coyote.http11.Http11Protocol] (MSC service thread 1-2) JBWEB003077: Coyote HTTP/1.1 stopping on : http-/127.0.0.1:8080
[0m[0m07:11:14,939 INFO  [org.apache.catalina.core] (MSC service thread 1-1) JBWEB001079: Container org.apache.catalina.core.ContainerBase.[jboss.web].[default-host].[/] has not been started
[0m[0m07:11:14,956 INFO  [org.jboss.as.connector.subsystems.datasources] (MSC service thread 1-2) JBAS010409: Unbound data source [java:jboss/datasources/ExampleDS]
[0m[0m07:11:15,001 INFO  [org.jboss.as] (MSC service thread 1-1) JBAS015950: JBoss EAP 6.4.0.GA (AS 7.5.0.Final-redhat-21) stopped in 89ms
[0m=========================================================================

  JBoss Bootstrap Environment

  JBOSS_HOME: /home/kpeeples/gitrepository/jbossdemocentral/dv-gettingstarted/target/dv6.2/EAP-6.4.0

  JAVA: java

  JAVA_OPTS:  -server -XX:+UseCompressedOops -verbose:gc -Xloggc:"/home/kpeeples/gitrepository/jbossdemocentral/dv-gettingstarted/target/dv6.2/EAP-6.4.0/standalone/log/gc.log" -XX:+PrintGCDetails -XX:+PrintGCDateStamps -XX:+UseGCLogFileRotation -XX:NumberOfGCLogFiles=5 -XX:GCLogFileSize=3M -XX:-TraceClassUnloading -Xms1303m -Xmx1303m -XX:MaxPermSize=256m -Djava.net.preferIPv4Stack=true -Djboss.modules.system.pkgs=org.jboss.byteman -Djava.awt.headless=true -Djboss.modules.policy-permissions=true

=========================================================================

[0m07:14:47,264 INFO  [org.jboss.modules] (main) JBoss Modules version 1.3.6.Final-redhat-1
[0m[0m07:14:47,650 INFO  [org.jboss.msc] (main) JBoss MSC version 1.1.5.Final-redhat-1
[0m[0m07:14:47,754 INFO  [org.jboss.as] (MSC service thread 1-2) JBAS015899: JBoss EAP 6.4.0.GA (AS 7.5.0.Final-redhat-21) starting
[0m[0m07:14:51,180 INFO  [org.xnio] (MSC service thread 1-2) XNIO Version 3.0.13.GA-redhat-1
[0m[0m07:14:51,218 INFO  [org.xnio.nio] (MSC service thread 1-2) XNIO NIO Implementation Version 3.0.13.GA-redhat-1
[0m[0m07:14:51,236 INFO  [org.jboss.as.server] (Controller Boot Thread) JBAS015888: Creating http management service using socket-binding (management-http)
[0m[0m07:14:51,314 INFO  [org.jboss.remoting] (MSC service thread 1-2) JBoss Remoting version 3.3.4.Final-redhat-1
[0m[0m07:14:51,506 INFO  [org.jboss.as.clustering.infinispan] (ServerService Thread Pool -- 31) JBAS010280: Activating Infinispan subsystem.
[0m[0m07:14:51,563 INFO  [org.jboss.as.jsf] (ServerService Thread Pool -- 37) JBAS012615: Activated the following JSF Implementations: [main, 1.2]
[0m[33m07:14:51,603 WARN  [org.jboss.as.txn] (ServerService Thread Pool -- 46) JBAS010153: Node identifier property is set to the default value. Please make sure it is unique.
[0m[0m07:14:51,585 INFO  [org.jboss.as.security] (ServerService Thread Pool -- 44) JBAS013371: Activating Security Subsystem
[0m[0m07:14:51,630 INFO  [org.jboss.as.naming] (ServerService Thread Pool -- 39) JBAS011800: Activating Naming Subsystem
[0m[0m07:14:51,659 INFO  [org.jboss.as.webservices] (ServerService Thread Pool -- 48) JBAS015537: Activating WebServices Extension
[0m[0m07:14:51,737 INFO  [org.jboss.as.security] (MSC service thread 1-2) JBAS013370: Current PicketBox version=4.1.1.Final-redhat-1
[0m[0m07:14:51,918 INFO  [org.jboss.as.connector.logging] (MSC service thread 1-1) JBAS010408: Starting JCA Subsystem (IronJacamar 1.0.31.Final-redhat-1)
[0m[0m07:14:52,110 INFO  [org.jboss.as.connector.subsystems.datasources] (ServerService Thread Pool -- 27) JBAS010403: Deploying JDBC-compliant driver class org.h2.Driver (version 1.3)
[0m[0m07:14:52,248 INFO  [org.jboss.as.naming] (MSC service thread 1-1) JBAS011802: Starting Naming Service
[0m[0m07:14:52,290 INFO  [org.jboss.as.mail.extension] (MSC service thread 1-2) JBAS015400: Bound mail session [java:jboss/mail/Default]
[0m[0m07:14:53,386 INFO  [org.apache.coyote.http11.Http11Protocol] (MSC service thread 1-1) JBWEB003001: Coyote HTTP/1.1 initializing on : http-/127.0.0.1:8080
[0m[0m07:14:53,448 INFO  [org.apache.coyote.http11.Http11Protocol] (MSC service thread 1-1) JBWEB003000: Coyote HTTP/1.1 starting on: http-/127.0.0.1:8080
[0m[0m07:14:53,791 INFO  [org.jboss.ws.common.management] (MSC service thread 1-2) JBWS022052: Starting JBoss Web Services - Stack CXF Server 4.3.4.Final-redhat-1
[0m[0m07:14:53,946 INFO  [org.jboss.as.server.deployment.scanner] (MSC service thread 1-2) JBAS015012: Started FileSystemDeploymentService for directory /home/kpeeples/gitrepository/jbossdemocentral/dv-gettingstarted/target/dv6.2/EAP-6.4.0/standalone/deployments
[0m[0m07:14:54,160 INFO  [org.jboss.as.remoting] (MSC service thread 1-1) JBAS017100: Listening on 127.0.0.1:4447
[0m[0m07:14:54,163 INFO  [org.jboss.as.remoting] (MSC service thread 1-2) JBAS017100: Listening on 127.0.0.1:9999
[0m[0m07:14:54,378 INFO  [org.jboss.as.connector.subsystems.datasources] (MSC service thread 1-2) JBAS010400: Bound data source [java:jboss/datasources/ExampleDS]
[0m[0m07:14:54,590 INFO  [org.jboss.as] (Controller Boot Thread) JBAS015961: Http management interface listening on http://127.0.0.1:9990/management
[0m[0m07:14:54,591 INFO  [org.jboss.as] (Controller Boot Thread) JBAS015951: Admin console listening on http://127.0.0.1:9990
[0m[0m07:14:54,591 INFO  [org.jboss.as] (Controller Boot Thread) JBAS015874: JBoss EAP 6.4.0.GA (AS 7.5.0.Final-redhat-21) started in 8154ms - Started 153 of 191 services (57 services are lazy, passive or on-demand)
[0m[0m07:15:18,727 INFO  [org.apache.coyote.http11.Http11Protocol] (MSC service thread 1-2) JBWEB003075: Coyote HTTP/1.1 pausing on: http-/127.0.0.1:8080
[0m[0m07:15:18,749 INFO  [org.apache.coyote.http11.Http11Protocol] (MSC service thread 1-2) JBWEB003077: Coyote HTTP/1.1 stopping on : http-/127.0.0.1:8080
[0m[0m07:15:18,792 INFO  [org.apache.catalina.core] (MSC service thread 1-1) JBWEB001079: Container org.apache.catalina.core.ContainerBase.[jboss.web].[default-host].[/] has not been started
[0m[0m07:15:18,832 INFO  [org.jboss.as.connector.subsystems.datasources] (MSC service thread 1-1) JBAS010409: Unbound data source [java:jboss/datasources/ExampleDS]
[0m[0m07:15:18,888 INFO  [org.jboss.as] (MSC service thread 1-1) JBAS015950: JBoss EAP 6.4.0.GA (AS 7.5.0.Final-redhat-21) stopped in 114ms
[0m=========================================================================

  JBoss Bootstrap Environment

  JBOSS_HOME: /home/kpeeples/gitrepository/jbossdemocentral/dv-gettingstarted/target/dv6.2/EAP-6.4.0

  JAVA: java

  JAVA_OPTS:  -server -XX:+UseCompressedOops -verbose:gc -Xloggc:"/home/kpeeples/gitrepository/jbossdemocentral/dv-gettingstarted/target/dv6.2/EAP-6.4.0/standalone/log/gc.log" -XX:+PrintGCDetails -XX:+PrintGCDateStamps -XX:+UseGCLogFileRotation -XX:NumberOfGCLogFiles=5 -XX:GCLogFileSize=3M -XX:-TraceClassUnloading -Xms1303m -Xmx1303m -XX:MaxPermSize=256m -Djava.net.preferIPv4Stack=true -Djboss.modules.system.pkgs=org.jboss.byteman -Djava.awt.headless=true -Djboss.modules.policy-permissions=true

=========================================================================

[0m07:35:28,558 INFO  [org.jboss.modules] (main) JBoss Modules version 1.3.6.Final-redhat-1
[0m[0m07:35:29,114 INFO  [org.jboss.msc] (main) JBoss MSC version 1.1.5.Final-redhat-1
[0m[0m07:35:29,263 INFO  [org.jboss.as] (MSC service thread 1-2) JBAS015899: JBoss EAP 6.4.0.GA (AS 7.5.0.Final-redhat-21) starting
[0m[0m07:35:32,809 INFO  [org.xnio] (MSC service thread 1-2) XNIO Version 3.0.13.GA-redhat-1
[0m[0m07:35:32,834 INFO  [org.xnio.nio] (MSC service thread 1-2) XNIO NIO Implementation Version 3.0.13.GA-redhat-1
[0m[0m07:35:32,844 INFO  [org.jboss.as.server] (Controller Boot Thread) JBAS015888: Creating http management service using socket-binding (management-http)
[0m[0m07:35:32,968 INFO  [org.jboss.remoting] (MSC service thread 1-2) JBoss Remoting version 3.3.4.Final-redhat-1
[0m[0m07:35:33,107 INFO  [org.jboss.as.clustering.infinispan] (ServerService Thread Pool -- 31) JBAS010280: Activating Infinispan subsystem.
[0m[0m07:35:33,166 INFO  [org.jboss.as.security] (ServerService Thread Pool -- 44) JBAS013371: Activating Security Subsystem
[0m[0m07:35:33,185 INFO  [org.jboss.as.jsf] (ServerService Thread Pool -- 37) JBAS012615: Activated the following JSF Implementations: [main, 1.2]
[0m[33m07:35:33,174 WARN  [org.jboss.as.txn] (ServerService Thread Pool -- 46) JBAS010153: Node identifier property is set to the default value. Please make sure it is unique.
[0m[0m07:35:33,231 INFO  [org.jboss.as.naming] (ServerService Thread Pool -- 39) JBAS011800: Activating Naming Subsystem
[0m[0m07:35:33,290 INFO  [org.jboss.as.webservices] (ServerService Thread Pool -- 48) JBAS015537: Activating WebServices Extension
[0m[0m07:35:33,437 INFO  [org.jboss.as.security] (MSC service thread 1-2) JBAS013370: Current PicketBox version=4.1.1.Final-redhat-1
[0m[0m07:35:33,665 INFO  [org.jboss.as.connector.logging] (MSC service thread 1-2) JBAS010408: Starting JCA Subsystem (IronJacamar 1.0.31.Final-redhat-1)
[0m[0m07:35:33,811 INFO  [org.jboss.as.connector.subsystems.datasources] (ServerService Thread Pool -- 27) JBAS010403: Deploying JDBC-compliant driver class org.h2.Driver (version 1.3)
[0m[0m07:35:33,840 INFO  [org.jboss.as.naming] (MSC service thread 1-1) JBAS011802: Starting Naming Service
[0m[0m07:35:33,856 INFO  [org.jboss.as.mail.extension] (MSC service thread 1-2) JBAS015400: Bound mail session [java:jboss/mail/Default]
[0m[0m07:35:34,948 INFO  [org.apache.coyote.http11.Http11Protocol] (MSC service thread 1-2) JBWEB003001: Coyote HTTP/1.1 initializing on : http-/127.0.0.1:8080
[0m[0m07:35:35,007 INFO  [org.apache.coyote.http11.Http11Protocol] (MSC service thread 1-2) JBWEB003000: Coyote HTTP/1.1 starting on: http-/127.0.0.1:8080
[0m[0m07:35:35,426 INFO  [org.jboss.ws.common.management] (MSC service thread 1-1) JBWS022052: Starting JBoss Web Services - Stack CXF Server 4.3.4.Final-redhat-1
[0m[0m07:35:35,524 INFO  [org.jboss.as.server.deployment.scanner] (MSC service thread 1-2) JBAS015012: Started FileSystemDeploymentService for directory /home/kpeeples/gitrepository/jbossdemocentral/dv-gettingstarted/target/dv6.2/EAP-6.4.0/standalone/deployments
[0m[0m07:35:35,725 INFO  [org.jboss.as.remoting] (MSC service thread 1-2) JBAS017100: Listening on 127.0.0.1:4447
[0m[0m07:35:35,727 INFO  [org.jboss.as.remoting] (MSC service thread 1-1) JBAS017100: Listening on 127.0.0.1:9999
[0m[0m07:35:36,005 INFO  [org.jboss.as.connector.subsystems.datasources] (MSC service thread 1-2) JBAS010400: Bound data source [java:jboss/datasources/ExampleDS]
[0m[0m07:35:36,170 INFO  [org.jboss.as] (Controller Boot Thread) JBAS015961: Http management interface listening on http://127.0.0.1:9990/management
[0m[0m07:35:36,170 INFO  [org.jboss.as] (Controller Boot Thread) JBAS015951: Admin console listening on http://127.0.0.1:9990
[0m[0m07:35:36,171 INFO  [org.jboss.as] (Controller Boot Thread) JBAS015874: JBoss EAP 6.4.0.GA (AS 7.5.0.Final-redhat-21) started in 8675ms - Started 153 of 191 services (57 services are lazy, passive or on-demand)
[0m[0m07:36:10,127 INFO  [org.apache.catalina.core] (MSC service thread 1-2) JBWEB001079: Container org.apache.catalina.core.ContainerBase.[jboss.web].[default-host].[/] has not been started
[0m[0m07:36:10,137 INFO  [org.apache.coyote.http11.Http11Protocol] (MSC service thread 1-1) JBWEB003075: Coyote HTTP/1.1 pausing on: http-/127.0.0.1:8080
[0m[0m07:36:10,155 INFO  [org.apache.coyote.http11.Http11Protocol] (MSC service thread 1-1) JBWEB003077: Coyote HTTP/1.1 stopping on : http-/127.0.0.1:8080
[0m[0m07:36:10,188 INFO  [org.jboss.as.connector.subsystems.datasources] (MSC service thread 1-2) JBAS010409: Unbound data source [java:jboss/datasources/ExampleDS]
[0m[0m07:36:10,249 INFO  [org.jboss.as] (MSC service thread 1-2) JBAS015950: JBoss EAP 6.4.0.GA (AS 7.5.0.Final-redhat-21) stopped in 189ms
[0m=========================================================================

  JBoss Bootstrap Environment

  JBOSS_HOME: /home/kpeeples/gitrepository/jbossdemocentral/dv-gettingstarted/target/dv6.2/EAP-6.4.0

  JAVA: java

  JAVA_OPTS:  -server -XX:+UseCompressedOops -verbose:gc -Xloggc:"/home/kpeeples/gitrepository/jbossdemocentral/dv-gettingstarted/target/dv6.2/EAP-6.4.0/standalone/log/gc.log" -XX:+PrintGCDetails -XX:+PrintGCDateStamps -XX:+UseGCLogFileRotation -XX:NumberOfGCLogFiles=5 -XX:GCLogFileSize=3M -XX:-TraceClassUnloading -Xms1303m -Xmx1303m -XX:MaxPermSize=256m -Djava.net.preferIPv4Stack=true -Djboss.modules.system.pkgs=org.jboss.byteman -Djava.awt.headless=true -Djboss.modules.policy-permissions=true

=========================================================================

[0m07:38:07,672 INFO  [org.jboss.modules] (main) JBoss Modules version 1.3.6.Final-redhat-1
[0m[0m07:38:08,251 INFO  [org.jboss.msc] (main) JBoss MSC version 1.1.5.Final-redhat-1
[0m[0m07:38:08,418 INFO  [org.jboss.as] (MSC service thread 1-1) JBAS015899: JBoss EAP 6.4.0.GA (AS 7.5.0.Final-redhat-21) starting
[0m[0m07:38:11,555 INFO  [org.xnio] (MSC service thread 1-2) XNIO Version 3.0.13.GA-redhat-1
[0m[0m07:38:11,596 INFO  [org.jboss.as.server] (Controller Boot Thread) JBAS015888: Creating http management service using socket-binding (management-http)
[0m[0m07:38:11,602 INFO  [org.xnio.nio] (MSC service thread 1-2) XNIO NIO Implementation Version 3.0.13.GA-redhat-1
[0m[0m07:38:11,666 INFO  [org.jboss.remoting] (MSC service thread 1-2) JBoss Remoting version 3.3.4.Final-redhat-1
[0m[0m07:38:11,782 INFO  [org.jboss.as.clustering.infinispan] (ServerService Thread Pool -- 31) JBAS010280: Activating Infinispan subsystem.
[0m[0m07:38:11,842 INFO  [org.jboss.as.jsf] (ServerService Thread Pool -- 37) JBAS012615: Activated the following JSF Implementations: [main, 1.2]
[0m[0m07:38:11,853 INFO  [org.jboss.as.security] (ServerService Thread Pool -- 44) JBAS013371: Activating Security Subsystem
[0m[33m07:38:11,861 WARN  [org.jboss.as.txn] (ServerService Thread Pool -- 46) JBAS010153: Node identifier property is set to the default value. Please make sure it is unique.
[0m[0m07:38:11,885 INFO  [org.jboss.as.naming] (ServerService Thread Pool -- 39) JBAS011800: Activating Naming Subsystem
[0m[0m07:38:11,877 INFO  [org.jboss.as.webservices] (ServerService Thread Pool -- 48) JBAS015537: Activating WebServices Extension
[0m[0m07:38:12,022 INFO  [org.jboss.as.security] (MSC service thread 1-2) JBAS013370: Current PicketBox version=4.1.1.Final-redhat-1
[0m[0m07:38:12,294 INFO  [org.jboss.as.connector.logging] (MSC service thread 1-1) JBAS010408: Starting JCA Subsystem (IronJacamar 1.0.31.Final-redhat-1)
[0m[0m07:38:12,361 INFO  [org.jboss.as.connector.subsystems.datasources] (ServerService Thread Pool -- 27) JBAS010403: Deploying JDBC-compliant driver class org.h2.Driver (version 1.3)
[0m[0m07:38:12,471 INFO  [org.jboss.as.naming] (MSC service thread 1-2) JBAS011802: Starting Naming Service
[0m[0m07:38:12,575 INFO  [org.jboss.as.mail.extension] (MSC service thread 1-1) JBAS015400: Bound mail session [java:jboss/mail/Default]
[0m[0m07:38:13,827 INFO  [org.apache.coyote.http11.Http11Protocol] (MSC service thread 1-2) JBWEB003001: Coyote HTTP/1.1 initializing on : http-/127.0.0.1:8080
[0m[0m07:38:13,911 INFO  [org.apache.coyote.http11.Http11Protocol] (MSC service thread 1-2) JBWEB003000: Coyote HTTP/1.1 starting on: http-/127.0.0.1:8080
[0m[0m07:38:14,184 INFO  [org.jboss.ws.common.management] (MSC service thread 1-1) JBWS022052: Starting JBoss Web Services - Stack CXF Server 4.3.4.Final-redhat-1
[0m[0m07:38:14,276 INFO  [org.jboss.as.server.deployment.scanner] (MSC service thread 1-1) JBAS015012: Started FileSystemDeploymentService for directory /home/kpeeples/gitrepository/jbossdemocentral/dv-gettingstarted/target/dv6.2/EAP-6.4.0/standalone/deployments
[0m[0m07:38:14,519 INFO  [org.jboss.as.remoting] (MSC service thread 1-2) JBAS017100: Listening on 127.0.0.1:9999
[0m[0m07:38:14,528 INFO  [org.jboss.as.remoting] (MSC service thread 1-2) JBAS017100: Listening on 127.0.0.1:4447
[0m[0m07:38:14,730 INFO  [org.jboss.as.connector.subsystems.datasources] (MSC service thread 1-2) JBAS010400: Bound data source [java:jboss/datasources/ExampleDS]
[0m[0m07:38:14,893 INFO  [org.jboss.as] (Controller Boot Thread) JBAS015961: Http management interface listening on http://127.0.0.1:9990/management
[0m[0m07:38:14,893 INFO  [org.jboss.as] (Controller Boot Thread) JBAS015951: Admin console listening on http://127.0.0.1:9990
[0m[0m07:38:14,895 INFO  [org.jboss.as] (Controller Boot Thread) JBAS015874: JBoss EAP 6.4.0.GA (AS 7.5.0.Final-redhat-21) started in 8256ms - Started 153 of 191 services (57 services are lazy, passive or on-demand)
[0m[0m07:38:44,169 INFO  [org.apache.coyote.http11.Http11Protocol] (MSC service thread 1-1) JBWEB003075: Coyote HTTP/1.1 pausing on: http-/127.0.0.1:8080
[0m[0m07:38:44,183 INFO  [org.apache.coyote.http11.Http11Protocol] (MSC service thread 1-1) JBWEB003077: Coyote HTTP/1.1 stopping on : http-/127.0.0.1:8080
[0m[0m07:38:44,256 INFO  [org.jboss.as.connector.subsystems.datasources] (MSC service thread 1-2) JBAS010409: Unbound data source [java:jboss/datasources/ExampleDS]
[0m[0m07:38:44,249 INFO  [org.apache.catalina.core] (MSC service thread 1-1) JBWEB001079: Container org.apache.catalina.core.ContainerBase.[jboss.web].[default-host].[/] has not been started
[0m[0m07:38:44,339 INFO  [org.jboss.as] (MSC service thread 1-2) JBAS015950: JBoss EAP 6.4.0.GA (AS 7.5.0.Final-redhat-21) stopped in 147ms
[0m=========================================================================

  JBoss Bootstrap Environment

  JBOSS_HOME: /home/kpeeples/gitrepository/jbossdemocentral/dv-gettingstarted/target/dv6.2/EAP-6.4.0

  JAVA: java

  JAVA_OPTS:  -server -XX:+UseCompressedOops -verbose:gc -Xloggc:"/home/kpeeples/gitrepository/jbossdemocentral/dv-gettingstarted/target/dv6.2/EAP-6.4.0/standalone/log/gc.log" -XX:+PrintGCDetails -XX:+PrintGCDateStamps -XX:+UseGCLogFileRotation -XX:NumberOfGCLogFiles=5 -XX:GCLogFileSize=3M -XX:-TraceClassUnloading -Xms1303m -Xmx1303m -XX:MaxPermSize=256m -Djava.net.preferIPv4Stack=true -Djboss.modules.system.pkgs=org.jboss.byteman -Djava.awt.headless=true -Djboss.modules.policy-permissions=true

=========================================================================

[0m09:42:22,130 INFO  [org.jboss.modules] (main) JBoss Modules version 1.3.6.Final-redhat-1
[0m[0m09:42:22,790 INFO  [org.jboss.msc] (main) JBoss MSC version 1.1.5.Final-redhat-1
[0m[0m09:42:22,950 INFO  [org.jboss.as] (MSC service thread 1-2) JBAS015899: JBoss EAP 6.4.0.GA (AS 7.5.0.Final-redhat-21) starting
[0m[0m09:42:28,167 INFO  [org.xnio] (MSC service thread 1-1) XNIO Version 3.0.13.GA-redhat-1
[0m[0m09:42:28,213 INFO  [org.jboss.as.server] (Controller Boot Thread) JBAS015888: Creating http management service using socket-binding (management-http)
[0m[0m09:42:28,221 INFO  [org.xnio.nio] (MSC service thread 1-1) XNIO NIO Implementation Version 3.0.13.GA-redhat-1
[0m[0m09:42:28,288 INFO  [org.jboss.remoting] (MSC service thread 1-1) JBoss Remoting version 3.3.4.Final-redhat-1
[0m[0m09:42:28,419 INFO  [org.jboss.as.clustering.infinispan] (ServerService Thread Pool -- 31) JBAS010280: Activating Infinispan subsystem.
[0m[0m09:42:28,494 INFO  [org.jboss.as.security] (ServerService Thread Pool -- 44) JBAS013371: Activating Security Subsystem
[0m[33m09:42:28,482 WARN  [org.jboss.as.txn] (ServerService Thread Pool -- 46) JBAS010153: Node identifier property is set to the default value. Please make sure it is unique.
[0m[0m09:42:28,542 INFO  [org.jboss.as.naming] (ServerService Thread Pool -- 39) JBAS011800: Activating Naming Subsystem
[0m[0m09:42:28,595 INFO  [org.jboss.as.jsf] (ServerService Thread Pool -- 37) JBAS012615: Activated the following JSF Implementations: [main, 1.2]
[0m[0m09:42:28,597 INFO  [org.jboss.as.webservices] (ServerService Thread Pool -- 48) JBAS015537: Activating WebServices Extension
[0m[0m09:42:28,736 INFO  [org.jboss.as.connector.logging] (MSC service thread 1-1) JBAS010408: Starting JCA Subsystem (IronJacamar 1.0.31.Final-redhat-1)
[0m[0m09:42:28,744 INFO  [org.jboss.as.security] (MSC service thread 1-1) JBAS013370: Current PicketBox version=4.1.1.Final-redhat-1
[0m[0m09:42:29,212 INFO  [org.jboss.as.naming] (MSC service thread 1-1) JBAS011802: Starting Naming Service
[0m[0m09:42:29,283 INFO  [org.jboss.as.connector.subsystems.datasources] (ServerService Thread Pool -- 27) JBAS010403: Deploying JDBC-compliant driver class org.h2.Driver (version 1.3)
[0m[0m09:42:29,302 INFO  [org.jboss.as.mail.extension] (MSC service thread 1-2) JBAS015400: Bound mail session [java:jboss/mail/Default]
[0m[0m09:42:31,298 INFO  [org.apache.coyote.http11.Http11Protocol] (MSC service thread 1-1) JBWEB003001: Coyote HTTP/1.1 initializing on : http-/127.0.0.1:8080
[0m[0m09:42:31,337 INFO  [org.apache.coyote.http11.Http11Protocol] (MSC service thread 1-1) JBWEB003000: Coyote HTTP/1.1 starting on: http-/127.0.0.1:8080
[0m[0m09:42:31,726 INFO  [org.jboss.ws.common.management] (MSC service thread 1-2) JBWS022052: Starting JBoss Web Services - Stack CXF Server 4.3.4.Final-redhat-1
[0m[0m09:42:31,813 INFO  [org.jboss.as.server.deployment.scanner] (MSC service thread 1-1) JBAS015012: Started FileSystemDeploymentService for directory /home/kpeeples/gitrepository/jbossdemocentral/dv-gettingstarted/target/dv6.2/EAP-6.4.0/standalone/deployments
[0m[0m09:42:31,991 INFO  [org.jboss.as.remoting] (MSC service thread 1-2) JBAS017100: Listening on 127.0.0.1:4447
[0m[0m09:42:32,011 INFO  [org.jboss.as.remoting] (MSC service thread 1-2) JBAS017100: Listening on 127.0.0.1:9999
[0m[0m09:42:32,233 INFO  [org.jboss.as.connector.subsystems.datasources] (MSC service thread 1-2) JBAS010400: Bound data source [java:jboss/datasources/ExampleDS]
[0m[0m09:42:33,183 INFO  [org.jboss.as] (Controller Boot Thread) JBAS015961: Http management interface listening on http://127.0.0.1:9990/management
[0m[0m09:42:33,185 INFO  [org.jboss.as] (Controller Boot Thread) JBAS015951: Admin console listening on http://127.0.0.1:9990
[0m[0m09:42:33,203 INFO  [org.jboss.as] (Controller Boot Thread) JBAS015874: JBoss EAP 6.4.0.GA (AS 7.5.0.Final-redhat-21) started in 12451ms - Started 153 of 191 services (57 services are lazy, passive or on-demand)
[0m=========================================================================

  JBoss Bootstrap Environment

  JBOSS_HOME: /home/kpeeples/gitrepository/jbossdemocentral/dv-gettingstarted/target/dv6.2/EAP-6.4.0

  JAVA: java

  JAVA_OPTS:  -server -XX:+UseCompressedOops -verbose:gc -Xloggc:"/home/kpeeples/gitrepository/jbossdemocentral/dv-gettingstarted/target/dv6.2/EAP-6.4.0/standalone/log/gc.log" -XX:+PrintGCDetails -XX:+PrintGCDateStamps -XX:+UseGCLogFileRotation -XX:NumberOfGCLogFiles=5 -XX:GCLogFileSize=3M -XX:-TraceClassUnloading -Xms1303m -Xmx1303m -XX:MaxPermSize=256m -Djava.net.preferIPv4Stack=true -Djboss.modules.system.pkgs=org.jboss.byteman -Djava.awt.headless=true -Djboss.modules.policy-permissions=true

=========================================================================

[0m09:44:48,881 INFO  [org.jboss.modules] (main) JBoss Modules version 1.3.6.Final-redhat-1
[0m[0m09:44:49,488 INFO  [org.jboss.msc] (main) JBoss MSC version 1.1.5.Final-redhat-1
[0m[0m09:44:49,719 INFO  [org.jboss.as] (MSC service thread 1-2) JBAS015899: JBoss EAP 6.4.0.GA (AS 7.5.0.Final-redhat-21) starting
[0m[0m09:44:53,404 INFO  [org.xnio] (MSC service thread 1-2) XNIO Version 3.0.13.GA-redhat-1
[0m[0m09:44:53,442 INFO  [org.xnio.nio] (MSC service thread 1-2) XNIO NIO Implementation Version 3.0.13.GA-redhat-1
[0m[0m09:44:53,443 INFO  [org.jboss.as.server] (Controller Boot Thread) JBAS015888: Creating http management service using socket-binding (management-http)
[0m[0m09:44:53,509 INFO  [org.jboss.remoting] (MSC service thread 1-2) JBoss Remoting version 3.3.4.Final-redhat-1
[0m[0m09:44:53,616 INFO  [org.jboss.as.clustering.infinispan] (ServerService Thread Pool -- 31) JBAS010280: Activating Infinispan subsystem.
[0m[0m09:44:53,681 INFO  [org.jboss.as.security] (ServerService Thread Pool -- 44) JBAS013371: Activating Security Subsystem
[0m[0m09:44:53,656 INFO  [org.jboss.as.jsf] (ServerService Thread Pool -- 37) JBAS012615: Activated the following JSF Implementations: [main, 1.2]
[0m[33m09:44:53,681 WARN  [org.jboss.as.txn] (ServerService Thread Pool -- 46) JBAS010153: Node identifier property is set to the default value. Please make sure it is unique.
[0m[0m09:44:53,713 INFO  [org.jboss.as.naming] (ServerService Thread Pool -- 39) JBAS011800: Activating Naming Subsystem
[0m[0m09:44:53,801 INFO  [org.jboss.as.webservices] (ServerService Thread Pool -- 48) JBAS015537: Activating WebServices Extension
[0m[0m09:44:53,900 INFO  [org.jboss.as.security] (MSC service thread 1-2) JBAS013370: Current PicketBox version=4.1.1.Final-redhat-1
[0m[0m09:44:54,161 INFO  [org.jboss.as.connector.logging] (MSC service thread 1-1) JBAS010408: Starting JCA Subsystem (IronJacamar 1.0.31.Final-redhat-1)
[0m[0m09:44:54,328 INFO  [org.jboss.as.naming] (MSC service thread 1-1) JBAS011802: Starting Naming Service
[0m[0m09:44:54,472 INFO  [org.jboss.as.mail.extension] (MSC service thread 1-1) JBAS015400: Bound mail session [java:jboss/mail/Default]
[0m[0m09:44:54,440 INFO  [org.jboss.as.connector.subsystems.datasources] (ServerService Thread Pool -- 27) JBAS010403: Deploying JDBC-compliant driver class org.h2.Driver (version 1.3)
[0m[0m09:44:55,525 INFO  [org.apache.coyote.http11.Http11Protocol] (MSC service thread 1-2) JBWEB003001: Coyote HTTP/1.1 initializing on : http-/127.0.0.1:8080
[0m[0m09:44:55,606 INFO  [org.apache.coyote.http11.Http11Protocol] (MSC service thread 1-2) JBWEB003000: Coyote HTTP/1.1 starting on: http-/127.0.0.1:8080
[0m[0m09:44:56,063 INFO  [org.jboss.ws.common.management] (MSC service thread 1-1) JBWS022052: Starting JBoss Web Services - Stack CXF Server 4.3.4.Final-redhat-1
[0m[0m09:44:56,166 INFO  [org.jboss.as.server.deployment.scanner] (MSC service thread 1-1) JBAS015012: Started FileSystemDeploymentService for directory /home/kpeeples/gitrepository/jbossdemocentral/dv-gettingstarted/target/dv6.2/EAP-6.4.0/standalone/deployments
[0m[0m09:44:56,444 INFO  [org.jboss.as.remoting] (MSC service thread 1-1) JBAS017100: Listening on 127.0.0.1:9999
[0m[0m09:44:56,452 INFO  [org.jboss.as.remoting] (MSC service thread 1-2) JBAS017100: Listening on 127.0.0.1:4447
[0m[0m09:44:56,878 INFO  [org.jboss.as.connector.subsystems.datasources] (MSC service thread 1-1) JBAS010400: Bound data source [java:jboss/datasources/ExampleDS]
[0m[0m09:44:57,125 INFO  [org.jboss.as] (Controller Boot Thread) JBAS015961: Http management interface listening on http://127.0.0.1:9990/management
[0m[0m09:44:57,128 INFO  [org.jboss.as] (Controller Boot Thread) JBAS015951: Admin console listening on http://127.0.0.1:9990
[0m[0m09:44:57,128 INFO  [org.jboss.as] (Controller Boot Thread) JBAS015874: JBoss EAP 6.4.0.GA (AS 7.5.0.Final-redhat-21) started in 9340ms - Started 153 of 191 services (57 services are lazy, passive or on-demand)
[0m[0m09:45:27,138 INFO  [org.jboss.as.connector.subsystems.datasources] (MSC service thread 1-2) JBAS010409: Unbound data source [java:jboss/datasources/ExampleDS]
[0m[0m09:45:27,184 INFO  [org.apache.coyote.http11.Http11Protocol] (MSC service thread 1-2) JBWEB003075: Coyote HTTP/1.1 pausing on: http-/127.0.0.1:8080
[0m[0m09:45:27,199 INFO  [org.apache.coyote.http11.Http11Protocol] (MSC service thread 1-2) JBWEB003077: Coyote HTTP/1.1 stopping on : http-/127.0.0.1:8080
[0m[0m09:45:27,194 INFO  [org.apache.catalina.core] (MSC service thread 1-1) JBWEB001079: Container org.apache.catalina.core.ContainerBase.[jboss.web].[default-host].[/] has not been started
[0m[0m09:45:27,335 INFO  [org.jboss.as] (MSC service thread 1-2) JBAS015950: JBoss EAP 6.4.0.GA (AS 7.5.0.Final-redhat-21) stopped in 201ms
[0m