=========================================================================

  JBoss Bootstrap Environment

  JBOSS_HOME: /home/kpeeples/gitrepository/jbossdemocentral/dv-gettingstarted/target/dv/jboss-eap-6.3

  JAVA: java

  JAVA_OPTS:  -server -XX:+UseCompressedOops -verbose:gc -Xloggc:"/home/kpeeples/gitrepository/jbossdemocentral/dv-gettingstarted/target/dv/jboss-eap-6.3/standalone/log/gc.log" -XX:+PrintGCDetails -XX:+PrintGCDateStamps -XX:+UseGCLogFileRotation -XX:NumberOfGCLogFiles=5 -XX:GCLogFileSize=3M -XX:-TraceClassUnloading -Xms1302m -Xmx1302m -XX:MaxPermSize=256m -Djava.net.preferIPv4Stack=true -Djboss.modules.system.pkgs=org.jboss.byteman -Djava.awt.headless=true -Djboss.modules.policy-permissions=true

=========================================================================

OpenJDK 64-Bit Server VM warning: ignoring option MaxPermSize=256m; support was removed in 8.0
[0m09:25:12,466 INFO  [org.jboss.modules] (main) JBoss Modules version 1.3.5.Final-redhat-1
[0m[0m09:25:12,892 INFO  [org.jboss.msc] (main) JBoss MSC version 1.1.5.Final-redhat-1
[0m[0m09:25:12,987 INFO  [org.jboss.as] (MSC service thread 1-2) JBAS015899: JBoss Red Hat JBoss Data Virtualization 6.1.0 (AS 7.4.3.Final-redhat-2) starting
[0m[33m09:25:14,986 WARN  [org.jboss.as.server.deployment.scanner] (DeploymentScanner-threads - 1) JBAS015002: Deployment of 'teiid-dashboard-builder.war' requested, but the deployment is not present
[0m[0m09:25:14,987 INFO  [org.jboss.as.server.deployment.scanner] (DeploymentScanner-threads - 1) JBAS015003: Found integration-platform-console.war in deployment directory. To trigger deployment create a file called integration-platform-console.war.dodeploy
[0m[0m09:25:15,030 INFO  [org.jboss.as.repository] (ServerService Thread Pool -- 26) JBAS014900: Content added at location /home/kpeeples/gitrepository/jbossdemocentral/dv-gettingstarted/target/dv/jboss-eap-6.3/standalone/data/content/ac/4b05a11f665a175fd9603f5047a16a088f1297/content
[0m[0m09:25:15,041 INFO  [org.jboss.as.repository] (ServerService Thread Pool -- 25) JBAS014900: Content added at location /home/kpeeples/gitrepository/jbossdemocentral/dv-gettingstarted/target/dv/jboss-eap-6.3/standalone/data/content/17/7ec9191a863b21cb6bbe1c5484b600c5c511f3/content
[0m[0m09:25:15,050 INFO  [org.jboss.as.repository] (ServerService Thread Pool -- 25) JBAS014900: Content added at location /home/kpeeples/gitrepository/jbossdemocentral/dv-gettingstarted/target/dv/jboss-eap-6.3/standalone/data/content/6f/8858956e10ada5a6fde4a22e767478a4632737/content
[0m[0m09:25:15,396 INFO  [org.jboss.as.repository] (ServerService Thread Pool -- 25) JBAS014900: Content added at location /home/kpeeples/gitrepository/jbossdemocentral/dv-gettingstarted/target/dv/jboss-eap-6.3/standalone/data/content/9b/be23c4d1d2c8e547ac9065dab04b4b1826bc25/content
[0m[0m09:25:15,758 INFO  [org.jboss.security] (Controller Boot Thread) PBOX000361: Default Security Vault Implementation Initialized and Ready
[0m[0m09:25:15,774 INFO  [org.xnio] (MSC service thread 1-1) XNIO Version 3.0.11.GA-redhat-2
[0m[0m09:25:15,787 INFO  [org.xnio.nio] (MSC service thread 1-1) XNIO NIO Implementation Version 3.0.11.GA-redhat-2
[0m[0m09:25:15,787 INFO  [org.jboss.as.server] (Controller Boot Thread) JBAS015888: Creating http management service using socket-binding (management-http)
[0m[0m09:25:15,827 INFO  [org.jboss.remoting] (MSC service thread 1-1) JBoss Remoting version 3.3.4.Final-redhat-1
[0m[0m09:25:15,914 INFO  [org.jboss.as.clustering.infinispan] (ServerService Thread Pool -- 31) JBAS010280: Activating Infinispan subsystem.
[0m[0m09:25:15,973 INFO  [org.jboss.as.jsf] (ServerService Thread Pool -- 37) JBAS012605: Activated the following JSF Implementations: [main, 1.2]
[0m[0m09:25:15,981 INFO  [org.jboss.as.naming] (ServerService Thread Pool -- 39) JBAS011800: Activating Naming Subsystem
[0m[33m09:25:16,041 WARN  [org.jboss.as.txn] (ServerService Thread Pool -- 46) JBAS010153: Node identifier property is set to the default value. Please make sure it is unique.
[0m[0m09:25:16,025 INFO  [org.jboss.as.security] (ServerService Thread Pool -- 44) JBAS013171: Activating Security Subsystem
[0m[0m09:25:16,126 INFO  [org.jboss.as.security] (MSC service thread 1-1) JBAS013170: Current PicketBox version=4.0.19.SP10-redhat-1
[0m[0m09:25:16,111 INFO  [org.jboss.as.webservices] (ServerService Thread Pool -- 48) JBAS015537: Activating WebServices Extension
[0m[0m09:25:16,279 INFO  [org.jboss.as.connector.logging] (MSC service thread 1-1) JBAS010408: Starting JCA Subsystem (IronJacamar 1.0.28.Final-redhat-1)
[0m[0m09:25:16,312 INFO  [org.modeshape.common.logging.LogFactory] (ServerService Thread Pool -- 50) SLF4J implementation located in the classpath. It will be used by ModeShape for logging.
[0m[0m09:25:16,566 INFO  [org.jboss.as.naming] (MSC service thread 1-1) JBAS011802: Starting Naming Service
[0m[0m09:25:16,636 INFO  [org.jboss.as.mail.extension] (MSC service thread 1-1) JBAS015400: Bound mail session [java:jboss/mail/Default]
[0m[0m09:25:17,100 INFO  [org.jboss.as.connector.subsystems.datasources] (ServerService Thread Pool -- 27) JBAS010403: Deploying JDBC-compliant driver class org.h2.Driver (version 1.3)
[0m[0m09:25:17,148 INFO  [org.jboss.as.connector.subsystems.datasources] (ServerService Thread Pool -- 27) JBAS010404: Deploying non-JDBC-compliant driver class org.teiid.jdbc.TeiidDriver (version 8.7)
[0m[0m09:25:17,149 INFO  [org.jboss.as.connector.subsystems.datasources] (ServerService Thread Pool -- 27) JBAS010404: Deploying non-JDBC-compliant driver class org.teiid.jdbc.TeiidDriver (version 8.7)
[0m[0m09:25:17,294 INFO  [org.jboss.as.connector.subsystems.datasources] (ServerService Thread Pool -- 27) JBAS010404: Deploying non-JDBC-compliant driver class org.modeshape.jdbc.LocalJcrDriver (version 3.8)
[0m[0m09:25:17,774 INFO  [org.jboss.ws.common.management] (MSC service thread 1-2) JBWS022052: Starting JBoss Web Services - Stack CXF Server 4.3.4.Final-redhat-1
[0m[0m09:25:17,802 INFO  [org.apache.coyote.http11.Http11Protocol] (MSC service thread 1-1) JBWEB003001: Coyote HTTP/1.1 initializing on : http-/0.0.0.0:8080
[0m[0m09:25:17,859 INFO  [org.apache.coyote.http11.Http11Protocol] (MSC service thread 1-1) JBWEB003000: Coyote HTTP/1.1 starting on: http-/0.0.0.0:8080
[0m[0m09:25:18,195 INFO  [org.jboss.as.connector.deployers.RADeployer] (MSC service thread 1-2) IJ020001: Required license terms for file:/home/kpeeples/gitrepository/jbossdemocentral/dv-gettingstarted/target/dv/jboss-eap-6.3/modules/system/layers/dv/org/jboss/teiid/resource-adapter/webservice/main/./
[0m[0m09:25:18,224 INFO  [org.jboss.as.connector.deployers.RADeployer] (MSC service thread 1-1) IJ020001: Required license terms for file:/home/kpeeples/gitrepository/jbossdemocentral/dv-gettingstarted/target/dv/jboss-eap-6.3/modules/system/layers/dv/org/jboss/teiid/resource-adapter/file/main/./
[0m[0m09:25:18,262 INFO  [org.jboss.as.connector.deployers.RADeployer] (MSC service thread 1-1) IJ020001: Required license terms for file:/home/kpeeples/gitrepository/jbossdemocentral/dv-gettingstarted/target/dv/jboss-eap-6.3/modules/system/layers/dv/org/jboss/teiid/resource-adapter/file/main/./
[0m[0m09:25:18,271 INFO  [org.jboss.as.connector.deployers.RADeployer] (MSC service thread 1-1) IJ020001: Required license terms for file:/home/kpeeples/gitrepository/jbossdemocentral/dv-gettingstarted/target/dv/jboss-eap-6.3/modules/system/layers/dv/org/jboss/teiid/resource-adapter/file/main/./
[0m[0m09:25:18,274 INFO  [org.jboss.as.connector.deployers.RADeployer] (MSC service thread 1-1) IJ020001: Required license terms for file:/home/kpeeples/gitrepository/jbossdemocentral/dv-gettingstarted/target/dv/jboss-eap-6.3/modules/system/layers/dv/org/jboss/teiid/resource-adapter/mongodb/main/./
[0m[0m09:25:18,276 INFO  [org.jboss.as.connector.deployers.RADeployer] (MSC service thread 1-2) IJ020001: Required license terms for file:/home/kpeeples/gitrepository/jbossdemocentral/dv-gettingstarted/target/dv/jboss-eap-6.3/modules/system/layers/dv/org/jboss/teiid/resource-adapter/file/main/./
[0m[0m09:25:18,277 INFO  [org.jboss.as.connector.deployers.RADeployer] (MSC service thread 1-2) IJ020001: Required license terms for file:/home/kpeeples/gitrepository/jbossdemocentral/dv-gettingstarted/target/dv/jboss-eap-6.3/modules/system/layers/dv/org/jboss/teiid/resource-adapter/file/main/./
[0m[0m09:25:18,283 INFO  [org.jboss.as.connector.deployers.RADeployer] (MSC service thread 1-2) IJ020001: Required license terms for file:/home/kpeeples/gitrepository/jbossdemocentral/dv-gettingstarted/target/dv/jboss-eap-6.3/modules/system/layers/dv/org/jboss/teiid/resource-adapter/salesforce/main/./
[0m[0m09:25:18,285 INFO  [org.jboss.as.connector.deployers.RADeployer] (MSC service thread 1-2) IJ020001: Required license terms for file:/home/kpeeples/gitrepository/jbossdemocentral/dv-gettingstarted/target/dv/jboss-eap-6.3/modules/system/layers/dv/org/jboss/teiid/resource-adapter/ldap/main/./
[0m[0m09:25:18,306 INFO  [org.jboss.as.connector.deployers.RADeployer] (MSC service thread 1-1) IJ020001: Required license terms for file:/home/kpeeples/gitrepository/jbossdemocentral/dv-gettingstarted/target/dv/jboss-eap-6.3/modules/system/layers/dv/org/jboss/teiid/resource-adapter/google/main/./
[0m[0m09:25:18,313 INFO  [org.jboss.as.connector.deployers.RADeployer] (MSC service thread 1-2) IJ020001: Required license terms for file:/home/kpeeples/gitrepository/jbossdemocentral/dv-gettingstarted/target/dv/jboss-eap-6.3/modules/system/layers/dv/org/jboss/teiid/resource-adapter/accumulo/main/./
[0m[0m09:25:18,340 INFO  [org.jboss.as.connector.deployers.RaXmlDeployer] (MSC service thread 1-2) IJ020001: Required license terms for file:/home/kpeeples/gitrepository/jbossdemocentral/dv-gettingstarted/target/dv/jboss-eap-6.3/modules/system/layers/dv/org/jboss/teiid/resource-adapter/file/main/./
[0m[0m09:25:18,366 INFO  [org.jboss.as.connector.deployers.RaXmlDeployer] (MSC service thread 1-2) IJ020002: Deployed: file:/home/kpeeples/gitrepository/jbossdemocentral/dv-gettingstarted/target/dv/jboss-eap-6.3/modules/system/layers/dv/org/jboss/teiid/resource-adapter/file/main/./
[0m[0m09:25:18,378 INFO  [org.jboss.as.connector.deployers.RaXmlDeployer] (MSC service thread 1-2) IJ020001: Required license terms for file:/home/kpeeples/gitrepository/jbossdemocentral/dv-gettingstarted/target/dv/jboss-eap-6.3/modules/system/layers/dv/org/jboss/teiid/resource-adapter/file/main/./
[0m[0m09:25:18,402 INFO  [org.jboss.as.connector.deployment] (MSC service thread 1-2) JBAS010406: Registered connection factory java:/marketdata-file
[0m[0m09:25:18,407 INFO  [org.jboss.as.connector.deployers.RaXmlDeployer] (MSC service thread 1-2) IJ020002: Deployed: file:/home/kpeeples/gitrepository/jbossdemocentral/dv-gettingstarted/target/dv/jboss-eap-6.3/modules/system/layers/dv/org/jboss/teiid/resource-adapter/file/main/./
[0m[0m09:25:18,408 INFO  [org.jboss.as.connector.deployers.RaXmlDeployer] (MSC service thread 1-2) IJ020001: Required license terms for file:/home/kpeeples/gitrepository/jbossdemocentral/dv-gettingstarted/target/dv/jboss-eap-6.3/modules/system/layers/dv/org/jboss/teiid/resource-adapter/file/main/./
[0m[0m09:25:18,420 INFO  [org.jboss.as.connector.deployment] (MSC service thread 1-2) JBAS010406: Registered connection factory java:/CustomerContextCSVSourceModel
[0m[0m09:25:18,437 INFO  [org.jboss.as.connector.deployers.RaXmlDeployer] (MSC service thread 1-2) IJ020002: Deployed: file:/home/kpeeples/gitrepository/jbossdemocentral/dv-gettingstarted/target/dv/jboss-eap-6.3/modules/system/layers/dv/org/jboss/teiid/resource-adapter/file/main/./
[0m[0m09:25:18,438 INFO  [org.jboss.as.connector.deployers.RaXmlDeployer] (MSC service thread 1-2) IJ020001: Required license terms for file:/home/kpeeples/gitrepository/jbossdemocentral/dv-gettingstarted/target/dv/jboss-eap-6.3/modules/system/layers/dv/org/jboss/teiid/resource-adapter/webservice/main/./
[0m[0m09:25:18,460 INFO  [org.jboss.as.connector.deployers.RaXmlDeployer] (MSC service thread 1-2) IJ020002: Deployed: file:/home/kpeeples/gitrepository/jbossdemocentral/dv-gettingstarted/target/dv/jboss-eap-6.3/modules/system/layers/dv/org/jboss/teiid/resource-adapter/webservice/main/./
[0m[0m09:25:18,462 INFO  [org.modeshape.jcr.JcrRepository] (MSC service thread 1-1) ModeShape version 3.8.2.GA-redhat-3
[0m[0m09:25:18,467 INFO  [org.jboss.as.connector.deployers.RaXmlDeployer] (MSC service thread 1-2) IJ020001: Required license terms for file:/home/kpeeples/gitrepository/jbossdemocentral/dv-gettingstarted/target/dv/jboss-eap-6.3/modules/system/layers/dv/org/jboss/teiid/resource-adapter/file/main/./
[0m[0m09:25:18,480 INFO  [org.jboss.as.connector.deployment] (MSC service thread 1-2) JBAS010406: Registered connection factory java:/excel-file
[0m[0m09:25:18,489 INFO  [org.jboss.as.connector.deployers.RaXmlDeployer] (MSC service thread 1-2) IJ020002: Deployed: file:/home/kpeeples/gitrepository/jbossdemocentral/dv-gettingstarted/target/dv/jboss-eap-6.3/modules/system/layers/dv/org/jboss/teiid/resource-adapter/file/main/./
[0m[0m09:25:18,489 INFO  [org.jboss.as.connector.deployers.RaXmlDeployer] (MSC service thread 1-2) IJ020001: Required license terms for file:/home/kpeeples/gitrepository/jbossdemocentral/dv-gettingstarted/target/dv/jboss-eap-6.3/modules/system/layers/dv/org/jboss/teiid/resource-adapter/file/main/./
[0m[0m09:25:18,493 INFO  [org.jboss.as.connector.deployment] (MSC service thread 1-2) JBAS010406: Registered connection factory java:/CustomerContextXMLSourceModel
[0m[0m09:25:18,504 INFO  [org.jboss.as.connector.deployers.RaXmlDeployer] (MSC service thread 1-2) IJ020002: Deployed: file:/home/kpeeples/gitrepository/jbossdemocentral/dv-gettingstarted/target/dv/jboss-eap-6.3/modules/system/layers/dv/org/jboss/teiid/resource-adapter/file/main/./
[0m[0m09:25:18,516 INFO  [org.jboss.as.connector.deployers.RaXmlDeployer] (MSC service thread 1-2) IJ020001: Required license terms for file:/home/kpeeples/gitrepository/jbossdemocentral/dv-gettingstarted/target/dv/jboss-eap-6.3/modules/system/layers/dv/org/jboss/teiid/resource-adapter/salesforce/main/./
[0m[0m09:25:18,524 INFO  [org.jboss.as.connector.deployers.RaXmlDeployer] (MSC service thread 1-2) IJ020002: Deployed: file:/home/kpeeples/gitrepository/jbossdemocentral/dv-gettingstarted/target/dv/jboss-eap-6.3/modules/system/layers/dv/org/jboss/teiid/resource-adapter/salesforce/main/./
[0m[0m09:25:18,524 INFO  [org.jboss.as.connector.deployers.RaXmlDeployer] (MSC service thread 1-2) IJ020001: Required license terms for file:/home/kpeeples/gitrepository/jbossdemocentral/dv-gettingstarted/target/dv/jboss-eap-6.3/modules/system/layers/dv/org/jboss/teiid/resource-adapter/mongodb/main/./
[0m[0m09:25:18,525 INFO  [org.jboss.as.connector.deployers.RaXmlDeployer] (MSC service thread 1-2) IJ020002: Deployed: file:/home/kpeeples/gitrepository/jbossdemocentral/dv-gettingstarted/target/dv/jboss-eap-6.3/modules/system/layers/dv/org/jboss/teiid/resource-adapter/mongodb/main/./
[0m[0m09:25:18,542 INFO  [org.jboss.as.connector.deployers.RaXmlDeployer] (MSC service thread 1-2) IJ020001: Required license terms for file:/home/kpeeples/gitrepository/jbossdemocentral/dv-gettingstarted/target/dv/jboss-eap-6.3/modules/system/layers/dv/org/jboss/teiid/resource-adapter/ldap/main/./
[0m[0m09:25:18,554 INFO  [org.jboss.as.connector.deployers.RaXmlDeployer] (MSC service thread 1-2) IJ020002: Deployed: file:/home/kpeeples/gitrepository/jbossdemocentral/dv-gettingstarted/target/dv/jboss-eap-6.3/modules/system/layers/dv/org/jboss/teiid/resource-adapter/ldap/main/./
[0m[0m09:25:18,566 INFO  [org.jboss.as.connector.deployers.RaXmlDeployer] (MSC service thread 1-2) IJ020001: Required license terms for file:/home/kpeeples/gitrepository/jbossdemocentral/dv-gettingstarted/target/dv/jboss-eap-6.3/modules/system/layers/dv/org/jboss/teiid/resource-adapter/google/main/./
[0m[0m09:25:18,573 INFO  [org.jboss.as.connector.deployers.RaXmlDeployer] (MSC service thread 1-2) IJ020002: Deployed: file:/home/kpeeples/gitrepository/jbossdemocentral/dv-gettingstarted/target/dv/jboss-eap-6.3/modules/system/layers/dv/org/jboss/teiid/resource-adapter/google/main/./
[0m[0m09:25:18,581 INFO  [org.jboss.as.connector.deployers.RaXmlDeployer] (MSC service thread 1-2) IJ020001: Required license terms for file:/home/kpeeples/gitrepository/jbossdemocentral/dv-gettingstarted/target/dv/jboss-eap-6.3/modules/system/layers/dv/org/jboss/teiid/resource-adapter/accumulo/main/./
[0m[0m09:25:18,582 INFO  [org.jboss.as.connector.deployers.RaXmlDeployer] (MSC service thread 1-2) IJ020002: Deployed: file:/home/kpeeples/gitrepository/jbossdemocentral/dv-gettingstarted/target/dv/jboss-eap-6.3/modules/system/layers/dv/org/jboss/teiid/resource-adapter/accumulo/main/./
[0m[0m09:25:18,583 INFO  [org.jboss.as.connector.subsystems.datasources] (MSC service thread 1-2) JBAS010400: Bound data source [java:/teiid-log-ds]
[0m[0m09:25:18,583 INFO  [org.jboss.as.connector.subsystems.datasources] (MSC service thread 1-2) JBAS010400: Bound data source [java:jboss/datasources/ExampleDS]
[0m[0m09:25:18,583 INFO  [org.jboss.as.connector.subsystems.datasources] (MSC service thread 1-2) JBAS010400: Bound data source [java:/datasources/ModeShapeDS]
[0m[0m09:25:18,583 INFO  [org.jboss.as.connector.subsystems.datasources] (MSC service thread 1-2) JBAS010400: Bound data source [java:/accounts-ds]
[0m[0m09:25:18,584 INFO  [org.jboss.as.connector.subsystems.datasources] (MSC service thread 1-2) JBAS010400: Bound data source [java:jboss/datasources/DashboardDS]
[0m[0m09:25:18,584 INFO  [org.jboss.as.connector.deployment] (MSC service thread 1-2) JBAS010401: Bound JCA ConnectionFactory [java:/marketdata-file]
[0m[0m09:25:18,584 INFO  [org.jboss.as.connector.deployment] (MSC service thread 1-2) JBAS010401: Bound JCA ConnectionFactory [java:/CustomerContextCSVSourceModel]
[0m[0m09:25:18,593 INFO  [org.jboss.as.connector.deployment] (MSC service thread 1-2) JBAS010401: Bound JCA ConnectionFactory [java:/excel-file]
[0m[0m09:25:18,594 INFO  [org.jboss.as.connector.deployment] (MSC service thread 1-2) JBAS010401: Bound JCA ConnectionFactory [java:/CustomerContextXMLSourceModel]
[0m[0m09:25:18,961 INFO  [org.infinispan.factories.GlobalComponentRegistry] (ServerService Thread Pool -- 54) ISPN000128: Infinispan version: Infinispan 'Delirium' 5.2.10.Final
[0m[0m09:25:19,177 INFO  [org.infinispan.factories.TransactionManagerFactory] (ServerService Thread Pool -- 55) ISPN000161: Using a batchMode transaction manager
[0m[0m09:25:19,189 INFO  [org.infinispan.factories.TransactionManagerFactory] (ServerService Thread Pool -- 52) ISPN000161: Using a batchMode transaction manager
[0m[0m09:25:19,189 INFO  [org.infinispan.factories.TransactionManagerFactory] (ServerService Thread Pool -- 53) ISPN000161: Using a batchMode transaction manager
[0m[0m09:25:19,373 INFO  [org.teiid.RUNTIME] (ServerService Thread Pool -- 51) TEIID50006 Teiid translator "jdbc-simple" added.
[0m[0m09:25:19,398 INFO  [org.teiid.RUNTIME] (ServerService Thread Pool -- 51) TEIID50006 Teiid translator "jdbc-ansi" added.
[0m[0m09:25:19,464 INFO  [org.teiid.RUNTIME] (ServerService Thread Pool -- 51) TEIID50006 Teiid translator "access" added.
[0m[0m09:25:19,554 INFO  [org.teiid.RUNTIME] (ServerService Thread Pool -- 51) TEIID50006 Teiid translator "db2" added.
[0m[0m09:25:19,567 INFO  [org.infinispan.jmx.CacheJmxRegistration] (ServerService Thread Pool -- 52) ISPN000031: MBeans were successfully registered to the platform MBean server.
[0m[0m09:25:19,572 INFO  [org.jboss.as.clustering.infinispan] (ServerService Thread Pool -- 52) JBAS010281: Started preparedplan cache from teiid-cache container
[0m[0m09:25:19,573 INFO  [org.infinispan.jmx.CacheJmxRegistration] (ServerService Thread Pool -- 53) ISPN000031: MBeans were successfully registered to the platform MBean server.
[0m[0m09:25:19,576 INFO  [org.infinispan.jmx.CacheJmxRegistration] (ServerService Thread Pool -- 55) ISPN000031: MBeans were successfully registered to the platform MBean server.
[0m[0m09:25:19,576 INFO  [org.jboss.as.clustering.infinispan] (ServerService Thread Pool -- 53) JBAS010281: Started resultset-repl cache from teiid-cache container
[0m[0m09:25:19,576 INFO  [org.jboss.as.clustering.infinispan] (ServerService Thread Pool -- 55) JBAS010281: Started resultset cache from teiid-cache container
[0m[0m09:25:19,661 INFO  [org.teiid.RUNTIME] (ServerService Thread Pool -- 51) TEIID50006 Teiid translator "derby" added.
[0m[0m09:25:19,734 INFO  [org.teiid.RUNTIME] (MSC service thread 1-1) TEIID50001 Teiid Engine 8.7.1.redhat-8 Started = Fri Aug 28 09:25:19 EDT 2015
[0m[0m09:25:19,773 INFO  [org.teiid.RUNTIME] (MSC service thread 1-2) TEIID50038 Teiid Embedded transport enabled. Bound to: teiid/queryengine/embedded
[0m[0m09:25:19,783 INFO  [org.teiid.RUNTIME] (MSC service thread 1-2) TEIID50038 Teiid Embedded transport enabled. Bound to: teiid/queryengine/odata
[0m[0m09:25:19,813 INFO  [org.teiid.RUNTIME] (ServerService Thread Pool -- 51) TEIID50006 Teiid translator "h2" added.
[0m[0m09:25:19,896 INFO  [org.teiid.RUNTIME] (ServerService Thread Pool -- 51) TEIID50006 Teiid translator "hsql" added.
[0m[0m09:25:19,899 INFO  [org.teiid.RUNTIME] (MSC service thread 1-1) TEIID50037 Teiid ODBC - Name = odbc, Host = 0.0.0.0,  Port = 35432, SSL = OFF, security-domains = teiid-security
[0m[0m09:25:19,898 INFO  [org.teiid.RUNTIME] (MSC service thread 1-2) TEIID50012 Teiid JDBC - Name = jdbc, Host = 0.0.0.0,  Port = 31000, SSL = OFF, security-domains = teiid-security
[0m[0m09:25:19,939 INFO  [org.teiid.RUNTIME] (ServerService Thread Pool -- 51) TEIID50006 Teiid translator "informix" added.
[0m[0m09:25:20,003 INFO  [org.teiid.RUNTIME] (ServerService Thread Pool -- 51) TEIID50006 Teiid translator "metamatrix" added.
[0m[0m09:25:20,083 INFO  [org.teiid.RUNTIME] (ServerService Thread Pool -- 51) TEIID50006 Teiid translator "mysql" added.
[0m[0m09:25:20,155 INFO  [org.teiid.RUNTIME] (ServerService Thread Pool -- 51) TEIID50006 Teiid translator "mysql5" added.
[0m[0m09:25:20,287 INFO  [org.teiid.RUNTIME] (ServerService Thread Pool -- 51) TEIID50006 Teiid translator "oracle" added.
[0m[0m09:25:20,576 INFO  [org.teiid.RUNTIME] (ServerService Thread Pool -- 51) TEIID50006 Teiid translator "postgresql" added.
[0m[0m09:25:20,693 INFO  [org.teiid.RUNTIME] (ServerService Thread Pool -- 51) TEIID50006 Teiid translator "sqlserver" added.
[0m[0m09:25:20,783 INFO  [org.teiid.RUNTIME] (ServerService Thread Pool -- 51) TEIID50006 Teiid translator "sybase" added.
[0m[0m09:25:20,856 INFO  [org.teiid.RUNTIME] (ServerService Thread Pool -- 51) TEIID50006 Teiid translator "teiid" added.
[0m[0m09:25:20,963 INFO  [org.teiid.RUNTIME] (ServerService Thread Pool -- 51) TEIID50006 Teiid translator "teradata" added.
[0m[0m09:25:21,005 INFO  [org.teiid.RUNTIME] (ServerService Thread Pool -- 51) TEIID50006 Teiid translator "modeshape" added.
[0m[0m09:25:21,050 INFO  [org.teiid.RUNTIME] (ServerService Thread Pool -- 51) TEIID50006 Teiid translator "ingres" added.
[0m[0m09:25:21,092 INFO  [org.teiid.RUNTIME] (ServerService Thread Pool -- 51) TEIID50006 Teiid translator "ingres93" added.
[0m[0m09:25:21,129 INFO  [org.teiid.RUNTIME] (ServerService Thread Pool -- 51) TEIID50006 Teiid translator "intersystems-cache" added.
[0m[0m09:25:21,185 INFO  [org.teiid.RUNTIME] (ServerService Thread Pool -- 51) TEIID50006 Teiid translator "netezza" added.
[0m[0m09:25:21,192 INFO  [org.teiid.RUNTIME] (ServerService Thread Pool -- 51) TEIID50006 Teiid translator "file" added.
[0m[0m09:25:21,201 INFO  [org.teiid.RUNTIME] (ServerService Thread Pool -- 51) TEIID50006 Teiid translator "ldap" added.
[0m[0m09:25:21,214 INFO  [org.teiid.RUNTIME] (ServerService Thread Pool -- 51) TEIID50006 Teiid translator "loopback" added.
[0m[0m09:25:21,234 INFO  [org.teiid.RUNTIME] (ServerService Thread Pool -- 51) TEIID50006 Teiid translator "olap" added.
[0m[0m09:25:21,254 INFO  [org.teiid.RUNTIME] (ServerService Thread Pool -- 51) TEIID50006 Teiid translator "ws" added.
[0m[0m09:25:21,272 INFO  [org.teiid.RUNTIME] (ServerService Thread Pool -- 51) TEIID50006 Teiid translator "salesforce" added.
[0m[0m09:25:21,292 INFO  [org.teiid.RUNTIME] (ServerService Thread Pool -- 51) TEIID50006 Teiid translator "hive" added.
[0m[0m09:25:21,304 INFO  [org.teiid.RUNTIME] (ServerService Thread Pool -- 51) TEIID50006 Teiid translator "google-spreadsheet" added.
[0m[0m09:25:21,325 INFO  [org.teiid.RUNTIME] (ServerService Thread Pool -- 51) TEIID50006 Teiid translator "odata" added.
[0m[0m09:25:21,334 INFO  [org.teiid.RUNTIME] (ServerService Thread Pool -- 51) TEIID50006 Teiid translator "sap-nw-gateway" added.
[0m[0m09:25:21,353 INFO  [org.teiid.RUNTIME] (ServerService Thread Pool -- 51) TEIID50006 Teiid translator "mongodb" added.
[0m[0m09:25:21,384 INFO  [org.teiid.RUNTIME] (ServerService Thread Pool -- 51) TEIID50006 Teiid translator "cassandra" added.
[0m[0m09:25:21,421 INFO  [org.teiid.RUNTIME] (ServerService Thread Pool -- 51) TEIID50006 Teiid translator "accumulo" added.
[0m[0m09:25:21,441 INFO  [org.teiid.RUNTIME] (ServerService Thread Pool -- 51) TEIID50006 Teiid translator "solr" added.
[0m[0m09:25:21,473 INFO  [org.teiid.RUNTIME] (ServerService Thread Pool -- 51) TEIID50006 Teiid translator "excel" added.
[0m[0m09:25:21,486 INFO  [org.teiid.RUNTIME] (ServerService Thread Pool -- 51) TEIID50006 Teiid translator "impala" added.
[0m[0m09:25:21,536 INFO  [org.jboss.as.remoting] (MSC service thread 1-2) JBAS017100: Listening on 0.0.0.0:9999
[0m[0m09:25:21,539 INFO  [org.jboss.as.server.deployment] (MSC service thread 1-2) JBAS015876: Starting deployment of "modeshape-cmis.war" (runtime-name: "modeshape-cmis.war")
[0m[0m09:25:21,540 INFO  [org.jboss.as.server.deployment] (MSC service thread 1-2) JBAS015876: Starting deployment of "CustomerContextVDB.vdb" (runtime-name: "CustomerContextVDB.vdb")
[0m[0m09:25:21,541 INFO  [org.jboss.as.server.deployment] (MSC service thread 1-2) JBAS015876: Starting deployment of "modeshape-rest.war" (runtime-name: "modeshape-rest.war")
[0m[0m09:25:21,541 INFO  [org.jboss.as.server.deployment] (MSC service thread 1-2) JBAS015876: Starting deployment of "teiid-dashboard-builder.war" (runtime-name: "teiid-dashboard-builder.war")
[0m[0m09:25:21,568 INFO  [org.jboss.as.server.deployment.scanner] (MSC service thread 1-2) JBAS015012: Started FileSystemDeploymentService for directory /home/kpeeples/gitrepository/jbossdemocentral/dv-gettingstarted/target/dv/jboss-eap-6.3/standalone/deployments
[0m[0m09:25:21,568 INFO  [org.jboss.as.server.deployment] (MSC service thread 1-2) JBAS015876: Starting deployment of "integration-platform-console.war" (runtime-name: "integration-platform-console.war")
[0m[0m09:25:21,569 INFO  [org.jboss.as.server.deployment] (MSC service thread 1-2) JBAS015876: Starting deployment of "teiid-odata-8.7.1.redhat-8.war" (runtime-name: "teiid-odata-8.7.1.redhat-8.war")
[0m[0m09:25:21,569 INFO  [org.jboss.as.server.deployment] (MSC service thread 1-2) JBAS015876: Starting deployment of "database-service.jar" (runtime-name: "database-service.jar")
[0m[0m09:25:21,569 INFO  [org.jboss.as.server.deployment] (MSC service thread 1-2) JBAS015876: Starting deployment of "ModeShape.vdb" (runtime-name: "ModeShape.vdb")
[0m[0m09:25:21,569 INFO  [org.jboss.as.server.deployment] (MSC service thread 1-2) JBAS015876: Starting deployment of "modeshape-webdav.war" (runtime-name: "modeshape-webdav.war")
[0m[33m09:25:23,278 WARN  [org.jboss.as.server.deployment] (MSC service thread 1-2) JBAS015960: Class Path entry jaxws-api.jar in /content/modeshape-cmis.war/WEB-INF/lib/jaxws-rt-2.1.7.jar  does not point to a valid jar for a Class-Path reference.
[0m[33m09:25:23,278 WARN  [org.jboss.as.server.deployment] (MSC service thread 1-2) JBAS015960: Class Path entry jsr181-api.jar in /content/modeshape-cmis.war/WEB-INF/lib/jaxws-rt-2.1.7.jar  does not point to a valid jar for a Class-Path reference.
[0m[33m09:25:23,278 WARN  [org.jboss.as.server.deployment] (MSC service thread 1-2) JBAS015960: Class Path entry jsr250-api.jar in /content/modeshape-cmis.war/WEB-INF/lib/jaxws-rt-2.1.7.jar  does not point to a valid jar for a Class-Path reference.
[0m[33m09:25:23,283 WARN  [org.jboss.as.server.deployment] (MSC service thread 1-2) JBAS015960: Class Path entry saaj-api.jar in /content/modeshape-cmis.war/WEB-INF/lib/jaxws-rt-2.1.7.jar  does not point to a valid jar for a Class-Path reference.
[0m[33m09:25:23,283 WARN  [org.jboss.as.server.deployment] (MSC service thread 1-2) JBAS015960: Class Path entry saaj-impl.jar in /content/modeshape-cmis.war/WEB-INF/lib/jaxws-rt-2.1.7.jar  does not point to a valid jar for a Class-Path reference.
[0m[33m09:25:23,283 WARN  [org.jboss.as.server.deployment] (MSC service thread 1-2) JBAS015960: Class Path entry jsr173_api.jar in /content/modeshape-cmis.war/WEB-INF/lib/jaxws-rt-2.1.7.jar  does not point to a valid jar for a Class-Path reference.
[0m[33m09:25:23,284 WARN  [org.jboss.as.server.deployment] (MSC service thread 1-2) JBAS015960: Class Path entry sjsxp.jar in /content/modeshape-cmis.war/WEB-INF/lib/jaxws-rt-2.1.7.jar  does not point to a valid jar for a Class-Path reference.
[0m[33m09:25:23,284 WARN  [org.jboss.as.server.deployment] (MSC service thread 1-2) JBAS015960: Class Path entry woodstox.jar in /content/modeshape-cmis.war/WEB-INF/lib/jaxws-rt-2.1.7.jar  does not point to a valid jar for a Class-Path reference.
[0m[33m09:25:23,284 WARN  [org.jboss.as.server.deployment] (MSC service thread 1-2) JBAS015960: Class Path entry resolver.jar in /content/modeshape-cmis.war/WEB-INF/lib/jaxws-rt-2.1.7.jar  does not point to a valid jar for a Class-Path reference.
[0m[33m09:25:23,285 WARN  [org.jboss.as.server.deployment] (MSC service thread 1-2) JBAS015960: Class Path entry jaxb-api.jar in /content/modeshape-cmis.war/WEB-INF/lib/jaxws-rt-2.1.7.jar  does not point to a valid jar for a Class-Path reference.
[0m[33m09:25:23,285 WARN  [org.jboss.as.server.deployment] (MSC service thread 1-2) JBAS015960: Class Path entry jaxb-impl.jar in /content/modeshape-cmis.war/WEB-INF/lib/jaxws-rt-2.1.7.jar  does not point to a valid jar for a Class-Path reference.
[0m[33m09:25:23,285 WARN  [org.jboss.as.server.deployment] (MSC service thread 1-2) JBAS015960: Class Path entry activation.jar in /content/modeshape-cmis.war/WEB-INF/lib/jaxws-rt-2.1.7.jar  does not point to a valid jar for a Class-Path reference.
[0m[33m09:25:23,285 WARN  [org.jboss.as.server.deployment] (MSC service thread 1-2) JBAS015960: Class Path entry stax-ex.jar in /content/modeshape-cmis.war/WEB-INF/lib/jaxws-rt-2.1.7.jar  does not point to a valid jar for a Class-Path reference.
[0m[33m09:25:23,289 WARN  [org.jboss.as.server.deployment] (MSC service thread 1-2) JBAS015960: Class Path entry streambuffer.jar in /content/modeshape-cmis.war/WEB-INF/lib/jaxws-rt-2.1.7.jar  does not point to a valid jar for a Class-Path reference.
[0m[33m09:25:23,289 WARN  [org.jboss.as.server.deployment] (MSC service thread 1-2) JBAS015960: Class Path entry stax-utils.jar in /content/modeshape-cmis.war/WEB-INF/lib/jaxws-rt-2.1.7.jar  does not point to a valid jar for a Class-Path reference.
[0m[0m09:25:23,376 INFO  [org.jboss.as.remoting] (MSC service thread 1-2) JBAS017100: Listening on 0.0.0.0:4447
[0m[0m09:25:24,565 INFO  [org.jboss.as.jpa] (MSC service thread 1-2) JBAS011401: Read persistence.xml for teiid-logger
[0m[33m09:25:25,186 WARN  [org.jboss.as.dependency.unsupported] (MSC service thread 1-2) JBAS018568: Deployment "deployment.teiid-odata-8.7.1.redhat-8.war" is using an unsupported module ("org.joda.time:main") which may be changed or removed in future versions without notice.
[0m[33m09:25:25,305 WARN  [org.jboss.as.dependency.private] (MSC service thread 1-1) JBAS018567: Deployment "deployment.modeshape-cmis.war" is using a private module ("com.sun.xml.messaging.saaj:main") which may be changed or removed in future versions without notice.
[0m[33m09:25:25,317 WARN  [org.jboss.as.dependency.private] (MSC service thread 1-1) JBAS018567: Deployment "deployment.modeshape-cmis.war" is using a private module ("com.sun.xml.messaging.saaj:main") which may be changed or removed in future versions without notice.
[0m[0m09:25:25,618 INFO  [org.jboss.weld.deployer] (MSC service thread 1-2) JBAS016002: Processing weld deployment database-service.jar
[0m[0m09:25:25,667 INFO  [org.jboss.as.ejb3.deployment.processors.EjbJndiBindingsDeploymentUnitProcessor] (MSC service thread 1-2) JNDI bindings for session bean named teiid-database-service in deployment unit deployment "database-service.jar" are as follows:

	java:global/database-service/teiid-database-service!org.teiid.service.DatabaseServiceLocal
	java:app/database-service/teiid-database-service!org.teiid.service.DatabaseServiceLocal
	java:module/teiid-database-service!org.teiid.service.DatabaseServiceLocal
	java:global/database-service/teiid-database-service
	java:app/database-service/teiid-database-service
	java:module/teiid-database-service

[0m[33m09:25:26,054 WARN  [org.jboss.as.dependency.unsupported] (MSC service thread 1-1) JBAS018568: Deployment "deployment.teiid-dashboard-builder.war" is using an unsupported module ("org.dom4j:main") which may be changed or removed in future versions without notice.
[0m[33m09:25:26,056 WARN  [org.jboss.as.dependency.unsupported] (MSC service thread 1-1) JBAS018568: Deployment "deployment.teiid-dashboard-builder.war" is using an unsupported module ("org.dom4j:main") which may be changed or removed in future versions without notice.
[0m[33m09:25:26,056 WARN  [org.jboss.as.dependency.unsupported] (MSC service thread 1-1) JBAS018568: Deployment "deployment.teiid-dashboard-builder.war" is using an unsupported module ("org.jdom:main") which may be changed or removed in future versions without notice.
[0m[33m09:25:26,062 WARN  [org.jboss.as.dependency.unsupported] (MSC service thread 1-1) JBAS018568: Deployment "deployment.teiid-dashboard-builder.war" is using an unsupported module ("org.jdom:main") which may be changed or removed in future versions without notice.
[0m[33m09:25:26,062 WARN  [org.jboss.as.dependency.private] (MSC service thread 1-1) JBAS018567: Deployment "deployment.teiid-dashboard-builder.war" is using a private module ("org.apache.commons.lang:main") which may be changed or removed in future versions without notice.
[0m[33m09:25:26,063 WARN  [org.jboss.as.dependency.private] (MSC service thread 1-1) JBAS018567: Deployment "deployment.teiid-dashboard-builder.war" is using a private module ("org.apache.commons.lang:main") which may be changed or removed in future versions without notice.
[0m[33m09:25:26,071 WARN  [org.jboss.as.dependency.private] (MSC service thread 1-1) JBAS018567: Deployment "deployment.teiid-dashboard-builder.war" is using a private module ("org.apache.commons.io:main") which may be changed or removed in future versions without notice.
[0m[33m09:25:26,071 WARN  [org.jboss.as.dependency.private] (MSC service thread 1-1) JBAS018567: Deployment "deployment.teiid-dashboard-builder.war" is using a private module ("org.apache.commons.io:main") which may be changed or removed in future versions without notice.
[0m[33m09:25:26,071 WARN  [org.jboss.as.dependency.private] (MSC service thread 1-1) JBAS018567: Deployment "deployment.teiid-dashboard-builder.war" is using a private module ("org.apache.commons.collections:main") which may be changed or removed in future versions without notice.
[0m[33m09:25:26,071 WARN  [org.jboss.as.dependency.private] (MSC service thread 1-1) JBAS018567: Deployment "deployment.teiid-dashboard-builder.war" is using a private module ("org.apache.commons.collections:main") which may be changed or removed in future versions without notice.
[0m[33m09:25:26,072 WARN  [org.jboss.as.dependency.private] (MSC service thread 1-1) JBAS018567: Deployment "deployment.teiid-dashboard-builder.war" is using a private module ("org.apache.commons.codec:main") which may be changed or removed in future versions without notice.
[0m[33m09:25:26,072 WARN  [org.jboss.as.dependency.private] (MSC service thread 1-1) JBAS018567: Deployment "deployment.teiid-dashboard-builder.war" is using a private module ("org.apache.commons.codec:main") which may be changed or removed in future versions without notice.
[0m[33m09:25:26,072 WARN  [org.jboss.as.dependency.private] (MSC service thread 1-1) JBAS018567: Deployment "deployment.teiid-dashboard-builder.war" is using a private module ("org.jboss.ironjacamar.jdbcadapters:main") which may be changed or removed in future versions without notice.
[0m[33m09:25:26,073 WARN  [org.jboss.as.dependency.private] (MSC service thread 1-1) JBAS018567: Deployment "deployment.teiid-dashboard-builder.war" is using a private module ("org.jboss.ironjacamar.jdbcadapters:main") which may be changed or removed in future versions without notice.
[0m[31m09:25:26,199 ERROR [stderr] (MSC service thread 1-2) ScriptEngineManager providers.next(): javax.script.ScriptEngineFactory: Provider com.sun.script.javascript.RhinoScriptEngineFactory not found
[0m[31m09:25:26,206 ERROR [stderr] (MSC service thread 1-1) ScriptEngineManager providers.next(): javax.script.ScriptEngineFactory: Provider com.sun.script.javascript.RhinoScriptEngineFactory not found
[0m[0m09:25:26,562 INFO  [org.jboss.weld.deployer] (MSC service thread 1-2) JBAS016002: Processing weld deployment teiid-dashboard-builder.war
[0m[0m09:25:26,754 INFO  [org.jboss.weld.deployer] (MSC service thread 1-1) JBAS016005: Starting Services for CDI deployment: database-service.jar
[0m[0m09:25:26,993 INFO  [org.teiid.RUNTIME] (MSC service thread 1-2) TEIID50029 VDB ModeShape.1 model "ModeShape" metadata is currently being loaded. Start Time: 8/28/15 9:25 AM
[0m[0m09:25:27,007 INFO  [org.teiid.RUNTIME] (MSC service thread 1-2) TEIID50029 VDB ModeShape.1 model "VDB_Lineage" metadata is currently being loaded. Start Time: 8/28/15 9:25 AM
[0m[0m09:25:27,013 INFO  [org.teiid.RUNTIME] (MSC service thread 1-2) TEIID50029 VDB ModeShape.1 model "Relational_Model_View" metadata is currently being loaded. Start Time: 8/28/15 9:25 AM
[0m[0m09:25:27,078 INFO  [org.teiid.RUNTIME] (MSC service thread 1-2) TEIID50029 VDB CustomerContextVDB.1 model "CustomerContextCSVSourceModel" metadata is currently being loaded. Start Time: 8/28/15 9:25 AM
[0m[0m09:25:27,103 INFO  [org.teiid.RUNTIME] (MSC service thread 1-2) TEIID50029 VDB CustomerContextVDB.1 model "CustomerContextXMLSourceModel" metadata is currently being loaded. Start Time: 8/28/15 9:25 AM
[0m[0m09:25:27,105 INFO  [org.teiid.RUNTIME] (MSC service thread 1-2) TEIID50029 VDB CustomerContextVDB.1 model "CustomerContextXMLViewModel" metadata is currently being loaded. Start Time: 8/28/15 9:25 AM
[0m[0m09:25:27,114 INFO  [org.teiid.RUNTIME] (MSC service thread 1-2) TEIID50029 VDB CustomerContextVDB.1 model "CustomerContextCSVViewModel" metadata is currently being loaded. Start Time: 8/28/15 9:25 AM
[0m[0m09:25:27,118 INFO  [org.teiid.RUNTIME] (MSC service thread 1-2) TEIID50029 VDB CustomerContextVDB.1 model "CustomerContextView" metadata is currently being loaded. Start Time: 8/28/15 9:25 AM
[0m[0m09:25:27,250 INFO  [org.teiid.RUNTIME] (teiid-async-threads - 4) TEIID50030 VDB CustomerContextVDB.1 model "CustomerContextCSVSourceModel" metadata loaded. End Time: 8/28/15 9:25 AM
[0m[0m09:25:27,271 INFO  [org.jboss.weld.deployer] (MSC service thread 1-2) JBAS016005: Starting Services for CDI deployment: teiid-dashboard-builder.war
[0m[0m09:25:27,316 INFO  [org.jboss.weld.Version] (MSC service thread 1-1) WELD-000900 1.1.28 (redhat)
[0m[0m09:25:27,431 INFO  [org.jboss.as.jpa] (ServerService Thread Pool -- 53) JBAS011402: Starting Persistence Unit Service 'database-service.jar#teiid-logger'
[0m[0m09:25:27,508 INFO  [org.jboss.web] (ServerService Thread Pool -- 55) JBAS018210: Register web context: /modeshape-rest
[0m[0m09:25:27,508 INFO  [org.jboss.web] (ServerService Thread Pool -- 52) JBAS018210: Register web context: /odata
[0m[0m09:25:27,558 INFO  [org.jboss.web] (ServerService Thread Pool -- 54) JBAS018210: Register web context: 
[0m[0m09:25:27,611 INFO  [org.jboss.weld.deployer] (MSC service thread 1-2) JBAS016008: Starting weld service for deployment database-service.jar
[0m[0m09:25:27,613 INFO  [org.jboss.weld.deployer] (MSC service thread 1-1) JBAS016008: Starting weld service for deployment teiid-dashboard-builder.war
[0m[0m09:25:27,646 INFO  [org.jboss.web] (ServerService Thread Pool -- 56) JBAS018210: Register web context: /modeshape-webdav
[0m[0m09:25:27,654 INFO  [org.jboss.web] (ServerService Thread Pool -- 57) JBAS018210: Register web context: /modeshape-cmis
[0m[0m09:25:27,691 INFO  [org.teiid.RUNTIME] (teiid-async-threads - 4) TEIID50030 VDB CustomerContextVDB.1 model "CustomerContextXMLSourceModel" metadata loaded. End Time: 8/28/15 9:25 AM
[0m[0m09:25:27,861 INFO  [org.teiid.RUNTIME] (teiid-async-threads - 4) TEIID50030 VDB CustomerContextVDB.1 model "CustomerContextXMLViewModel" metadata loaded. End Time: 8/28/15 9:25 AM
[0m[0m09:25:28,043 INFO  [org.teiid.RUNTIME] (teiid-async-threads - 4) TEIID50030 VDB CustomerContextVDB.1 model "CustomerContextCSVViewModel" metadata loaded. End Time: 8/28/15 9:25 AM
[0m[0m09:25:28,128 INFO  [org.teiid.RUNTIME] (teiid-async-threads - 4) TEIID50030 VDB CustomerContextVDB.1 model "CustomerContextView" metadata loaded. End Time: 8/28/15 9:25 AM
[0m[0m09:25:28,844 INFO  [org.apache.chemistry.opencmis.jcr.JcrTypeManager] (ServerService Thread Pool -- 57) Added type 'cmis:folder'.
[0m[0m09:25:28,909 INFO  [org.apache.chemistry.opencmis.jcr.JcrTypeManager] (ServerService Thread Pool -- 57) Added type 'cmis:document'.
[0m[0m09:25:28,941 INFO  [org.apache.chemistry.opencmis.jcr.JcrTypeManager] (ServerService Thread Pool -- 57) Added type 'cmis:unversioned-document'.
[0m[0m09:25:28,978 INFO  [org.hibernate.validator.internal.util.Version] (ServerService Thread Pool -- 52) HV000001: Hibernate Validator 4.3.2.Final-redhat-1
[0m[0m09:25:29,018 INFO  [org.hibernate.annotations.common.Version] (ServerService Thread Pool -- 53) HCANN000001: Hibernate Commons Annotations {4.0.1.Final-redhat-2}
[0m[0m09:25:29,106 INFO  [stdout] (ServerService Thread Pool -- 57) --- loaded repository dv
[0m[0m09:25:29,100 INFO  [org.hibernate.Version] (ServerService Thread Pool -- 53) HHH000412: Hibernate Core {4.2.17.SP1-redhat-1}
[0m[0m09:25:29,116 INFO  [org.hibernate.cfg.Environment] (ServerService Thread Pool -- 53) HHH000206: hibernate.properties not found
[0m[0m09:25:29,163 INFO  [org.hibernate.cfg.Environment] (ServerService Thread Pool -- 53) HHH000021: Bytecode provider name : javassist
[0m[0m09:25:29,192 INFO  [javax.enterprise.resource.webservices.jaxws.server.http] (ServerService Thread Pool -- 57) WSSERVLET12: JAX-WS context listener initializing
[0m[0m09:25:29,436 INFO  [org.hibernate.ejb.Ejb3Configuration] (ServerService Thread Pool -- 53) HHH000204: Processing PersistenceUnitInfo [
	name: teiid-logger
	...]
[0m[0m09:25:29,839 INFO  [org.teiid.RUNTIME] (teiid-async-threads - 3) TEIID50030 VDB ModeShape.1 model "Relational_Model_View" metadata loaded. End Time: 8/28/15 9:25 AM
[0m[0m09:25:29,840 INFO  [org.teiid.RUNTIME] (teiid-async-threads - 2) TEIID50030 VDB ModeShape.1 model "VDB_Lineage" metadata loaded. End Time: 8/28/15 9:25 AM
[0m[0m09:25:29,857 INFO  [org.teiid.RUNTIME] (teiid-async-threads - 1) TEIID50030 VDB ModeShape.1 model "ModeShape" metadata loaded. End Time: 8/28/15 9:25 AM
[0m[0m09:25:30,185 INFO  [org.jboss.resteasy.spi.ResteasyDeployment] (ServerService Thread Pool -- 52) Deploying javax.ws.rs.core.Application: class org.teiid.odata.TeiidODataApplication
[0m[0m09:25:30,191 INFO  [org.jboss.resteasy.spi.ResteasyDeployment] (ServerService Thread Pool -- 55) Deploying javax.ws.rs.core.Application: class org.modeshape.web.jcr.rest.JcrApplication
[0m[0m09:25:30,288 INFO  [org.teiid.RUNTIME] (teiid-async-threads - 4) TEIID40003 VDB CustomerContextVDB.1 is set to ACTIVE
[0m[0m09:25:30,557 INFO  [org.hibernate.service.jdbc.connections.internal.ConnectionProviderInitiator] (ServerService Thread Pool -- 53) HHH000130: Instantiating explicit connection provider: org.hibernate.ejb.connection.InjectedDataSourceConnectionProvider
[0m[0m09:25:31,935 INFO  [org.teiid.RUNTIME] (teiid-async-threads - 2) TEIID40003 VDB ModeShape.1 is set to ACTIVE
[0m[0m09:25:32,497 INFO  [org.hibernate.dialect.Dialect] (ServerService Thread Pool -- 53) HHH000400: Using dialect: org.hibernate.dialect.H2Dialect
[0m[33m09:25:32,549 WARN  [org.hibernate.dialect.H2Dialect] (ServerService Thread Pool -- 53) HHH000431: Unable to determine H2 database version, certain features may not work
[0m[0m09:25:33,134 INFO  [org.hibernate.engine.transaction.internal.TransactionFactoryInitiator] (ServerService Thread Pool -- 53) HHH000268: Transaction strategy: org.hibernate.engine.transaction.internal.jta.CMTTransactionFactory
[0m[0m09:25:33,154 INFO  [org.hibernate.hql.internal.ast.ASTQueryTranslatorFactory] (ServerService Thread Pool -- 53) HHH000397: Using ASTQueryTranslatorFactory
[0m[0m09:25:35,028 INFO  [org.hibernate.tool.hbm2ddl.SchemaExport] (ServerService Thread Pool -- 53) HHH000227: Running hbm2ddl schema export
[0m[0m09:25:35,141 INFO  [org.hibernate.tool.hbm2ddl.SchemaExport] (ServerService Thread Pool -- 53) HHH000230: Schema export complete
[0m[0m09:25:37,319 INFO  [org.jboss.web] (ServerService Thread Pool -- 53) JBAS018210: Register web context: /dashboard
[0m[0m09:25:37,436 INFO  [org.jboss.dashboard.ui.controller.ControllerServlet] (ServerService Thread Pool -- 53) Application Directory: /home/kpeeples/gitrepository/jbossdemocentral/dv-gettingstarted/target/dv/jboss-eap-6.3/dataVirtualization/teiid-dashboard/teiid-dashboard-builder.war/.
[0m[0m09:25:37,436 INFO  [org.jboss.dashboard.ui.controller.ControllerServlet] (ServerService Thread Pool -- 53) Application Config Directory: /home/kpeeples/gitrepository/jbossdemocentral/dv-gettingstarted/target/dv/jboss-eap-6.3/dataVirtualization/teiid-dashboard/teiid-dashboard-builder.war/./WEB-INF/etc
[0m[0m09:25:37,614 INFO  [org.jboss.dashboard.factory.Factory] (ServerService Thread Pool -- 53) Configuring Factory from directory: /home/kpeeples/gitrepository/jbossdemocentral/dv-gettingstarted/target/dv/jboss-eap-6.3/dataVirtualization/teiid-dashboard/teiid-dashboard-builder.war/./WEB-INF/etc/factory
[0m[0m09:25:37,865 INFO  [org.jboss.dashboard.factory.Factory] (ServerService Thread Pool -- 53) Factory configured.
[0m[0m09:25:38,379 INFO  [org.hibernate.cfg.Configuration] (ServerService Thread Pool -- 53) HHH000042: Configuring from file: hibernate.cfg.xml
[0m[0m09:25:38,482 INFO  [org.hibernate.cfg.Configuration] (ServerService Thread Pool -- 53) HHH000041: Configured SessionFactory: null
[0m[0m09:25:38,598 INFO  [org.jboss.dashboard.database.hibernate.HibernateInitializer] (ServerService Thread Pool -- 53) The underlying database is: h2
[0m[0m09:25:39,203 INFO  [org.hibernate.dialect.Dialect] (ServerService Thread Pool -- 53) HHH000400: Using dialect: org.hibernate.dialect.H2Dialect
[0m[33m09:25:39,213 WARN  [org.hibernate.dialect.H2Dialect] (ServerService Thread Pool -- 53) HHH000431: Unable to determine H2 database version, certain features may not work
[0m[0m09:25:39,490 INFO  [org.hibernate.engine.transaction.internal.TransactionFactoryInitiator] (ServerService Thread Pool -- 53) HHH000399: Using default transaction strategy (direct JDBC transactions)
[0m[0m09:25:39,501 INFO  [org.hibernate.hql.internal.ast.ASTQueryTranslatorFactory] (ServerService Thread Pool -- 53) HHH000397: Using ASTQueryTranslatorFactory
[0m[33m09:25:40,429 WARN  [org.jboss.dashboard.database.DatabaseAutoSynchronizer] (ServerService Thread Pool -- 53) Running file 1-create-h2.sql
[0m[0m09:25:41,305 INFO  [org.jboss.dashboard.workspace.GraphicElementManagerImpl] (ServerService Thread Pool -- 53) Starting org.jboss.dashboard.workspace.ResourceGalleryManagerImpl
[0m[0m09:25:41,356 INFO  [org.jboss.dashboard.workspace.PanelsProvidersManagerImpl] (ServerService Thread Pool -- 53) Loading panels. Scanning dir: /home/kpeeples/gitrepository/jbossdemocentral/dv-gettingstarted/target/dv/jboss-eap-6.3/dataVirtualization/teiid-dashboard/teiid-dashboard-builder.war/WEB-INF/etc/panels
[0m[0m09:25:41,374 INFO  [org.jboss.dashboard.workspace.PanelsProvidersManagerImpl] (ServerService Thread Pool -- 53) Reading file: /home/kpeeples/gitrepository/jbossdemocentral/dv-gettingstarted/target/dv/jboss-eap-6.3/dataVirtualization/teiid-dashboard/teiid-dashboard-builder.war/./WEB-INF/etc/panels/system/dataSourceManagement/DataSourceManager.panel
[0m[0m09:25:41,784 INFO  [org.jboss.dashboard.workspace.PanelsProvidersManagerImpl] (ServerService Thread Pool -- 53) Reading file: /home/kpeeples/gitrepository/jbossdemocentral/dv-gettingstarted/target/dv/jboss-eap-6.3/dataVirtualization/teiid-dashboard/teiid-dashboard-builder.war/./WEB-INF/etc/panels/system/dashboardExport/dashb_export.panel
[0m[0m09:25:41,807 INFO  [org.jboss.dashboard.workspace.PanelsProvidersManagerImpl] (ServerService Thread Pool -- 53) Reading file: /home/kpeeples/gitrepository/jbossdemocentral/dv-gettingstarted/target/dv/jboss-eap-6.3/dataVirtualization/teiid-dashboard/teiid-dashboard-builder.war/./WEB-INF/etc/panels/system/dashboardImport/dashb_import.panel
[0m[0m09:25:41,808 INFO  [org.jboss.dashboard.workspace.PanelsProvidersManagerImpl] (ServerService Thread Pool -- 53) Reading file: /home/kpeeples/gitrepository/jbossdemocentral/dv-gettingstarted/target/dv/jboss-eap-6.3/dataVirtualization/teiid-dashboard/teiid-dashboard-builder.war/./WEB-INF/etc/panels/system/workspaceExport/workspaceImportexport.panel
[0m[0m09:25:41,830 INFO  [org.jboss.dashboard.workspace.PanelsProvidersManagerImpl] (ServerService Thread Pool -- 53) Reading file: /home/kpeeples/gitrepository/jbossdemocentral/dv-gettingstarted/target/dv/jboss-eap-6.3/dataVirtualization/teiid-dashboard/teiid-dashboard-builder.war/./WEB-INF/etc/panels/dashboard/kpi/dashb_kpi.panel
[0m[0m09:25:41,870 INFO  [org.jboss.dashboard.workspace.PanelsProvidersManagerImpl] (ServerService Thread Pool -- 53) Reading file: /home/kpeeples/gitrepository/jbossdemocentral/dv-gettingstarted/target/dv/jboss-eap-6.3/dataVirtualization/teiid-dashboard/teiid-dashboard-builder.war/./WEB-INF/etc/panels/dashboard/dataProviderManager/dashb_providermgr.panel
[0m[0m09:25:41,872 INFO  [org.jboss.dashboard.workspace.PanelsProvidersManagerImpl] (ServerService Thread Pool -- 53) Reading file: /home/kpeeples/gitrepository/jbossdemocentral/dv-gettingstarted/target/dv/jboss-eap-6.3/dataVirtualization/teiid-dashboard/teiid-dashboard-builder.war/./WEB-INF/etc/panels/dashboard/dashboardFilter/dashb_filter.panel
[0m[0m09:25:41,917 INFO  [org.jboss.dashboard.workspace.PanelsProvidersManagerImpl] (ServerService Thread Pool -- 53) Reading file: /home/kpeeples/gitrepository/jbossdemocentral/dv-gettingstarted/target/dv/jboss-eap-6.3/dataVirtualization/teiid-dashboard/teiid-dashboard-builder.war/./WEB-INF/etc/panels/dashboard/htmlEditor/dashb_html_editor.panel
[0m[0m09:25:41,940 INFO  [org.jboss.dashboard.workspace.PanelsProvidersManagerImpl] (ServerService Thread Pool -- 53) Reading file: /home/kpeeples/gitrepository/jbossdemocentral/dv-gettingstarted/target/dv/jboss-eap-6.3/dataVirtualization/teiid-dashboard/teiid-dashboard-builder.war/./WEB-INF/etc/panels/navigation/navigator_sections_vert.panel
[0m[0m09:25:41,964 INFO  [org.jboss.dashboard.workspace.PanelsProvidersManagerImpl] (ServerService Thread Pool -- 53) Reading file: /home/kpeeples/gitrepository/jbossdemocentral/dv-gettingstarted/target/dv/jboss-eap-6.3/dataVirtualization/teiid-dashboard/teiid-dashboard-builder.war/./WEB-INF/etc/panels/navigation/navigator_workspace_vert.panel
[0m[0m09:25:41,969 INFO  [org.jboss.dashboard.workspace.PanelsProvidersManagerImpl] (ServerService Thread Pool -- 53) Reading file: /home/kpeeples/gitrepository/jbossdemocentral/dv-gettingstarted/target/dv/jboss-eap-6.3/dataVirtualization/teiid-dashboard/teiid-dashboard-builder.war/./WEB-INF/etc/panels/navigation/navigator_sections_horiz.panel
[0m[0m09:25:41,977 INFO  [org.jboss.dashboard.workspace.PanelsProvidersManagerImpl] (ServerService Thread Pool -- 53) Reading file: /home/kpeeples/gitrepository/jbossdemocentral/dv-gettingstarted/target/dv/jboss-eap-6.3/dataVirtualization/teiid-dashboard/teiid-dashboard-builder.war/./WEB-INF/etc/panels/navigation/navigator_sections.panel
[0m[0m09:25:41,983 INFO  [org.jboss.dashboard.workspace.PanelsProvidersManagerImpl] (ServerService Thread Pool -- 53) Reading file: /home/kpeeples/gitrepository/jbossdemocentral/dv-gettingstarted/target/dv/jboss-eap-6.3/dataVirtualization/teiid-dashboard/teiid-dashboard-builder.war/./WEB-INF/etc/panels/navigation/navigator_language_horiz.panel
[0m[0m09:25:42,000 INFO  [org.jboss.dashboard.workspace.PanelsProvidersManagerImpl] (ServerService Thread Pool -- 53) Reading file: /home/kpeeples/gitrepository/jbossdemocentral/dv-gettingstarted/target/dv/jboss-eap-6.3/dataVirtualization/teiid-dashboard/teiid-dashboard-builder.war/./WEB-INF/etc/panels/navigation/breadCrumb/breadCrumb.panel
[0m[0m09:25:42,026 INFO  [org.jboss.dashboard.workspace.PanelsProvidersManagerImpl] (ServerService Thread Pool -- 53) Reading file: /home/kpeeples/gitrepository/jbossdemocentral/dv-gettingstarted/target/dv/jboss-eap-6.3/dataVirtualization/teiid-dashboard/teiid-dashboard-builder.war/./WEB-INF/etc/panels/navigation/navigator_workspace.panel
[0m[0m09:25:42,031 INFO  [org.jboss.dashboard.workspace.PanelsProvidersManagerImpl] (ServerService Thread Pool -- 53) Reading file: /home/kpeeples/gitrepository/jbossdemocentral/dv-gettingstarted/target/dv/jboss-eap-6.3/dataVirtualization/teiid-dashboard/teiid-dashboard-builder.war/./WEB-INF/etc/panels/navigation/navigator_workspace_horiz.panel
[0m[0m09:25:42,046 INFO  [org.jboss.dashboard.workspace.PanelsProvidersManagerImpl] (ServerService Thread Pool -- 53) Reading file: /home/kpeeples/gitrepository/jbossdemocentral/dv-gettingstarted/target/dv/jboss-eap-6.3/dataVirtualization/teiid-dashboard/teiid-dashboard-builder.war/./WEB-INF/etc/panels/navigation/logout/logout.panel
[0m[0m09:25:42,066 INFO  [org.jboss.dashboard.workspace.PanelsProvidersManagerImpl] (ServerService Thread Pool -- 53) Reading file: /home/kpeeples/gitrepository/jbossdemocentral/dv-gettingstarted/target/dv/jboss-eap-6.3/dataVirtualization/teiid-dashboard/teiid-dashboard-builder.war/./WEB-INF/etc/panels/navigation/tree/treeMenu.panel
[0m[0m09:25:43,130 INFO  [org.jboss.dashboard.workspace.GraphicElementManagerImpl] (ServerService Thread Pool -- 53) Starting org.jboss.dashboard.workspace.SkinsManagerImpl
[0m[0m09:25:43,151 INFO  [org.jboss.dashboard.workspace.GraphicElementManagerImpl] (ServerService Thread Pool -- 53) Deploying to database Skin /home/kpeeples/gitrepository/jbossdemocentral/dv-gettingstarted/target/dv/jboss-eap-6.3/dataVirtualization/teiid-dashboard/teiid-dashboard-builder.war/./WEB-INF/etc/skins/Default_Skin.zip
[0m[0m09:25:43,257 INFO  [org.jboss.dashboard.ui.resources.GraphicElement] (ServerService Thread Pool -- 53) Deploying files for org.jboss.dashboard.ui.resources.Skin Default_Skin
[0m[0m09:25:43,361 INFO  [org.jboss.dashboard.workspace.GraphicElementManagerImpl] (ServerService Thread Pool -- 53) Starting org.jboss.dashboard.workspace.EnvelopesManagerImpl
[0m[0m09:25:43,384 INFO  [org.jboss.dashboard.workspace.GraphicElementManagerImpl] (ServerService Thread Pool -- 53) Deploying to database Envelope /home/kpeeples/gitrepository/jbossdemocentral/dv-gettingstarted/target/dv/jboss-eap-6.3/dataVirtualization/teiid-dashboard/teiid-dashboard-builder.war/./WEB-INF/etc/envelopes/Default_Envelope.zip
[0m[0m09:25:43,480 INFO  [org.jboss.dashboard.ui.resources.GraphicElement] (ServerService Thread Pool -- 53) Deploying files for org.jboss.dashboard.ui.resources.Envelope Default_Envelope
[0m[0m09:25:43,585 INFO  [org.jboss.dashboard.workspace.GraphicElementManagerImpl] (ServerService Thread Pool -- 53) Starting org.jboss.dashboard.workspace.LayoutsManagerImpl
[0m[0m09:25:43,622 INFO  [org.jboss.dashboard.workspace.GraphicElementManagerImpl] (ServerService Thread Pool -- 53) Deploying to database Layout /home/kpeeples/gitrepository/jbossdemocentral/dv-gettingstarted/target/dv/jboss-eap-6.3/dataVirtualization/teiid-dashboard/teiid-dashboard-builder.war/./WEB-INF/etc/layouts/Default_template_with_sliding_menu.zip
[0m[0m09:25:43,731 INFO  [org.jboss.dashboard.workspace.GraphicElementManagerImpl] (ServerService Thread Pool -- 53) Deploying to database Layout /home/kpeeples/gitrepository/jbossdemocentral/dv-gettingstarted/target/dv/jboss-eap-6.3/dataVirtualization/teiid-dashboard/teiid-dashboard-builder.war/./WEB-INF/etc/layouts/Template_75-25.zip
[0m[0m09:25:43,798 INFO  [org.jboss.dashboard.workspace.GraphicElementManagerImpl] (ServerService Thread Pool -- 53) Deploying to database Layout /home/kpeeples/gitrepository/jbossdemocentral/dv-gettingstarted/target/dv/jboss-eap-6.3/dataVirtualization/teiid-dashboard/teiid-dashboard-builder.war/./WEB-INF/etc/layouts/Template_25-50-25.zip
[0m[0m09:25:43,863 INFO  [org.jboss.dashboard.workspace.GraphicElementManagerImpl] (ServerService Thread Pool -- 53) Deploying to database Layout /home/kpeeples/gitrepository/jbossdemocentral/dv-gettingstarted/target/dv/jboss-eap-6.3/dataVirtualization/teiid-dashboard/teiid-dashboard-builder.war/./WEB-INF/etc/layouts/Template_25-75.zip
[0m[0m09:25:43,925 INFO  [org.jboss.dashboard.workspace.GraphicElementManagerImpl] (ServerService Thread Pool -- 53) Deploying to database Layout /home/kpeeples/gitrepository/jbossdemocentral/dv-gettingstarted/target/dv/jboss-eap-6.3/dataVirtualization/teiid-dashboard/teiid-dashboard-builder.war/./WEB-INF/etc/layouts/Default_Layout.zip
[0m[0m09:25:43,983 INFO  [org.jboss.dashboard.ui.resources.GraphicElement] (ServerService Thread Pool -- 53) Deploying files for org.jboss.dashboard.ui.resources.Layout Default_Layout
[0m[0m09:25:44,004 INFO  [org.jboss.dashboard.ui.resources.GraphicElement] (ServerService Thread Pool -- 53) Deploying files for org.jboss.dashboard.ui.resources.Layout Default_template_with_sliding_menu
[0m[0m09:25:44,015 INFO  [org.jboss.dashboard.ui.resources.GraphicElement] (ServerService Thread Pool -- 53) Deploying files for org.jboss.dashboard.ui.resources.Layout Template_25-50-25
[0m[0m09:25:44,016 INFO  [org.jboss.dashboard.ui.resources.GraphicElement] (ServerService Thread Pool -- 53) Deploying files for org.jboss.dashboard.ui.resources.Layout Template_25-75
[0m[0m09:25:44,021 INFO  [org.jboss.dashboard.ui.resources.GraphicElement] (ServerService Thread Pool -- 53) Deploying files for org.jboss.dashboard.ui.resources.Layout Template_75-25
[0m[0m09:25:44,045 INFO  [javax.enterprise.resource.webservices.jaxws.servlet.http] (ServerService Thread Pool -- 57) WSSERVLET14: JAX-WS servlet initializing
[0m[0m09:25:44,129 INFO  [org.jboss.dashboard.cluster.ClusterNodesManager] (ServerService Thread Pool -- 53) Registering cluster node with ip address 10.0.2.15
[0m[0m09:25:44,202 INFO  [org.jboss.dashboard.cluster.ClusterNodesManager] (ServerService Thread Pool -- 53) Successfully registered cluster node with ip address 10.0.2.15 and identifier 1016
[0m[0m09:25:44,395 INFO  [org.jboss.dashboard.kpi.KPIInitialModule] (ServerService Thread Pool -- 53) Parsing KPI's XML file: WEB-INF/etc/appdata/initialData/showcaseKPIs.xml
[0m[0m09:25:48,366 INFO  [org.jboss.dashboard.kpi.KPIInitialModule] (ServerService Thread Pool -- 53) BAM_00000 - Data provider created. dataprovider_63791223772073037, Expense reports demo.
[0m[0m09:25:48,369 INFO  [org.jboss.dashboard.kpi.KPIInitialModule] (ServerService Thread Pool -- 53) BAM_00000 - Data provider created. dataprovider_29881353499006573, Sales dashboard demo.
[0m[0m09:25:48,369 INFO  [org.jboss.dashboard.kpi.KPIInitialModule] (ServerService Thread Pool -- 53) BAM_00001 - Business indicator created. kpi_30041353504912610, Opportunities by employee.
[0m[0m09:25:48,369 INFO  [org.jboss.dashboard.kpi.KPIInitialModule] (ServerService Thread Pool -- 53) BAM_00001 - Business indicator created. kpi_30771353684719633, - New indicator -.
[0m[0m09:25:48,369 INFO  [org.jboss.dashboard.kpi.KPIInitialModule] (ServerService Thread Pool -- 53) BAM_00001 - Business indicator created. kpi_30331353506453066, By sales person.
[0m[0m09:25:48,370 INFO  [org.jboss.dashboard.kpi.KPIInitialModule] (ServerService Thread Pool -- 53) BAM_00001 - Business indicator created. kpi_30861353687605533, Amount by probability (%).
[0m[0m09:25:48,370 INFO  [org.jboss.dashboard.kpi.KPIInitialModule] (ServerService Thread Pool -- 53) BAM_00001 - Business indicator created. kpi_30831353686700387, By product.
[0m[0m09:25:48,370 INFO  [org.jboss.dashboard.kpi.KPIInitialModule] (ServerService Thread Pool -- 53) BAM_00001 - Business indicator created. kpi_30101353505177974, Opportunities by country.
[0m[0m09:25:48,370 INFO  [org.jboss.dashboard.kpi.KPIInitialModule] (ServerService Thread Pool -- 53) BAM_00001 - Business indicator created. kpi_30011353503663716, Opportunities by status.
[0m[0m09:25:48,370 INFO  [org.jboss.dashboard.kpi.KPIInitialModule] (ServerService Thread Pool -- 53) BAM_00001 - Business indicator created. kpi_30621353683547916, Sales evolution.
[0m[0m09:25:48,370 INFO  [org.jboss.dashboard.kpi.KPIInitialModule] (ServerService Thread Pool -- 53) BAM_00001 - Business indicator created. kpi_21591363786594721, Amount by status .
[0m[0m09:25:48,373 INFO  [org.jboss.dashboard.kpi.KPIInitialModule] (ServerService Thread Pool -- 53) BAM_00001 - Business indicator created. kpi_30391353506887646, By product.
[0m[0m09:25:48,373 INFO  [org.jboss.dashboard.kpi.KPIInitialModule] (ServerService Thread Pool -- 53) BAM_00001 - Business indicator created. kpi_63901223772516707, Expenses by office USD.
[0m[0m09:25:48,373 INFO  [org.jboss.dashboard.kpi.KPIInitialModule] (ServerService Thread Pool -- 53) BAM_00001 - Business indicator created. kpi_30301353506280659, Expected pipeline.
[0m[0m09:25:48,373 INFO  [org.jboss.dashboard.kpi.KPIInitialModule] (ServerService Thread Pool -- 53) BAM_00001 - Business indicator created. kpi_29761353668431694, Sales report table.
[0m[0m09:25:48,374 INFO  [org.jboss.dashboard.kpi.KPIInitialModule] (ServerService Thread Pool -- 53) BAM_00001 - Business indicator created. kpi_30461354643057084, Expenses by user.
[0m[0m09:25:48,374 INFO  [org.jboss.dashboard.kpi.KPIInitialModule] (ServerService Thread Pool -- 53) BAM_00001 - Business indicator created. kpi_30441353507392054, Opportunities by closing date (USD).
[0m[0m09:25:48,374 INFO  [org.jboss.dashboard.kpi.KPIInitialModule] (ServerService Thread Pool -- 53) BAM_00001 - Business indicator created. kpi_30801353685378049, By customer.
[0m[0m09:25:48,374 INFO  [org.jboss.dashboard.kpi.KPIInitialModule] (ServerService Thread Pool -- 53) BAM_00001 - Business indicator created. kpi_30281353675541472, By country.
[0m[0m09:25:48,374 INFO  [org.jboss.dashboard.kpi.KPIInitialModule] (ServerService Thread Pool -- 53) BAM_00001 - Business indicator created. kpi_30651353683614640, By sales person.
[0m[0m09:25:48,374 INFO  [org.jboss.dashboard.kpi.KPIInitialModule] (ServerService Thread Pool -- 53) BAM_00001 - Business indicator created. kpi_30361353506582145, By status.
[0m[0m09:25:48,374 INFO  [org.jboss.dashboard.kpi.KPIInitialModule] (ServerService Thread Pool -- 53) BAM_00001 - Business indicator created. kpi_64061223773274641, Expense reports table.
[0m[0m09:25:48,375 INFO  [org.jboss.dashboard.kpi.KPIInitialModule] (ServerService Thread Pool -- 53) BAM_00001 - Business indicator created. kpi_63931223772633377, Expenses by department USD.
[0m[0m09:25:48,382 INFO  [org.jboss.dashboard.kpi.KPIInitialModule] (ServerService Thread Pool -- 53) BAM_00001 - Business indicator created. kpi_64011223773089901, Expense evolution.
[0m[0m09:25:48,382 INFO  [org.jboss.dashboard.kpi.KPIInitialModule] (ServerService Thread Pool -- 53) BAM_00001 - Business indicator created. kpi_30251353675275870, Pipeline status.
[0m[0m09:25:51,820 INFO  [org.jboss.dashboard.kpi.KPIInitialModule] (ServerService Thread Pool -- 53) Parsing KPI's XML file: WEB-INF/etc/appdata/initialData/kpiLogging.xml
[0m[0m09:25:53,518 INFO  [org.jboss.dashboard.kpi.KPIInitialModule] (ServerService Thread Pool -- 53) BAM_00000 - Data provider created. dataprovider_84341401722402006, AuditLoggingTable.
[0m[0m09:25:53,523 INFO  [org.jboss.dashboard.kpi.KPIInitialModule] (ServerService Thread Pool -- 53) BAM_00000 - Data provider created. dataprovider_10951401722888067, Command Logging.
[0m[0m09:25:53,523 INFO  [org.jboss.dashboard.kpi.KPIInitialModule] (ServerService Thread Pool -- 53) BAM_00001 - Business indicator created. kpi_16821401722967869, Command Log Contents.
[0m[0m09:25:53,523 INFO  [org.jboss.dashboard.kpi.KPIInitialModule] (ServerService Thread Pool -- 53) BAM_00001 - Business indicator created. kpi_16671401722531063, Logging Contents.
[0m[0m09:25:54,174 INFO  [org.jboss.as.server] (Controller Boot Thread) JBAS018559: Deployed "database-service.jar" (runtime-name : "database-service.jar")
[0m[0m09:25:54,175 INFO  [org.jboss.as.server] (Controller Boot Thread) JBAS018559: Deployed "ModeShape.vdb" (runtime-name : "ModeShape.vdb")
[0m[0m09:25:54,175 INFO  [org.jboss.as.server] (Controller Boot Thread) JBAS018559: Deployed "teiid-dashboard-builder.war" (runtime-name : "teiid-dashboard-builder.war")
[0m[0m09:25:54,180 INFO  [org.jboss.as.server] (ServerService Thread Pool -- 28) JBAS018559: Deployed "CustomerContextVDB.vdb" (runtime-name : "CustomerContextVDB.vdb")
[0m[0m09:25:54,180 INFO  [org.jboss.as.server] (ServerService Thread Pool -- 28) JBAS018559: Deployed "integration-platform-console.war" (runtime-name : "integration-platform-console.war")
[0m[0m09:25:54,181 INFO  [org.jboss.as.server] (ServerService Thread Pool -- 50) JBAS018559: Deployed "modeshape-cmis.war" (runtime-name : "modeshape-cmis.war")
[0m[0m09:25:54,181 INFO  [org.jboss.as.server] (ServerService Thread Pool -- 50) JBAS018559: Deployed "modeshape-webdav.war" (runtime-name : "modeshape-webdav.war")
[0m[0m09:25:54,181 INFO  [org.jboss.as.server] (ServerService Thread Pool -- 50) JBAS018559: Deployed "modeshape-rest.war" (runtime-name : "modeshape-rest.war")
[0m[0m09:25:54,182 INFO  [org.jboss.as.server] (ServerService Thread Pool -- 51) JBAS018559: Deployed "teiid-odata-8.7.1.redhat-8.war" (runtime-name : "teiid-odata-8.7.1.redhat-8.war")
[0m[0m09:25:54,260 INFO  [org.jboss.as] (Controller Boot Thread) JBAS015961: Http management interface listening on http://0.0.0.0:9990/management
[0m[0m09:25:54,266 INFO  [org.jboss.as] (Controller Boot Thread) JBAS015951: Admin console listening on http://0.0.0.0:9990
[0m[0m09:25:54,274 INFO  [org.jboss.as] (Controller Boot Thread) JBAS015874: JBoss Red Hat JBoss Data Virtualization 6.1.0 (AS 7.4.3.Final-redhat-2) started in 42379ms - Started 1013 of 1055 services (110 services are lazy, passive or on-demand)
[0m[0m09:26:06,200 INFO  [org.odata4j.producer.resources.EntityRequestResource] (http-/0.0.0.0:8080-1) getEntity(CustomerContextTable,('123'),null,null)
[0m[33m15:26:11,716 WARN  [org.teiid.SECURITY] (New I/O worker #1) TEIID40011 Processing exception 'TEIID50072 The username "teiidUser" and/or password and/or payload token could not be authenticated by any membership domain.' for session null.  Exception type org.teiid.client.security.LogonException thrown from org.teiid.jboss.JBossSessionService.authenticate(JBossSessionService.java:74). Enable more detailed logging to see the entire stacktrace.
[0m[33m15:26:11,717 WARN  [org.teiid.SECURITY] (New I/O worker #3) TEIID40011 Processing exception 'TEIID50072 The username "teiidUser" and/or password and/or payload token could not be authenticated by any membership domain.' for session null.  Exception type org.teiid.client.security.LogonException thrown from org.teiid.jboss.JBossSessionService.authenticate(JBossSessionService.java:74). Enable more detailed logging to see the entire stacktrace.
[0m../target/dv/jboss-eap-6.3/bin/standalone.sh: line 281: 14406 Killed                  "java" -D"[Standalone]" -server -XX:+UseCompressedOops -verbose:gc -Xloggc:"/home/kpeeples/gitrepository/jbossdemocentral/dv-gettingstarted/target/dv/jboss-eap-6.3/standalone/log/gc.log" -XX:+PrintGCDetails -XX:+PrintGCDateStamps -XX:+UseGCLogFileRotation -XX:NumberOfGCLogFiles=5 -XX:GCLogFileSize=3M -XX:-TraceClassUnloading -Xms1302m -Xmx1302m -XX:MaxPermSize=256m -Djava.net.preferIPv4Stack=true -Djboss.modules.system.pkgs=org.jboss.byteman -Djava.awt.headless=true -Djboss.modules.policy-permissions=true "-Dorg.jboss.boot.log.file=/home/kpeeples/gitrepository/jbossdemocentral/dv-gettingstarted/target/dv/jboss-eap-6.3/standalone/log/server.log" "-Dlogging.configuration=file:/home/kpeeples/gitrepository/jbossdemocentral/dv-gettingstarted/target/dv/jboss-eap-6.3/standalone/configuration/logging.properties" -jar "/home/kpeeples/gitrepository/jbossdemocentral/dv-gettingstarted/target/dv/jboss-eap-6.3/jboss-modules.jar" -mp "/home/kpeeples/gitrepository/jbossdemocentral/dv-gettingstarted/target/dv/jboss-eap-6.3/modules" -jaxpmodule javax.xml.jaxp-provider org.jboss.as.standalone -Djboss.home.dir="/home/kpeeples/gitrepository/jbossdemocentral/dv-gettingstarted/target/dv/jboss-eap-6.3" -Djboss.server.base.dir="/home/kpeeples/gitrepository/jbossdemocentral/dv-gettingstarted/target/dv/jboss-eap-6.3/standalone" "-b" "0.0.0.0" "-bmanagement" "0.0.0.0"
